slurmstepd: error: task/cgroup: unable to add task[pid=254790] to memory cg '(null)'
slurmstepd: error: xcgroup_instantiate: unable to create cgroup '/sys/fs/cgroup/memory/slurm/uid_2007' : Cannot allocate memory
slurmstepd: error: jobacct_gather/cgroup: unable to instanciate user 2007 memory cgroup

Lmod is automatically replacing "intel/18.0" with "gcc/5.5.0".


Due to MODULEPATH changes, the following have been reloaded:
  1) openmpi/3.1

Variables imported
{0.81..0.99..0.2} as Maximal Info Strictness
{0.81..0.99..0.2} with all_rawreads
TrimmomaticPE: Started with arguments:
 -threads 8 -phred33 /home-4/yzhan231@jhu.edu/work/yuezhang/RockCreek/yzhan231_rock_creek_shotgun_p1_analysis/yzhan231_rock_creek_shotgun_p1/PreheimLab_metagenomics_SOP/analysis/FASTQ/all_rawreads_1.fastq /home-4/yzhan231@jhu.edu/work/yuezhang/RockCreek/yzhan231_rock_creek_shotgun_p1_analysis/yzhan231_rock_creek_shotgun_p1/PreheimLab_metagenomics_SOP/analysis/FASTQ/all_rawreads_2.fastq /home-4/yzhan231@jhu.edu/work/yuezhang/RockCreek/yzhan231_rock_creek_shotgun_p1_analysis/yzhan231_rock_creek_shotgun_p1/PreheimLab_metagenomics_SOP/analysis/Trimmed_FASTQ/MI_crop_{0.81..0.99..0.2}/all_rawreads_1.fastq /home-4/yzhan231@jhu.edu/work/yuezhang/RockCreek/yzhan231_rock_creek_shotgun_p1_analysis/yzhan231_rock_creek_shotgun_p1/PreheimLab_metagenomics_SOP/analysis/Trimmed_FASTQ/MI_crop_{0.81..0.99..0.2}/all_rawreads_s1.fastq /home-4/yzhan231@jhu.edu/work/yuezhang/RockCreek/yzhan231_rock_creek_shotgun_p1_analysis/yzhan231_rock_creek_shotgun_p1/PreheimLab_metagenomics_SOP/analysis/Trimmed_FASTQ/MI_crop_{0.81..0.99..0.2}/all_rawreads_2.fastq /home-4/yzhan231@jhu.edu/work/yuezhang/RockCreek/yzhan231_rock_creek_shotgun_p1_analysis/yzhan231_rock_creek_shotgun_p1/PreheimLab_metagenomics_SOP/analysis/Trimmed_FASTQ/MI_crop_{0.81..0.99..0.2}/all_rawreads_s2.fastq ILLUMINACLIP:/home-4/yzhan231@jhu.edu/work/yuezhang/RockCreek/yzhan231_rock_creek_shotgun_p1_analysis/yzhan231_rock_creek_shotgun_p1/PreheimLab_metagenomics_SOP/db/NexteraPE-PE.fa:2:30:10 LEADING:3 TRAILING:3 MAXINFO:40:{0.81..0.99..0.2} CROP:210 HEADCROP:20 MINLEN:50
Using PrefixPair: 'AGATGTGTATAAGAGACAG' and 'AGATGTGTATAAGAGACAG'
Using Long Clipping Sequence: 'GTCTCGTGGGCTCGGAGATGTGTATAAGAGACAG'
Using Long Clipping Sequence: 'TCGTCGGCAGCGTCAGATGTGTATAAGAGACAG'
Using Long Clipping Sequence: 'CTGTCTCTTATACACATCTCCGAGCCCACGAGAC'
Using Long Clipping Sequence: 'CTGTCTCTTATACACATCTGACGCTGCCGACGA'
ILLUMINACLIP: Using 1 prefix pairs, 4 forward/reverse sequences, 0 forward only sequences, 0 reverse only sequences
Exception in thread "main" java.lang.NumberFormatException: For input string: "{0.81..0.99..0.2}"
	at java.base/jdk.internal.math.FloatingDecimal.readJavaFormatString(FloatingDecimal.java:2054)
	at java.base/jdk.internal.math.FloatingDecimal.parseFloat(FloatingDecimal.java:122)
	at java.base/java.lang.Float.parseFloat(Float.java:461)
	at org.usadellab.trimmomatic.trim.MaximumInformationTrimmer.<init>(MaximumInformationTrimmer.java:47)
	at org.usadellab.trimmomatic.trim.TrimmerFactory.makeTrimmer(TrimmerFactory.java:53)
	at org.usadellab.trimmomatic.Trimmomatic.createTrimmers(Trimmomatic.java:59)
	at org.usadellab.trimmomatic.TrimmomaticPE.run(TrimmomaticPE.java:552)
	at org.usadellab.trimmomatic.Trimmomatic.main(Trimmomatic.java:80)
{0.81..0.99..0.2} with zymo
TrimmomaticPE: Started with arguments:
 -threads 8 -phred33 /home-4/yzhan231@jhu.edu/work/yuezhang/RockCreek/yzhan231_rock_creek_shotgun_p1_analysis/yzhan231_rock_creek_shotgun_p1/PreheimLab_metagenomics_SOP/analysis/FASTQ/zymo_1.fastq /home-4/yzhan231@jhu.edu/work/yuezhang/RockCreek/yzhan231_rock_creek_shotgun_p1_analysis/yzhan231_rock_creek_shotgun_p1/PreheimLab_metagenomics_SOP/analysis/FASTQ/zymo_2.fastq /home-4/yzhan231@jhu.edu/work/yuezhang/RockCreek/yzhan231_rock_creek_shotgun_p1_analysis/yzhan231_rock_creek_shotgun_p1/PreheimLab_metagenomics_SOP/analysis/Trimmed_FASTQ/MI_crop_{0.81..0.99..0.2}/zymo_1.fastq /home-4/yzhan231@jhu.edu/work/yuezhang/RockCreek/yzhan231_rock_creek_shotgun_p1_analysis/yzhan231_rock_creek_shotgun_p1/PreheimLab_metagenomics_SOP/analysis/Trimmed_FASTQ/MI_crop_{0.81..0.99..0.2}/zymo_s1.fastq /home-4/yzhan231@jhu.edu/work/yuezhang/RockCreek/yzhan231_rock_creek_shotgun_p1_analysis/yzhan231_rock_creek_shotgun_p1/PreheimLab_metagenomics_SOP/analysis/Trimmed_FASTQ/MI_crop_{0.81..0.99..0.2}/zymo_2.fastq /home-4/yzhan231@jhu.edu/work/yuezhang/RockCreek/yzhan231_rock_creek_shotgun_p1_analysis/yzhan231_rock_creek_shotgun_p1/PreheimLab_metagenomics_SOP/analysis/Trimmed_FASTQ/MI_crop_{0.81..0.99..0.2}/zymo_s2.fastq ILLUMINACLIP:/home-4/yzhan231@jhu.edu/work/yuezhang/RockCreek/yzhan231_rock_creek_shotgun_p1_analysis/yzhan231_rock_creek_shotgun_p1/PreheimLab_metagenomics_SOP/db/NexteraPE-PE.fa:2:30:10 LEADING:3 TRAILING:3 MAXINFO:40:{0.81..0.99..0.2} CROP:210 HEADCROP:20 MINLEN:50
Using PrefixPair: 'AGATGTGTATAAGAGACAG' and 'AGATGTGTATAAGAGACAG'
Using Long Clipping Sequence: 'GTCTCGTGGGCTCGGAGATGTGTATAAGAGACAG'
Using Long Clipping Sequence: 'TCGTCGGCAGCGTCAGATGTGTATAAGAGACAG'
Using Long Clipping Sequence: 'CTGTCTCTTATACACATCTCCGAGCCCACGAGAC'
Using Long Clipping Sequence: 'CTGTCTCTTATACACATCTGACGCTGCCGACGA'
ILLUMINACLIP: Using 1 prefix pairs, 4 forward/reverse sequences, 0 forward only sequences, 0 reverse only sequences
Exception in thread "main" java.lang.NumberFormatException: For input string: "{0.81..0.99..0.2}"
	at java.base/jdk.internal.math.FloatingDecimal.readJavaFormatString(FloatingDecimal.java:2054)
	at java.base/jdk.internal.math.FloatingDecimal.parseFloat(FloatingDecimal.java:122)
	at java.base/java.lang.Float.parseFloat(Float.java:461)
	at org.usadellab.trimmomatic.trim.MaximumInformationTrimmer.<init>(MaximumInformationTrimmer.java:47)
	at org.usadellab.trimmomatic.trim.TrimmerFactory.makeTrimmer(TrimmerFactory.java:53)
	at org.usadellab.trimmomatic.Trimmomatic.createTrimmers(Trimmomatic.java:59)
	at org.usadellab.trimmomatic.TrimmomaticPE.run(TrimmomaticPE.java:552)
	at org.usadellab.trimmomatic.Trimmomatic.main(Trimmomatic.java:80)
