Variables imported
/home/yzhan231/scratch4-sprehei1/yuezhang/RockCreek/yzhan231_rock_creek_shotgun_p1_analysis/yzhan231_rock_creek_shotgun_p1/PreheimLab_metagenomics_SOP/analysis/FASTQ/20190709-RC1-AM-BOTTOM_1.fastq
/home/yzhan231/scratch4-sprehei1/yuezhang/RockCreek/yzhan231_rock_creek_shotgun_p1_analysis/yzhan231_rock_creek_shotgun_p1/PreheimLab_metagenomics_SOP/analysis/FASTQ/20190709-RC1-AM-BOTTOM_2.fastq
20190709-RC1-AM-BOTTOM_1.fastq
20190709-RC1-AM-BOTTOM
triming 20190709-RC1-AM-BOTTOM
Usage: 
       PE [-version] [-threads <threads>] [-phred33|-phred64] [-trimlog <trimLogFile>] [-summary <statsSummaryFile>] [-quiet] [-validatePairs] [-basein <inputBase> | <inputFile1> <inputFile2>] [-baseout <outputBase> | <outputFile1P> <outputFile1U> <outputFile2P> <outputFile2U>] <trimmer1>...
   or: 
       SE [-version] [-threads <threads>] [-phred33|-phred64] [-trimlog <trimLogFile>] [-summary <statsSummaryFile>] [-quiet] <inputFile> <outputFile> <trimmer1>...
   or: 
       -version
TrimmomaticPE: Started with arguments:
 -threads 8 -phred33 /home/yzhan231/scratch4-sprehei1/yuezhang/RockCreek/yzhan231_rock_creek_shotgun_p1_analysis/yzhan231_rock_creek_shotgun_p1/PreheimLab_metagenomics_SOP/analysis/FASTQ/20190709-RC1-AM-BOTTOM_1.fastq /home/yzhan231/scratch4-sprehei1/yuezhang/RockCreek/yzhan231_rock_creek_shotgun_p1_analysis/yzhan231_rock_creek_shotgun_p1/PreheimLab_metagenomics_SOP/analysis/FASTQ/20190709-RC1-AM-BOTTOM_2.fastq /home/yzhan231/scratch4-sprehei1/yuezhang/RockCreek/yzhan231_rock_creek_shotgun_p1_analysis/yzhan231_rock_creek_shotgun_p1/PreheimLab_metagenomics_SOP/analysis/Trimmed_FASTQ/assembled/SW_28/separated_trimmed_files/20190709-RC1-AM-BOTTOM_1.fastq /home/yzhan231/scratch4-sprehei1/yuezhang/RockCreek/yzhan231_rock_creek_shotgun_p1_analysis/yzhan231_rock_creek_shotgun_p1/PreheimLab_metagenomics_SOP/analysis/Trimmed_FASTQ/assembled/SW_28/separated_trimmed_files/20190709-RC1-AM-BOTTOM_s1.fastq /home/yzhan231/scratch4-sprehei1/yuezhang/RockCreek/yzhan231_rock_creek_shotgun_p1_analysis/yzhan231_rock_creek_shotgun_p1/PreheimLab_metagenomics_SOP/analysis/Trimmed_FASTQ/assembled/SW_28/separated_trimmed_files/20190709-RC1-AM-BOTTOM_2.fastq /home/yzhan231/scratch4-sprehei1/yuezhang/RockCreek/yzhan231_rock_creek_shotgun_p1_analysis/yzhan231_rock_creek_shotgun_p1/PreheimLab_metagenomics_SOP/analysis/Trimmed_FASTQ/assembled/SW_28/separated_trimmed_files/20190709-RC1-AM-BOTTOM_s2.fastq ILLUMINACLIP:/home/yzhan231/scratch4-sprehei1/yuezhang/RockCreek/yzhan231_rock_creek_shotgun_p1_analysis/yzhan231_rock_creek_shotgun_p1/PreheimLab_metagenomics_SOP/db/NexteraPE-PE.fa:2:30:10 LEADING:3 TRAILING:3 SLIDINGWINDOW:4:28 CROP:210 HEADCROP:20 MINLEN:50
Using PrefixPair: 'AGATGTGTATAAGAGACAG' and 'AGATGTGTATAAGAGACAG'
Using Long Clipping Sequence: 'GTCTCGTGGGCTCGGAGATGTGTATAAGAGACAG'
Using Long Clipping Sequence: 'TCGTCGGCAGCGTCAGATGTGTATAAGAGACAG'
Using Long Clipping Sequence: 'CTGTCTCTTATACACATCTCCGAGCCCACGAGAC'
Using Long Clipping Sequence: 'CTGTCTCTTATACACATCTGACGCTGCCGACGA'
ILLUMINACLIP: Using 1 prefix pairs, 4 forward/reverse sequences, 0 forward only sequences, 0 reverse only sequences
Input Read Pairs: 1721566 Both Surviving: 86734 (5.04%) Forward Only Surviving: 1150989 (66.86%) Reverse Only Surviving: 1630 (0.09%) Dropped: 482213 (28.01%)
TrimmomaticPE: Completed successfully
/home/yzhan231/scratch4-sprehei1/yuezhang/RockCreek/yzhan231_rock_creek_shotgun_p1_analysis/yzhan231_rock_creek_shotgun_p1/PreheimLab_metagenomics_SOP/analysis/FASTQ/20190709-RC7-AM-BOTTOM_1.fastq
/home/yzhan231/scratch4-sprehei1/yuezhang/RockCreek/yzhan231_rock_creek_shotgun_p1_analysis/yzhan231_rock_creek_shotgun_p1/PreheimLab_metagenomics_SOP/analysis/FASTQ/20190709-RC7-AM-BOTTOM_2.fastq
20190709-RC7-AM-BOTTOM_1.fastq
20190709-RC7-AM-BOTTOM
triming 20190709-RC7-AM-BOTTOM
Usage: 
       PE [-version] [-threads <threads>] [-phred33|-phred64] [-trimlog <trimLogFile>] [-summary <statsSummaryFile>] [-quiet] [-validatePairs] [-basein <inputBase> | <inputFile1> <inputFile2>] [-baseout <outputBase> | <outputFile1P> <outputFile1U> <outputFile2P> <outputFile2U>] <trimmer1>...
   or: 
       SE [-version] [-threads <threads>] [-phred33|-phred64] [-trimlog <trimLogFile>] [-summary <statsSummaryFile>] [-quiet] <inputFile> <outputFile> <trimmer1>...
   or: 
       -version
TrimmomaticPE: Started with arguments:
 -threads 8 -phred33 /home/yzhan231/scratch4-sprehei1/yuezhang/RockCreek/yzhan231_rock_creek_shotgun_p1_analysis/yzhan231_rock_creek_shotgun_p1/PreheimLab_metagenomics_SOP/analysis/FASTQ/20190709-RC7-AM-BOTTOM_1.fastq /home/yzhan231/scratch4-sprehei1/yuezhang/RockCreek/yzhan231_rock_creek_shotgun_p1_analysis/yzhan231_rock_creek_shotgun_p1/PreheimLab_metagenomics_SOP/analysis/FASTQ/20190709-RC7-AM-BOTTOM_2.fastq /home/yzhan231/scratch4-sprehei1/yuezhang/RockCreek/yzhan231_rock_creek_shotgun_p1_analysis/yzhan231_rock_creek_shotgun_p1/PreheimLab_metagenomics_SOP/analysis/Trimmed_FASTQ/assembled/SW_28/separated_trimmed_files/20190709-RC7-AM-BOTTOM_1.fastq /home/yzhan231/scratch4-sprehei1/yuezhang/RockCreek/yzhan231_rock_creek_shotgun_p1_analysis/yzhan231_rock_creek_shotgun_p1/PreheimLab_metagenomics_SOP/analysis/Trimmed_FASTQ/assembled/SW_28/separated_trimmed_files/20190709-RC7-AM-BOTTOM_s1.fastq /home/yzhan231/scratch4-sprehei1/yuezhang/RockCreek/yzhan231_rock_creek_shotgun_p1_analysis/yzhan231_rock_creek_shotgun_p1/PreheimLab_metagenomics_SOP/analysis/Trimmed_FASTQ/assembled/SW_28/separated_trimmed_files/20190709-RC7-AM-BOTTOM_2.fastq /home/yzhan231/scratch4-sprehei1/yuezhang/RockCreek/yzhan231_rock_creek_shotgun_p1_analysis/yzhan231_rock_creek_shotgun_p1/PreheimLab_metagenomics_SOP/analysis/Trimmed_FASTQ/assembled/SW_28/separated_trimmed_files/20190709-RC7-AM-BOTTOM_s2.fastq ILLUMINACLIP:/home/yzhan231/scratch4-sprehei1/yuezhang/RockCreek/yzhan231_rock_creek_shotgun_p1_analysis/yzhan231_rock_creek_shotgun_p1/PreheimLab_metagenomics_SOP/db/NexteraPE-PE.fa:2:30:10 LEADING:3 TRAILING:3 SLIDINGWINDOW:4:28 CROP:210 HEADCROP:20 MINLEN:50
Using PrefixPair: 'AGATGTGTATAAGAGACAG' and 'AGATGTGTATAAGAGACAG'
Using Long Clipping Sequence: 'GTCTCGTGGGCTCGGAGATGTGTATAAGAGACAG'
Using Long Clipping Sequence: 'TCGTCGGCAGCGTCAGATGTGTATAAGAGACAG'
Using Long Clipping Sequence: 'CTGTCTCTTATACACATCTCCGAGCCCACGAGAC'
Using Long Clipping Sequence: 'CTGTCTCTTATACACATCTGACGCTGCCGACGA'
ILLUMINACLIP: Using 1 prefix pairs, 4 forward/reverse sequences, 0 forward only sequences, 0 reverse only sequences
Input Read Pairs: 2898709 Both Surviving: 172298 (5.94%) Forward Only Surviving: 1901637 (65.60%) Reverse Only Surviving: 3740 (0.13%) Dropped: 821034 (28.32%)
TrimmomaticPE: Completed successfully
/home/yzhan231/scratch4-sprehei1/yuezhang/RockCreek/yzhan231_rock_creek_shotgun_p1_analysis/yzhan231_rock_creek_shotgun_p1/PreheimLab_metagenomics_SOP/analysis/FASTQ/20190716-RC1-AM-BOTTOM_1.fastq
/home/yzhan231/scratch4-sprehei1/yuezhang/RockCreek/yzhan231_rock_creek_shotgun_p1_analysis/yzhan231_rock_creek_shotgun_p1/PreheimLab_metagenomics_SOP/analysis/FASTQ/20190716-RC1-AM-BOTTOM_2.fastq
20190716-RC1-AM-BOTTOM_1.fastq
20190716-RC1-AM-BOTTOM
triming 20190716-RC1-AM-BOTTOM
Usage: 
       PE [-version] [-threads <threads>] [-phred33|-phred64] [-trimlog <trimLogFile>] [-summary <statsSummaryFile>] [-quiet] [-validatePairs] [-basein <inputBase> | <inputFile1> <inputFile2>] [-baseout <outputBase> | <outputFile1P> <outputFile1U> <outputFile2P> <outputFile2U>] <trimmer1>...
   or: 
       SE [-version] [-threads <threads>] [-phred33|-phred64] [-trimlog <trimLogFile>] [-summary <statsSummaryFile>] [-quiet] <inputFile> <outputFile> <trimmer1>...
   or: 
       -version
TrimmomaticPE: Started with arguments:
 -threads 8 -phred33 /home/yzhan231/scratch4-sprehei1/yuezhang/RockCreek/yzhan231_rock_creek_shotgun_p1_analysis/yzhan231_rock_creek_shotgun_p1/PreheimLab_metagenomics_SOP/analysis/FASTQ/20190716-RC1-AM-BOTTOM_1.fastq /home/yzhan231/scratch4-sprehei1/yuezhang/RockCreek/yzhan231_rock_creek_shotgun_p1_analysis/yzhan231_rock_creek_shotgun_p1/PreheimLab_metagenomics_SOP/analysis/FASTQ/20190716-RC1-AM-BOTTOM_2.fastq /home/yzhan231/scratch4-sprehei1/yuezhang/RockCreek/yzhan231_rock_creek_shotgun_p1_analysis/yzhan231_rock_creek_shotgun_p1/PreheimLab_metagenomics_SOP/analysis/Trimmed_FASTQ/assembled/SW_28/separated_trimmed_files/20190716-RC1-AM-BOTTOM_1.fastq /home/yzhan231/scratch4-sprehei1/yuezhang/RockCreek/yzhan231_rock_creek_shotgun_p1_analysis/yzhan231_rock_creek_shotgun_p1/PreheimLab_metagenomics_SOP/analysis/Trimmed_FASTQ/assembled/SW_28/separated_trimmed_files/20190716-RC1-AM-BOTTOM_s1.fastq /home/yzhan231/scratch4-sprehei1/yuezhang/RockCreek/yzhan231_rock_creek_shotgun_p1_analysis/yzhan231_rock_creek_shotgun_p1/PreheimLab_metagenomics_SOP/analysis/Trimmed_FASTQ/assembled/SW_28/separated_trimmed_files/20190716-RC1-AM-BOTTOM_2.fastq /home/yzhan231/scratch4-sprehei1/yuezhang/RockCreek/yzhan231_rock_creek_shotgun_p1_analysis/yzhan231_rock_creek_shotgun_p1/PreheimLab_metagenomics_SOP/analysis/Trimmed_FASTQ/assembled/SW_28/separated_trimmed_files/20190716-RC1-AM-BOTTOM_s2.fastq ILLUMINACLIP:/home/yzhan231/scratch4-sprehei1/yuezhang/RockCreek/yzhan231_rock_creek_shotgun_p1_analysis/yzhan231_rock_creek_shotgun_p1/PreheimLab_metagenomics_SOP/db/NexteraPE-PE.fa:2:30:10 LEADING:3 TRAILING:3 SLIDINGWINDOW:4:28 CROP:210 HEADCROP:20 MINLEN:50
Using PrefixPair: 'AGATGTGTATAAGAGACAG' and 'AGATGTGTATAAGAGACAG'
Using Long Clipping Sequence: 'GTCTCGTGGGCTCGGAGATGTGTATAAGAGACAG'
Using Long Clipping Sequence: 'TCGTCGGCAGCGTCAGATGTGTATAAGAGACAG'
Using Long Clipping Sequence: 'CTGTCTCTTATACACATCTCCGAGCCCACGAGAC'
Using Long Clipping Sequence: 'CTGTCTCTTATACACATCTGACGCTGCCGACGA'
ILLUMINACLIP: Using 1 prefix pairs, 4 forward/reverse sequences, 0 forward only sequences, 0 reverse only sequences
Input Read Pairs: 793193 Both Surviving: 29373 (3.70%) Forward Only Surviving: 480826 (60.62%) Reverse Only Surviving: 532 (0.07%) Dropped: 282462 (35.61%)
TrimmomaticPE: Completed successfully
/home/yzhan231/scratch4-sprehei1/yuezhang/RockCreek/yzhan231_rock_creek_shotgun_p1_analysis/yzhan231_rock_creek_shotgun_p1/PreheimLab_metagenomics_SOP/analysis/FASTQ/20190716-RC1-AM-TOP_1.fastq
/home/yzhan231/scratch4-sprehei1/yuezhang/RockCreek/yzhan231_rock_creek_shotgun_p1_analysis/yzhan231_rock_creek_shotgun_p1/PreheimLab_metagenomics_SOP/analysis/FASTQ/20190716-RC1-AM-TOP_2.fastq
20190716-RC1-AM-TOP_1.fastq
20190716-RC1-AM-TOP
triming 20190716-RC1-AM-TOP
Usage: 
       PE [-version] [-threads <threads>] [-phred33|-phred64] [-trimlog <trimLogFile>] [-summary <statsSummaryFile>] [-quiet] [-validatePairs] [-basein <inputBase> | <inputFile1> <inputFile2>] [-baseout <outputBase> | <outputFile1P> <outputFile1U> <outputFile2P> <outputFile2U>] <trimmer1>...
   or: 
       SE [-version] [-threads <threads>] [-phred33|-phred64] [-trimlog <trimLogFile>] [-summary <statsSummaryFile>] [-quiet] <inputFile> <outputFile> <trimmer1>...
   or: 
       -version
TrimmomaticPE: Started with arguments:
 -threads 8 -phred33 /home/yzhan231/scratch4-sprehei1/yuezhang/RockCreek/yzhan231_rock_creek_shotgun_p1_analysis/yzhan231_rock_creek_shotgun_p1/PreheimLab_metagenomics_SOP/analysis/FASTQ/20190716-RC1-AM-TOP_1.fastq /home/yzhan231/scratch4-sprehei1/yuezhang/RockCreek/yzhan231_rock_creek_shotgun_p1_analysis/yzhan231_rock_creek_shotgun_p1/PreheimLab_metagenomics_SOP/analysis/FASTQ/20190716-RC1-AM-TOP_2.fastq /home/yzhan231/scratch4-sprehei1/yuezhang/RockCreek/yzhan231_rock_creek_shotgun_p1_analysis/yzhan231_rock_creek_shotgun_p1/PreheimLab_metagenomics_SOP/analysis/Trimmed_FASTQ/assembled/SW_28/separated_trimmed_files/20190716-RC1-AM-TOP_1.fastq /home/yzhan231/scratch4-sprehei1/yuezhang/RockCreek/yzhan231_rock_creek_shotgun_p1_analysis/yzhan231_rock_creek_shotgun_p1/PreheimLab_metagenomics_SOP/analysis/Trimmed_FASTQ/assembled/SW_28/separated_trimmed_files/20190716-RC1-AM-TOP_s1.fastq /home/yzhan231/scratch4-sprehei1/yuezhang/RockCreek/yzhan231_rock_creek_shotgun_p1_analysis/yzhan231_rock_creek_shotgun_p1/PreheimLab_metagenomics_SOP/analysis/Trimmed_FASTQ/assembled/SW_28/separated_trimmed_files/20190716-RC1-AM-TOP_2.fastq /home/yzhan231/scratch4-sprehei1/yuezhang/RockCreek/yzhan231_rock_creek_shotgun_p1_analysis/yzhan231_rock_creek_shotgun_p1/PreheimLab_metagenomics_SOP/analysis/Trimmed_FASTQ/assembled/SW_28/separated_trimmed_files/20190716-RC1-AM-TOP_s2.fastq ILLUMINACLIP:/home/yzhan231/scratch4-sprehei1/yuezhang/RockCreek/yzhan231_rock_creek_shotgun_p1_analysis/yzhan231_rock_creek_shotgun_p1/PreheimLab_metagenomics_SOP/db/NexteraPE-PE.fa:2:30:10 LEADING:3 TRAILING:3 SLIDINGWINDOW:4:28 CROP:210 HEADCROP:20 MINLEN:50
Using PrefixPair: 'AGATGTGTATAAGAGACAG' and 'AGATGTGTATAAGAGACAG'
Using Long Clipping Sequence: 'GTCTCGTGGGCTCGGAGATGTGTATAAGAGACAG'
Using Long Clipping Sequence: 'TCGTCGGCAGCGTCAGATGTGTATAAGAGACAG'
Using Long Clipping Sequence: 'CTGTCTCTTATACACATCTCCGAGCCCACGAGAC'
Using Long Clipping Sequence: 'CTGTCTCTTATACACATCTGACGCTGCCGACGA'
ILLUMINACLIP: Using 1 prefix pairs, 4 forward/reverse sequences, 0 forward only sequences, 0 reverse only sequences
Input Read Pairs: 1203806 Both Surviving: 78628 (6.53%) Forward Only Surviving: 786880 (65.37%) Reverse Only Surviving: 1153 (0.10%) Dropped: 337145 (28.01%)
TrimmomaticPE: Completed successfully
/home/yzhan231/scratch4-sprehei1/yuezhang/RockCreek/yzhan231_rock_creek_shotgun_p1_analysis/yzhan231_rock_creek_shotgun_p1/PreheimLab_metagenomics_SOP/analysis/FASTQ/20190716-RC2-AM-BOTTOM_1.fastq
/home/yzhan231/scratch4-sprehei1/yuezhang/RockCreek/yzhan231_rock_creek_shotgun_p1_analysis/yzhan231_rock_creek_shotgun_p1/PreheimLab_metagenomics_SOP/analysis/FASTQ/20190716-RC2-AM-BOTTOM_2.fastq
20190716-RC2-AM-BOTTOM_1.fastq
20190716-RC2-AM-BOTTOM
triming 20190716-RC2-AM-BOTTOM
Usage: 
       PE [-version] [-threads <threads>] [-phred33|-phred64] [-trimlog <trimLogFile>] [-summary <statsSummaryFile>] [-quiet] [-validatePairs] [-basein <inputBase> | <inputFile1> <inputFile2>] [-baseout <outputBase> | <outputFile1P> <outputFile1U> <outputFile2P> <outputFile2U>] <trimmer1>...
   or: 
       SE [-version] [-threads <threads>] [-phred33|-phred64] [-trimlog <trimLogFile>] [-summary <statsSummaryFile>] [-quiet] <inputFile> <outputFile> <trimmer1>...
   or: 
       -version
TrimmomaticPE: Started with arguments:
 -threads 8 -phred33 /home/yzhan231/scratch4-sprehei1/yuezhang/RockCreek/yzhan231_rock_creek_shotgun_p1_analysis/yzhan231_rock_creek_shotgun_p1/PreheimLab_metagenomics_SOP/analysis/FASTQ/20190716-RC2-AM-BOTTOM_1.fastq /home/yzhan231/scratch4-sprehei1/yuezhang/RockCreek/yzhan231_rock_creek_shotgun_p1_analysis/yzhan231_rock_creek_shotgun_p1/PreheimLab_metagenomics_SOP/analysis/FASTQ/20190716-RC2-AM-BOTTOM_2.fastq /home/yzhan231/scratch4-sprehei1/yuezhang/RockCreek/yzhan231_rock_creek_shotgun_p1_analysis/yzhan231_rock_creek_shotgun_p1/PreheimLab_metagenomics_SOP/analysis/Trimmed_FASTQ/assembled/SW_28/separated_trimmed_files/20190716-RC2-AM-BOTTOM_1.fastq /home/yzhan231/scratch4-sprehei1/yuezhang/RockCreek/yzhan231_rock_creek_shotgun_p1_analysis/yzhan231_rock_creek_shotgun_p1/PreheimLab_metagenomics_SOP/analysis/Trimmed_FASTQ/assembled/SW_28/separated_trimmed_files/20190716-RC2-AM-BOTTOM_s1.fastq /home/yzhan231/scratch4-sprehei1/yuezhang/RockCreek/yzhan231_rock_creek_shotgun_p1_analysis/yzhan231_rock_creek_shotgun_p1/PreheimLab_metagenomics_SOP/analysis/Trimmed_FASTQ/assembled/SW_28/separated_trimmed_files/20190716-RC2-AM-BOTTOM_2.fastq /home/yzhan231/scratch4-sprehei1/yuezhang/RockCreek/yzhan231_rock_creek_shotgun_p1_analysis/yzhan231_rock_creek_shotgun_p1/PreheimLab_metagenomics_SOP/analysis/Trimmed_FASTQ/assembled/SW_28/separated_trimmed_files/20190716-RC2-AM-BOTTOM_s2.fastq ILLUMINACLIP:/home/yzhan231/scratch4-sprehei1/yuezhang/RockCreek/yzhan231_rock_creek_shotgun_p1_analysis/yzhan231_rock_creek_shotgun_p1/PreheimLab_metagenomics_SOP/db/NexteraPE-PE.fa:2:30:10 LEADING:3 TRAILING:3 SLIDINGWINDOW:4:28 CROP:210 HEADCROP:20 MINLEN:50
Using PrefixPair: 'AGATGTGTATAAGAGACAG' and 'AGATGTGTATAAGAGACAG'
Using Long Clipping Sequence: 'GTCTCGTGGGCTCGGAGATGTGTATAAGAGACAG'
Using Long Clipping Sequence: 'TCGTCGGCAGCGTCAGATGTGTATAAGAGACAG'
Using Long Clipping Sequence: 'CTGTCTCTTATACACATCTCCGAGCCCACGAGAC'
Using Long Clipping Sequence: 'CTGTCTCTTATACACATCTGACGCTGCCGACGA'
ILLUMINACLIP: Using 1 prefix pairs, 4 forward/reverse sequences, 0 forward only sequences, 0 reverse only sequences
Input Read Pairs: 2483922 Both Surviving: 92542 (3.73%) Forward Only Surviving: 1576018 (63.45%) Reverse Only Surviving: 1781 (0.07%) Dropped: 813581 (32.75%)
TrimmomaticPE: Completed successfully
/home/yzhan231/scratch4-sprehei1/yuezhang/RockCreek/yzhan231_rock_creek_shotgun_p1_analysis/yzhan231_rock_creek_shotgun_p1/PreheimLab_metagenomics_SOP/analysis/FASTQ/20190716-RC7-AM-BOTTOM_1.fastq
/home/yzhan231/scratch4-sprehei1/yuezhang/RockCreek/yzhan231_rock_creek_shotgun_p1_analysis/yzhan231_rock_creek_shotgun_p1/PreheimLab_metagenomics_SOP/analysis/FASTQ/20190716-RC7-AM-BOTTOM_2.fastq
20190716-RC7-AM-BOTTOM_1.fastq
20190716-RC7-AM-BOTTOM
triming 20190716-RC7-AM-BOTTOM
Usage: 
       PE [-version] [-threads <threads>] [-phred33|-phred64] [-trimlog <trimLogFile>] [-summary <statsSummaryFile>] [-quiet] [-validatePairs] [-basein <inputBase> | <inputFile1> <inputFile2>] [-baseout <outputBase> | <outputFile1P> <outputFile1U> <outputFile2P> <outputFile2U>] <trimmer1>...
   or: 
       SE [-version] [-threads <threads>] [-phred33|-phred64] [-trimlog <trimLogFile>] [-summary <statsSummaryFile>] [-quiet] <inputFile> <outputFile> <trimmer1>...
   or: 
       -version
TrimmomaticPE: Started with arguments:
 -threads 8 -phred33 /home/yzhan231/scratch4-sprehei1/yuezhang/RockCreek/yzhan231_rock_creek_shotgun_p1_analysis/yzhan231_rock_creek_shotgun_p1/PreheimLab_metagenomics_SOP/analysis/FASTQ/20190716-RC7-AM-BOTTOM_1.fastq /home/yzhan231/scratch4-sprehei1/yuezhang/RockCreek/yzhan231_rock_creek_shotgun_p1_analysis/yzhan231_rock_creek_shotgun_p1/PreheimLab_metagenomics_SOP/analysis/FASTQ/20190716-RC7-AM-BOTTOM_2.fastq /home/yzhan231/scratch4-sprehei1/yuezhang/RockCreek/yzhan231_rock_creek_shotgun_p1_analysis/yzhan231_rock_creek_shotgun_p1/PreheimLab_metagenomics_SOP/analysis/Trimmed_FASTQ/assembled/SW_28/separated_trimmed_files/20190716-RC7-AM-BOTTOM_1.fastq /home/yzhan231/scratch4-sprehei1/yuezhang/RockCreek/yzhan231_rock_creek_shotgun_p1_analysis/yzhan231_rock_creek_shotgun_p1/PreheimLab_metagenomics_SOP/analysis/Trimmed_FASTQ/assembled/SW_28/separated_trimmed_files/20190716-RC7-AM-BOTTOM_s1.fastq /home/yzhan231/scratch4-sprehei1/yuezhang/RockCreek/yzhan231_rock_creek_shotgun_p1_analysis/yzhan231_rock_creek_shotgun_p1/PreheimLab_metagenomics_SOP/analysis/Trimmed_FASTQ/assembled/SW_28/separated_trimmed_files/20190716-RC7-AM-BOTTOM_2.fastq /home/yzhan231/scratch4-sprehei1/yuezhang/RockCreek/yzhan231_rock_creek_shotgun_p1_analysis/yzhan231_rock_creek_shotgun_p1/PreheimLab_metagenomics_SOP/analysis/Trimmed_FASTQ/assembled/SW_28/separated_trimmed_files/20190716-RC7-AM-BOTTOM_s2.fastq ILLUMINACLIP:/home/yzhan231/scratch4-sprehei1/yuezhang/RockCreek/yzhan231_rock_creek_shotgun_p1_analysis/yzhan231_rock_creek_shotgun_p1/PreheimLab_metagenomics_SOP/db/NexteraPE-PE.fa:2:30:10 LEADING:3 TRAILING:3 SLIDINGWINDOW:4:28 CROP:210 HEADCROP:20 MINLEN:50
Using PrefixPair: 'AGATGTGTATAAGAGACAG' and 'AGATGTGTATAAGAGACAG'
Using Long Clipping Sequence: 'GTCTCGTGGGCTCGGAGATGTGTATAAGAGACAG'
Using Long Clipping Sequence: 'TCGTCGGCAGCGTCAGATGTGTATAAGAGACAG'
Using Long Clipping Sequence: 'CTGTCTCTTATACACATCTCCGAGCCCACGAGAC'
Using Long Clipping Sequence: 'CTGTCTCTTATACACATCTGACGCTGCCGACGA'
ILLUMINACLIP: Using 1 prefix pairs, 4 forward/reverse sequences, 0 forward only sequences, 0 reverse only sequences
Input Read Pairs: 1256594 Both Surviving: 55427 (4.41%) Forward Only Surviving: 795416 (63.30%) Reverse Only Surviving: 975 (0.08%) Dropped: 404776 (32.21%)
TrimmomaticPE: Completed successfully
/home/yzhan231/scratch4-sprehei1/yuezhang/RockCreek/yzhan231_rock_creek_shotgun_p1_analysis/yzhan231_rock_creek_shotgun_p1/PreheimLab_metagenomics_SOP/analysis/FASTQ/20190716-RC9-AM-BOTTOM_1.fastq
/home/yzhan231/scratch4-sprehei1/yuezhang/RockCreek/yzhan231_rock_creek_shotgun_p1_analysis/yzhan231_rock_creek_shotgun_p1/PreheimLab_metagenomics_SOP/analysis/FASTQ/20190716-RC9-AM-BOTTOM_2.fastq
20190716-RC9-AM-BOTTOM_1.fastq
20190716-RC9-AM-BOTTOM
triming 20190716-RC9-AM-BOTTOM
Usage: 
       PE [-version] [-threads <threads>] [-phred33|-phred64] [-trimlog <trimLogFile>] [-summary <statsSummaryFile>] [-quiet] [-validatePairs] [-basein <inputBase> | <inputFile1> <inputFile2>] [-baseout <outputBase> | <outputFile1P> <outputFile1U> <outputFile2P> <outputFile2U>] <trimmer1>...
   or: 
       SE [-version] [-threads <threads>] [-phred33|-phred64] [-trimlog <trimLogFile>] [-summary <statsSummaryFile>] [-quiet] <inputFile> <outputFile> <trimmer1>...
   or: 
       -version
TrimmomaticPE: Started with arguments:
 -threads 8 -phred33 /home/yzhan231/scratch4-sprehei1/yuezhang/RockCreek/yzhan231_rock_creek_shotgun_p1_analysis/yzhan231_rock_creek_shotgun_p1/PreheimLab_metagenomics_SOP/analysis/FASTQ/20190716-RC9-AM-BOTTOM_1.fastq /home/yzhan231/scratch4-sprehei1/yuezhang/RockCreek/yzhan231_rock_creek_shotgun_p1_analysis/yzhan231_rock_creek_shotgun_p1/PreheimLab_metagenomics_SOP/analysis/FASTQ/20190716-RC9-AM-BOTTOM_2.fastq /home/yzhan231/scratch4-sprehei1/yuezhang/RockCreek/yzhan231_rock_creek_shotgun_p1_analysis/yzhan231_rock_creek_shotgun_p1/PreheimLab_metagenomics_SOP/analysis/Trimmed_FASTQ/assembled/SW_28/separated_trimmed_files/20190716-RC9-AM-BOTTOM_1.fastq /home/yzhan231/scratch4-sprehei1/yuezhang/RockCreek/yzhan231_rock_creek_shotgun_p1_analysis/yzhan231_rock_creek_shotgun_p1/PreheimLab_metagenomics_SOP/analysis/Trimmed_FASTQ/assembled/SW_28/separated_trimmed_files/20190716-RC9-AM-BOTTOM_s1.fastq /home/yzhan231/scratch4-sprehei1/yuezhang/RockCreek/yzhan231_rock_creek_shotgun_p1_analysis/yzhan231_rock_creek_shotgun_p1/PreheimLab_metagenomics_SOP/analysis/Trimmed_FASTQ/assembled/SW_28/separated_trimmed_files/20190716-RC9-AM-BOTTOM_2.fastq /home/yzhan231/scratch4-sprehei1/yuezhang/RockCreek/yzhan231_rock_creek_shotgun_p1_analysis/yzhan231_rock_creek_shotgun_p1/PreheimLab_metagenomics_SOP/analysis/Trimmed_FASTQ/assembled/SW_28/separated_trimmed_files/20190716-RC9-AM-BOTTOM_s2.fastq ILLUMINACLIP:/home/yzhan231/scratch4-sprehei1/yuezhang/RockCreek/yzhan231_rock_creek_shotgun_p1_analysis/yzhan231_rock_creek_shotgun_p1/PreheimLab_metagenomics_SOP/db/NexteraPE-PE.fa:2:30:10 LEADING:3 TRAILING:3 SLIDINGWINDOW:4:28 CROP:210 HEADCROP:20 MINLEN:50
Using PrefixPair: 'AGATGTGTATAAGAGACAG' and 'AGATGTGTATAAGAGACAG'
Using Long Clipping Sequence: 'GTCTCGTGGGCTCGGAGATGTGTATAAGAGACAG'
Using Long Clipping Sequence: 'TCGTCGGCAGCGTCAGATGTGTATAAGAGACAG'
Using Long Clipping Sequence: 'CTGTCTCTTATACACATCTCCGAGCCCACGAGAC'
Using Long Clipping Sequence: 'CTGTCTCTTATACACATCTGACGCTGCCGACGA'
ILLUMINACLIP: Using 1 prefix pairs, 4 forward/reverse sequences, 0 forward only sequences, 0 reverse only sequences
Input Read Pairs: 992007 Both Surviving: 50275 (5.07%) Forward Only Surviving: 642714 (64.79%) Reverse Only Surviving: 863 (0.09%) Dropped: 298155 (30.06%)
TrimmomaticPE: Completed successfully
/home/yzhan231/scratch4-sprehei1/yuezhang/RockCreek/yzhan231_rock_creek_shotgun_p1_analysis/yzhan231_rock_creek_shotgun_p1/PreheimLab_metagenomics_SOP/analysis/FASTQ/20190723-RC1-AM-BOTTOM_1.fastq
/home/yzhan231/scratch4-sprehei1/yuezhang/RockCreek/yzhan231_rock_creek_shotgun_p1_analysis/yzhan231_rock_creek_shotgun_p1/PreheimLab_metagenomics_SOP/analysis/FASTQ/20190723-RC1-AM-BOTTOM_2.fastq
20190723-RC1-AM-BOTTOM_1.fastq
20190723-RC1-AM-BOTTOM
triming 20190723-RC1-AM-BOTTOM
Usage: 
       PE [-version] [-threads <threads>] [-phred33|-phred64] [-trimlog <trimLogFile>] [-summary <statsSummaryFile>] [-quiet] [-validatePairs] [-basein <inputBase> | <inputFile1> <inputFile2>] [-baseout <outputBase> | <outputFile1P> <outputFile1U> <outputFile2P> <outputFile2U>] <trimmer1>...
   or: 
       SE [-version] [-threads <threads>] [-phred33|-phred64] [-trimlog <trimLogFile>] [-summary <statsSummaryFile>] [-quiet] <inputFile> <outputFile> <trimmer1>...
   or: 
       -version
TrimmomaticPE: Started with arguments:
 -threads 8 -phred33 /home/yzhan231/scratch4-sprehei1/yuezhang/RockCreek/yzhan231_rock_creek_shotgun_p1_analysis/yzhan231_rock_creek_shotgun_p1/PreheimLab_metagenomics_SOP/analysis/FASTQ/20190723-RC1-AM-BOTTOM_1.fastq /home/yzhan231/scratch4-sprehei1/yuezhang/RockCreek/yzhan231_rock_creek_shotgun_p1_analysis/yzhan231_rock_creek_shotgun_p1/PreheimLab_metagenomics_SOP/analysis/FASTQ/20190723-RC1-AM-BOTTOM_2.fastq /home/yzhan231/scratch4-sprehei1/yuezhang/RockCreek/yzhan231_rock_creek_shotgun_p1_analysis/yzhan231_rock_creek_shotgun_p1/PreheimLab_metagenomics_SOP/analysis/Trimmed_FASTQ/assembled/SW_28/separated_trimmed_files/20190723-RC1-AM-BOTTOM_1.fastq /home/yzhan231/scratch4-sprehei1/yuezhang/RockCreek/yzhan231_rock_creek_shotgun_p1_analysis/yzhan231_rock_creek_shotgun_p1/PreheimLab_metagenomics_SOP/analysis/Trimmed_FASTQ/assembled/SW_28/separated_trimmed_files/20190723-RC1-AM-BOTTOM_s1.fastq /home/yzhan231/scratch4-sprehei1/yuezhang/RockCreek/yzhan231_rock_creek_shotgun_p1_analysis/yzhan231_rock_creek_shotgun_p1/PreheimLab_metagenomics_SOP/analysis/Trimmed_FASTQ/assembled/SW_28/separated_trimmed_files/20190723-RC1-AM-BOTTOM_2.fastq /home/yzhan231/scratch4-sprehei1/yuezhang/RockCreek/yzhan231_rock_creek_shotgun_p1_analysis/yzhan231_rock_creek_shotgun_p1/PreheimLab_metagenomics_SOP/analysis/Trimmed_FASTQ/assembled/SW_28/separated_trimmed_files/20190723-RC1-AM-BOTTOM_s2.fastq ILLUMINACLIP:/home/yzhan231/scratch4-sprehei1/yuezhang/RockCreek/yzhan231_rock_creek_shotgun_p1_analysis/yzhan231_rock_creek_shotgun_p1/PreheimLab_metagenomics_SOP/db/NexteraPE-PE.fa:2:30:10 LEADING:3 TRAILING:3 SLIDINGWINDOW:4:28 CROP:210 HEADCROP:20 MINLEN:50
Using PrefixPair: 'AGATGTGTATAAGAGACAG' and 'AGATGTGTATAAGAGACAG'
Using Long Clipping Sequence: 'GTCTCGTGGGCTCGGAGATGTGTATAAGAGACAG'
Using Long Clipping Sequence: 'TCGTCGGCAGCGTCAGATGTGTATAAGAGACAG'
Using Long Clipping Sequence: 'CTGTCTCTTATACACATCTCCGAGCCCACGAGAC'
Using Long Clipping Sequence: 'CTGTCTCTTATACACATCTGACGCTGCCGACGA'
ILLUMINACLIP: Using 1 prefix pairs, 4 forward/reverse sequences, 0 forward only sequences, 0 reverse only sequences
Input Read Pairs: 1149995 Both Surviving: 64023 (5.57%) Forward Only Surviving: 784600 (68.23%) Reverse Only Surviving: 956 (0.08%) Dropped: 300416 (26.12%)
TrimmomaticPE: Completed successfully
/home/yzhan231/scratch4-sprehei1/yuezhang/RockCreek/yzhan231_rock_creek_shotgun_p1_analysis/yzhan231_rock_creek_shotgun_p1/PreheimLab_metagenomics_SOP/analysis/FASTQ/20190723-RC2-AM-BOTTOM_1.fastq
/home/yzhan231/scratch4-sprehei1/yuezhang/RockCreek/yzhan231_rock_creek_shotgun_p1_analysis/yzhan231_rock_creek_shotgun_p1/PreheimLab_metagenomics_SOP/analysis/FASTQ/20190723-RC2-AM-BOTTOM_2.fastq
20190723-RC2-AM-BOTTOM_1.fastq
20190723-RC2-AM-BOTTOM
triming 20190723-RC2-AM-BOTTOM
Usage: 
       PE [-version] [-threads <threads>] [-phred33|-phred64] [-trimlog <trimLogFile>] [-summary <statsSummaryFile>] [-quiet] [-validatePairs] [-basein <inputBase> | <inputFile1> <inputFile2>] [-baseout <outputBase> | <outputFile1P> <outputFile1U> <outputFile2P> <outputFile2U>] <trimmer1>...
   or: 
       SE [-version] [-threads <threads>] [-phred33|-phred64] [-trimlog <trimLogFile>] [-summary <statsSummaryFile>] [-quiet] <inputFile> <outputFile> <trimmer1>...
   or: 
       -version
TrimmomaticPE: Started with arguments:
 -threads 8 -phred33 /home/yzhan231/scratch4-sprehei1/yuezhang/RockCreek/yzhan231_rock_creek_shotgun_p1_analysis/yzhan231_rock_creek_shotgun_p1/PreheimLab_metagenomics_SOP/analysis/FASTQ/20190723-RC2-AM-BOTTOM_1.fastq /home/yzhan231/scratch4-sprehei1/yuezhang/RockCreek/yzhan231_rock_creek_shotgun_p1_analysis/yzhan231_rock_creek_shotgun_p1/PreheimLab_metagenomics_SOP/analysis/FASTQ/20190723-RC2-AM-BOTTOM_2.fastq /home/yzhan231/scratch4-sprehei1/yuezhang/RockCreek/yzhan231_rock_creek_shotgun_p1_analysis/yzhan231_rock_creek_shotgun_p1/PreheimLab_metagenomics_SOP/analysis/Trimmed_FASTQ/assembled/SW_28/separated_trimmed_files/20190723-RC2-AM-BOTTOM_1.fastq /home/yzhan231/scratch4-sprehei1/yuezhang/RockCreek/yzhan231_rock_creek_shotgun_p1_analysis/yzhan231_rock_creek_shotgun_p1/PreheimLab_metagenomics_SOP/analysis/Trimmed_FASTQ/assembled/SW_28/separated_trimmed_files/20190723-RC2-AM-BOTTOM_s1.fastq /home/yzhan231/scratch4-sprehei1/yuezhang/RockCreek/yzhan231_rock_creek_shotgun_p1_analysis/yzhan231_rock_creek_shotgun_p1/PreheimLab_metagenomics_SOP/analysis/Trimmed_FASTQ/assembled/SW_28/separated_trimmed_files/20190723-RC2-AM-BOTTOM_2.fastq /home/yzhan231/scratch4-sprehei1/yuezhang/RockCreek/yzhan231_rock_creek_shotgun_p1_analysis/yzhan231_rock_creek_shotgun_p1/PreheimLab_metagenomics_SOP/analysis/Trimmed_FASTQ/assembled/SW_28/separated_trimmed_files/20190723-RC2-AM-BOTTOM_s2.fastq ILLUMINACLIP:/home/yzhan231/scratch4-sprehei1/yuezhang/RockCreek/yzhan231_rock_creek_shotgun_p1_analysis/yzhan231_rock_creek_shotgun_p1/PreheimLab_metagenomics_SOP/db/NexteraPE-PE.fa:2:30:10 LEADING:3 TRAILING:3 SLIDINGWINDOW:4:28 CROP:210 HEADCROP:20 MINLEN:50
Using PrefixPair: 'AGATGTGTATAAGAGACAG' and 'AGATGTGTATAAGAGACAG'
Using Long Clipping Sequence: 'GTCTCGTGGGCTCGGAGATGTGTATAAGAGACAG'
Using Long Clipping Sequence: 'TCGTCGGCAGCGTCAGATGTGTATAAGAGACAG'
Using Long Clipping Sequence: 'CTGTCTCTTATACACATCTCCGAGCCCACGAGAC'
Using Long Clipping Sequence: 'CTGTCTCTTATACACATCTGACGCTGCCGACGA'
ILLUMINACLIP: Using 1 prefix pairs, 4 forward/reverse sequences, 0 forward only sequences, 0 reverse only sequences
Input Read Pairs: 1769235 Both Surviving: 100522 (5.68%) Forward Only Surviving: 1162527 (65.71%) Reverse Only Surviving: 1678 (0.09%) Dropped: 504508 (28.52%)
TrimmomaticPE: Completed successfully
/home/yzhan231/scratch4-sprehei1/yuezhang/RockCreek/yzhan231_rock_creek_shotgun_p1_analysis/yzhan231_rock_creek_shotgun_p1/PreheimLab_metagenomics_SOP/analysis/FASTQ/20190723-RC7-AM-BOTTOM_1.fastq
/home/yzhan231/scratch4-sprehei1/yuezhang/RockCreek/yzhan231_rock_creek_shotgun_p1_analysis/yzhan231_rock_creek_shotgun_p1/PreheimLab_metagenomics_SOP/analysis/FASTQ/20190723-RC7-AM-BOTTOM_2.fastq
20190723-RC7-AM-BOTTOM_1.fastq
20190723-RC7-AM-BOTTOM
triming 20190723-RC7-AM-BOTTOM
Usage: 
       PE [-version] [-threads <threads>] [-phred33|-phred64] [-trimlog <trimLogFile>] [-summary <statsSummaryFile>] [-quiet] [-validatePairs] [-basein <inputBase> | <inputFile1> <inputFile2>] [-baseout <outputBase> | <outputFile1P> <outputFile1U> <outputFile2P> <outputFile2U>] <trimmer1>...
   or: 
       SE [-version] [-threads <threads>] [-phred33|-phred64] [-trimlog <trimLogFile>] [-summary <statsSummaryFile>] [-quiet] <inputFile> <outputFile> <trimmer1>...
   or: 
       -version
TrimmomaticPE: Started with arguments:
 -threads 8 -phred33 /home/yzhan231/scratch4-sprehei1/yuezhang/RockCreek/yzhan231_rock_creek_shotgun_p1_analysis/yzhan231_rock_creek_shotgun_p1/PreheimLab_metagenomics_SOP/analysis/FASTQ/20190723-RC7-AM-BOTTOM_1.fastq /home/yzhan231/scratch4-sprehei1/yuezhang/RockCreek/yzhan231_rock_creek_shotgun_p1_analysis/yzhan231_rock_creek_shotgun_p1/PreheimLab_metagenomics_SOP/analysis/FASTQ/20190723-RC7-AM-BOTTOM_2.fastq /home/yzhan231/scratch4-sprehei1/yuezhang/RockCreek/yzhan231_rock_creek_shotgun_p1_analysis/yzhan231_rock_creek_shotgun_p1/PreheimLab_metagenomics_SOP/analysis/Trimmed_FASTQ/assembled/SW_28/separated_trimmed_files/20190723-RC7-AM-BOTTOM_1.fastq /home/yzhan231/scratch4-sprehei1/yuezhang/RockCreek/yzhan231_rock_creek_shotgun_p1_analysis/yzhan231_rock_creek_shotgun_p1/PreheimLab_metagenomics_SOP/analysis/Trimmed_FASTQ/assembled/SW_28/separated_trimmed_files/20190723-RC7-AM-BOTTOM_s1.fastq /home/yzhan231/scratch4-sprehei1/yuezhang/RockCreek/yzhan231_rock_creek_shotgun_p1_analysis/yzhan231_rock_creek_shotgun_p1/PreheimLab_metagenomics_SOP/analysis/Trimmed_FASTQ/assembled/SW_28/separated_trimmed_files/20190723-RC7-AM-BOTTOM_2.fastq /home/yzhan231/scratch4-sprehei1/yuezhang/RockCreek/yzhan231_rock_creek_shotgun_p1_analysis/yzhan231_rock_creek_shotgun_p1/PreheimLab_metagenomics_SOP/analysis/Trimmed_FASTQ/assembled/SW_28/separated_trimmed_files/20190723-RC7-AM-BOTTOM_s2.fastq ILLUMINACLIP:/home/yzhan231/scratch4-sprehei1/yuezhang/RockCreek/yzhan231_rock_creek_shotgun_p1_analysis/yzhan231_rock_creek_shotgun_p1/PreheimLab_metagenomics_SOP/db/NexteraPE-PE.fa:2:30:10 LEADING:3 TRAILING:3 SLIDINGWINDOW:4:28 CROP:210 HEADCROP:20 MINLEN:50
Using PrefixPair: 'AGATGTGTATAAGAGACAG' and 'AGATGTGTATAAGAGACAG'
Using Long Clipping Sequence: 'GTCTCGTGGGCTCGGAGATGTGTATAAGAGACAG'
Using Long Clipping Sequence: 'TCGTCGGCAGCGTCAGATGTGTATAAGAGACAG'
Using Long Clipping Sequence: 'CTGTCTCTTATACACATCTCCGAGCCCACGAGAC'
Using Long Clipping Sequence: 'CTGTCTCTTATACACATCTGACGCTGCCGACGA'
ILLUMINACLIP: Using 1 prefix pairs, 4 forward/reverse sequences, 0 forward only sequences, 0 reverse only sequences
Input Read Pairs: 2457847 Both Surviving: 130175 (5.30%) Forward Only Surviving: 1573320 (64.01%) Reverse Only Surviving: 3319 (0.14%) Dropped: 751033 (30.56%)
TrimmomaticPE: Completed successfully
/home/yzhan231/scratch4-sprehei1/yuezhang/RockCreek/yzhan231_rock_creek_shotgun_p1_analysis/yzhan231_rock_creek_shotgun_p1/PreheimLab_metagenomics_SOP/analysis/FASTQ/20190723-RC9-AM-BOTTOM_1.fastq
/home/yzhan231/scratch4-sprehei1/yuezhang/RockCreek/yzhan231_rock_creek_shotgun_p1_analysis/yzhan231_rock_creek_shotgun_p1/PreheimLab_metagenomics_SOP/analysis/FASTQ/20190723-RC9-AM-BOTTOM_2.fastq
20190723-RC9-AM-BOTTOM_1.fastq
20190723-RC9-AM-BOTTOM
triming 20190723-RC9-AM-BOTTOM
Usage: 
       PE [-version] [-threads <threads>] [-phred33|-phred64] [-trimlog <trimLogFile>] [-summary <statsSummaryFile>] [-quiet] [-validatePairs] [-basein <inputBase> | <inputFile1> <inputFile2>] [-baseout <outputBase> | <outputFile1P> <outputFile1U> <outputFile2P> <outputFile2U>] <trimmer1>...
   or: 
       SE [-version] [-threads <threads>] [-phred33|-phred64] [-trimlog <trimLogFile>] [-summary <statsSummaryFile>] [-quiet] <inputFile> <outputFile> <trimmer1>...
   or: 
       -version
TrimmomaticPE: Started with arguments:
 -threads 8 -phred33 /home/yzhan231/scratch4-sprehei1/yuezhang/RockCreek/yzhan231_rock_creek_shotgun_p1_analysis/yzhan231_rock_creek_shotgun_p1/PreheimLab_metagenomics_SOP/analysis/FASTQ/20190723-RC9-AM-BOTTOM_1.fastq /home/yzhan231/scratch4-sprehei1/yuezhang/RockCreek/yzhan231_rock_creek_shotgun_p1_analysis/yzhan231_rock_creek_shotgun_p1/PreheimLab_metagenomics_SOP/analysis/FASTQ/20190723-RC9-AM-BOTTOM_2.fastq /home/yzhan231/scratch4-sprehei1/yuezhang/RockCreek/yzhan231_rock_creek_shotgun_p1_analysis/yzhan231_rock_creek_shotgun_p1/PreheimLab_metagenomics_SOP/analysis/Trimmed_FASTQ/assembled/SW_28/separated_trimmed_files/20190723-RC9-AM-BOTTOM_1.fastq /home/yzhan231/scratch4-sprehei1/yuezhang/RockCreek/yzhan231_rock_creek_shotgun_p1_analysis/yzhan231_rock_creek_shotgun_p1/PreheimLab_metagenomics_SOP/analysis/Trimmed_FASTQ/assembled/SW_28/separated_trimmed_files/20190723-RC9-AM-BOTTOM_s1.fastq /home/yzhan231/scratch4-sprehei1/yuezhang/RockCreek/yzhan231_rock_creek_shotgun_p1_analysis/yzhan231_rock_creek_shotgun_p1/PreheimLab_metagenomics_SOP/analysis/Trimmed_FASTQ/assembled/SW_28/separated_trimmed_files/20190723-RC9-AM-BOTTOM_2.fastq /home/yzhan231/scratch4-sprehei1/yuezhang/RockCreek/yzhan231_rock_creek_shotgun_p1_analysis/yzhan231_rock_creek_shotgun_p1/PreheimLab_metagenomics_SOP/analysis/Trimmed_FASTQ/assembled/SW_28/separated_trimmed_files/20190723-RC9-AM-BOTTOM_s2.fastq ILLUMINACLIP:/home/yzhan231/scratch4-sprehei1/yuezhang/RockCreek/yzhan231_rock_creek_shotgun_p1_analysis/yzhan231_rock_creek_shotgun_p1/PreheimLab_metagenomics_SOP/db/NexteraPE-PE.fa:2:30:10 LEADING:3 TRAILING:3 SLIDINGWINDOW:4:28 CROP:210 HEADCROP:20 MINLEN:50
Using PrefixPair: 'AGATGTGTATAAGAGACAG' and 'AGATGTGTATAAGAGACAG'
Using Long Clipping Sequence: 'GTCTCGTGGGCTCGGAGATGTGTATAAGAGACAG'
Using Long Clipping Sequence: 'TCGTCGGCAGCGTCAGATGTGTATAAGAGACAG'
Using Long Clipping Sequence: 'CTGTCTCTTATACACATCTCCGAGCCCACGAGAC'
Using Long Clipping Sequence: 'CTGTCTCTTATACACATCTGACGCTGCCGACGA'
ILLUMINACLIP: Using 1 prefix pairs, 4 forward/reverse sequences, 0 forward only sequences, 0 reverse only sequences
Input Read Pairs: 2173970 Both Surviving: 118317 (5.44%) Forward Only Surviving: 1385220 (63.72%) Reverse Only Surviving: 4343 (0.20%) Dropped: 666090 (30.64%)
TrimmomaticPE: Completed successfully
/home/yzhan231/scratch4-sprehei1/yuezhang/RockCreek/yzhan231_rock_creek_shotgun_p1_analysis/yzhan231_rock_creek_shotgun_p1/PreheimLab_metagenomics_SOP/analysis/FASTQ/20190730-RC1-AM-BOTTOM_1.fastq
/home/yzhan231/scratch4-sprehei1/yuezhang/RockCreek/yzhan231_rock_creek_shotgun_p1_analysis/yzhan231_rock_creek_shotgun_p1/PreheimLab_metagenomics_SOP/analysis/FASTQ/20190730-RC1-AM-BOTTOM_2.fastq
20190730-RC1-AM-BOTTOM_1.fastq
20190730-RC1-AM-BOTTOM
triming 20190730-RC1-AM-BOTTOM
Usage: 
       PE [-version] [-threads <threads>] [-phred33|-phred64] [-trimlog <trimLogFile>] [-summary <statsSummaryFile>] [-quiet] [-validatePairs] [-basein <inputBase> | <inputFile1> <inputFile2>] [-baseout <outputBase> | <outputFile1P> <outputFile1U> <outputFile2P> <outputFile2U>] <trimmer1>...
   or: 
       SE [-version] [-threads <threads>] [-phred33|-phred64] [-trimlog <trimLogFile>] [-summary <statsSummaryFile>] [-quiet] <inputFile> <outputFile> <trimmer1>...
   or: 
       -version
TrimmomaticPE: Started with arguments:
 -threads 8 -phred33 /home/yzhan231/scratch4-sprehei1/yuezhang/RockCreek/yzhan231_rock_creek_shotgun_p1_analysis/yzhan231_rock_creek_shotgun_p1/PreheimLab_metagenomics_SOP/analysis/FASTQ/20190730-RC1-AM-BOTTOM_1.fastq /home/yzhan231/scratch4-sprehei1/yuezhang/RockCreek/yzhan231_rock_creek_shotgun_p1_analysis/yzhan231_rock_creek_shotgun_p1/PreheimLab_metagenomics_SOP/analysis/FASTQ/20190730-RC1-AM-BOTTOM_2.fastq /home/yzhan231/scratch4-sprehei1/yuezhang/RockCreek/yzhan231_rock_creek_shotgun_p1_analysis/yzhan231_rock_creek_shotgun_p1/PreheimLab_metagenomics_SOP/analysis/Trimmed_FASTQ/assembled/SW_28/separated_trimmed_files/20190730-RC1-AM-BOTTOM_1.fastq /home/yzhan231/scratch4-sprehei1/yuezhang/RockCreek/yzhan231_rock_creek_shotgun_p1_analysis/yzhan231_rock_creek_shotgun_p1/PreheimLab_metagenomics_SOP/analysis/Trimmed_FASTQ/assembled/SW_28/separated_trimmed_files/20190730-RC1-AM-BOTTOM_s1.fastq /home/yzhan231/scratch4-sprehei1/yuezhang/RockCreek/yzhan231_rock_creek_shotgun_p1_analysis/yzhan231_rock_creek_shotgun_p1/PreheimLab_metagenomics_SOP/analysis/Trimmed_FASTQ/assembled/SW_28/separated_trimmed_files/20190730-RC1-AM-BOTTOM_2.fastq /home/yzhan231/scratch4-sprehei1/yuezhang/RockCreek/yzhan231_rock_creek_shotgun_p1_analysis/yzhan231_rock_creek_shotgun_p1/PreheimLab_metagenomics_SOP/analysis/Trimmed_FASTQ/assembled/SW_28/separated_trimmed_files/20190730-RC1-AM-BOTTOM_s2.fastq ILLUMINACLIP:/home/yzhan231/scratch4-sprehei1/yuezhang/RockCreek/yzhan231_rock_creek_shotgun_p1_analysis/yzhan231_rock_creek_shotgun_p1/PreheimLab_metagenomics_SOP/db/NexteraPE-PE.fa:2:30:10 LEADING:3 TRAILING:3 SLIDINGWINDOW:4:28 CROP:210 HEADCROP:20 MINLEN:50
Using PrefixPair: 'AGATGTGTATAAGAGACAG' and 'AGATGTGTATAAGAGACAG'
Using Long Clipping Sequence: 'GTCTCGTGGGCTCGGAGATGTGTATAAGAGACAG'
Using Long Clipping Sequence: 'TCGTCGGCAGCGTCAGATGTGTATAAGAGACAG'
Using Long Clipping Sequence: 'CTGTCTCTTATACACATCTCCGAGCCCACGAGAC'
Using Long Clipping Sequence: 'CTGTCTCTTATACACATCTGACGCTGCCGACGA'
ILLUMINACLIP: Using 1 prefix pairs, 4 forward/reverse sequences, 0 forward only sequences, 0 reverse only sequences
Input Read Pairs: 1487009 Both Surviving: 82803 (5.57%) Forward Only Surviving: 979407 (65.86%) Reverse Only Surviving: 2446 (0.16%) Dropped: 422353 (28.40%)
TrimmomaticPE: Completed successfully
/home/yzhan231/scratch4-sprehei1/yuezhang/RockCreek/yzhan231_rock_creek_shotgun_p1_analysis/yzhan231_rock_creek_shotgun_p1/PreheimLab_metagenomics_SOP/analysis/FASTQ/20190730-RC2-AM-BOTTOM-BUOY_1.fastq
/home/yzhan231/scratch4-sprehei1/yuezhang/RockCreek/yzhan231_rock_creek_shotgun_p1_analysis/yzhan231_rock_creek_shotgun_p1/PreheimLab_metagenomics_SOP/analysis/FASTQ/20190730-RC2-AM-BOTTOM-BUOY_2.fastq
20190730-RC2-AM-BOTTOM-BUOY_1.fastq
20190730-RC2-AM-BOTTOM-BUOY
triming 20190730-RC2-AM-BOTTOM-BUOY
Usage: 
       PE [-version] [-threads <threads>] [-phred33|-phred64] [-trimlog <trimLogFile>] [-summary <statsSummaryFile>] [-quiet] [-validatePairs] [-basein <inputBase> | <inputFile1> <inputFile2>] [-baseout <outputBase> | <outputFile1P> <outputFile1U> <outputFile2P> <outputFile2U>] <trimmer1>...
   or: 
       SE [-version] [-threads <threads>] [-phred33|-phred64] [-trimlog <trimLogFile>] [-summary <statsSummaryFile>] [-quiet] <inputFile> <outputFile> <trimmer1>...
   or: 
       -version
TrimmomaticPE: Started with arguments:
 -threads 8 -phred33 /home/yzhan231/scratch4-sprehei1/yuezhang/RockCreek/yzhan231_rock_creek_shotgun_p1_analysis/yzhan231_rock_creek_shotgun_p1/PreheimLab_metagenomics_SOP/analysis/FASTQ/20190730-RC2-AM-BOTTOM-BUOY_1.fastq /home/yzhan231/scratch4-sprehei1/yuezhang/RockCreek/yzhan231_rock_creek_shotgun_p1_analysis/yzhan231_rock_creek_shotgun_p1/PreheimLab_metagenomics_SOP/analysis/FASTQ/20190730-RC2-AM-BOTTOM-BUOY_2.fastq /home/yzhan231/scratch4-sprehei1/yuezhang/RockCreek/yzhan231_rock_creek_shotgun_p1_analysis/yzhan231_rock_creek_shotgun_p1/PreheimLab_metagenomics_SOP/analysis/Trimmed_FASTQ/assembled/SW_28/separated_trimmed_files/20190730-RC2-AM-BOTTOM-BUOY_1.fastq /home/yzhan231/scratch4-sprehei1/yuezhang/RockCreek/yzhan231_rock_creek_shotgun_p1_analysis/yzhan231_rock_creek_shotgun_p1/PreheimLab_metagenomics_SOP/analysis/Trimmed_FASTQ/assembled/SW_28/separated_trimmed_files/20190730-RC2-AM-BOTTOM-BUOY_s1.fastq /home/yzhan231/scratch4-sprehei1/yuezhang/RockCreek/yzhan231_rock_creek_shotgun_p1_analysis/yzhan231_rock_creek_shotgun_p1/PreheimLab_metagenomics_SOP/analysis/Trimmed_FASTQ/assembled/SW_28/separated_trimmed_files/20190730-RC2-AM-BOTTOM-BUOY_2.fastq /home/yzhan231/scratch4-sprehei1/yuezhang/RockCreek/yzhan231_rock_creek_shotgun_p1_analysis/yzhan231_rock_creek_shotgun_p1/PreheimLab_metagenomics_SOP/analysis/Trimmed_FASTQ/assembled/SW_28/separated_trimmed_files/20190730-RC2-AM-BOTTOM-BUOY_s2.fastq ILLUMINACLIP:/home/yzhan231/scratch4-sprehei1/yuezhang/RockCreek/yzhan231_rock_creek_shotgun_p1_analysis/yzhan231_rock_creek_shotgun_p1/PreheimLab_metagenomics_SOP/db/NexteraPE-PE.fa:2:30:10 LEADING:3 TRAILING:3 SLIDINGWINDOW:4:28 CROP:210 HEADCROP:20 MINLEN:50
Using PrefixPair: 'AGATGTGTATAAGAGACAG' and 'AGATGTGTATAAGAGACAG'
Using Long Clipping Sequence: 'GTCTCGTGGGCTCGGAGATGTGTATAAGAGACAG'
Using Long Clipping Sequence: 'TCGTCGGCAGCGTCAGATGTGTATAAGAGACAG'
Using Long Clipping Sequence: 'CTGTCTCTTATACACATCTCCGAGCCCACGAGAC'
Using Long Clipping Sequence: 'CTGTCTCTTATACACATCTGACGCTGCCGACGA'
ILLUMINACLIP: Using 1 prefix pairs, 4 forward/reverse sequences, 0 forward only sequences, 0 reverse only sequences
Input Read Pairs: 1704976 Both Surviving: 71412 (4.19%) Forward Only Surviving: 1081027 (63.40%) Reverse Only Surviving: 2347 (0.14%) Dropped: 550190 (32.27%)
TrimmomaticPE: Completed successfully
/home/yzhan231/scratch4-sprehei1/yuezhang/RockCreek/yzhan231_rock_creek_shotgun_p1_analysis/yzhan231_rock_creek_shotgun_p1/PreheimLab_metagenomics_SOP/analysis/FASTQ/20190730-RC7-AM-BOTTOM_1.fastq
/home/yzhan231/scratch4-sprehei1/yuezhang/RockCreek/yzhan231_rock_creek_shotgun_p1_analysis/yzhan231_rock_creek_shotgun_p1/PreheimLab_metagenomics_SOP/analysis/FASTQ/20190730-RC7-AM-BOTTOM_2.fastq
20190730-RC7-AM-BOTTOM_1.fastq
20190730-RC7-AM-BOTTOM
triming 20190730-RC7-AM-BOTTOM
Usage: 
       PE [-version] [-threads <threads>] [-phred33|-phred64] [-trimlog <trimLogFile>] [-summary <statsSummaryFile>] [-quiet] [-validatePairs] [-basein <inputBase> | <inputFile1> <inputFile2>] [-baseout <outputBase> | <outputFile1P> <outputFile1U> <outputFile2P> <outputFile2U>] <trimmer1>...
   or: 
       SE [-version] [-threads <threads>] [-phred33|-phred64] [-trimlog <trimLogFile>] [-summary <statsSummaryFile>] [-quiet] <inputFile> <outputFile> <trimmer1>...
   or: 
       -version
TrimmomaticPE: Started with arguments:
 -threads 8 -phred33 /home/yzhan231/scratch4-sprehei1/yuezhang/RockCreek/yzhan231_rock_creek_shotgun_p1_analysis/yzhan231_rock_creek_shotgun_p1/PreheimLab_metagenomics_SOP/analysis/FASTQ/20190730-RC7-AM-BOTTOM_1.fastq /home/yzhan231/scratch4-sprehei1/yuezhang/RockCreek/yzhan231_rock_creek_shotgun_p1_analysis/yzhan231_rock_creek_shotgun_p1/PreheimLab_metagenomics_SOP/analysis/FASTQ/20190730-RC7-AM-BOTTOM_2.fastq /home/yzhan231/scratch4-sprehei1/yuezhang/RockCreek/yzhan231_rock_creek_shotgun_p1_analysis/yzhan231_rock_creek_shotgun_p1/PreheimLab_metagenomics_SOP/analysis/Trimmed_FASTQ/assembled/SW_28/separated_trimmed_files/20190730-RC7-AM-BOTTOM_1.fastq /home/yzhan231/scratch4-sprehei1/yuezhang/RockCreek/yzhan231_rock_creek_shotgun_p1_analysis/yzhan231_rock_creek_shotgun_p1/PreheimLab_metagenomics_SOP/analysis/Trimmed_FASTQ/assembled/SW_28/separated_trimmed_files/20190730-RC7-AM-BOTTOM_s1.fastq /home/yzhan231/scratch4-sprehei1/yuezhang/RockCreek/yzhan231_rock_creek_shotgun_p1_analysis/yzhan231_rock_creek_shotgun_p1/PreheimLab_metagenomics_SOP/analysis/Trimmed_FASTQ/assembled/SW_28/separated_trimmed_files/20190730-RC7-AM-BOTTOM_2.fastq /home/yzhan231/scratch4-sprehei1/yuezhang/RockCreek/yzhan231_rock_creek_shotgun_p1_analysis/yzhan231_rock_creek_shotgun_p1/PreheimLab_metagenomics_SOP/analysis/Trimmed_FASTQ/assembled/SW_28/separated_trimmed_files/20190730-RC7-AM-BOTTOM_s2.fastq ILLUMINACLIP:/home/yzhan231/scratch4-sprehei1/yuezhang/RockCreek/yzhan231_rock_creek_shotgun_p1_analysis/yzhan231_rock_creek_shotgun_p1/PreheimLab_metagenomics_SOP/db/NexteraPE-PE.fa:2:30:10 LEADING:3 TRAILING:3 SLIDINGWINDOW:4:28 CROP:210 HEADCROP:20 MINLEN:50
Using PrefixPair: 'AGATGTGTATAAGAGACAG' and 'AGATGTGTATAAGAGACAG'
Using Long Clipping Sequence: 'GTCTCGTGGGCTCGGAGATGTGTATAAGAGACAG'
Using Long Clipping Sequence: 'TCGTCGGCAGCGTCAGATGTGTATAAGAGACAG'
Using Long Clipping Sequence: 'CTGTCTCTTATACACATCTCCGAGCCCACGAGAC'
Using Long Clipping Sequence: 'CTGTCTCTTATACACATCTGACGCTGCCGACGA'
ILLUMINACLIP: Using 1 prefix pairs, 4 forward/reverse sequences, 0 forward only sequences, 0 reverse only sequences
Input Read Pairs: 2341855 Both Surviving: 120615 (5.15%) Forward Only Surviving: 1531596 (65.40%) Reverse Only Surviving: 2798 (0.12%) Dropped: 686846 (29.33%)
TrimmomaticPE: Completed successfully
/home/yzhan231/scratch4-sprehei1/yuezhang/RockCreek/yzhan231_rock_creek_shotgun_p1_analysis/yzhan231_rock_creek_shotgun_p1/PreheimLab_metagenomics_SOP/analysis/FASTQ/20190730-RC9-AM-BOTTOM_1.fastq
/home/yzhan231/scratch4-sprehei1/yuezhang/RockCreek/yzhan231_rock_creek_shotgun_p1_analysis/yzhan231_rock_creek_shotgun_p1/PreheimLab_metagenomics_SOP/analysis/FASTQ/20190730-RC9-AM-BOTTOM_2.fastq
20190730-RC9-AM-BOTTOM_1.fastq
20190730-RC9-AM-BOTTOM
triming 20190730-RC9-AM-BOTTOM
Usage: 
       PE [-version] [-threads <threads>] [-phred33|-phred64] [-trimlog <trimLogFile>] [-summary <statsSummaryFile>] [-quiet] [-validatePairs] [-basein <inputBase> | <inputFile1> <inputFile2>] [-baseout <outputBase> | <outputFile1P> <outputFile1U> <outputFile2P> <outputFile2U>] <trimmer1>...
   or: 
       SE [-version] [-threads <threads>] [-phred33|-phred64] [-trimlog <trimLogFile>] [-summary <statsSummaryFile>] [-quiet] <inputFile> <outputFile> <trimmer1>...
   or: 
       -version
TrimmomaticPE: Started with arguments:
 -threads 8 -phred33 /home/yzhan231/scratch4-sprehei1/yuezhang/RockCreek/yzhan231_rock_creek_shotgun_p1_analysis/yzhan231_rock_creek_shotgun_p1/PreheimLab_metagenomics_SOP/analysis/FASTQ/20190730-RC9-AM-BOTTOM_1.fastq /home/yzhan231/scratch4-sprehei1/yuezhang/RockCreek/yzhan231_rock_creek_shotgun_p1_analysis/yzhan231_rock_creek_shotgun_p1/PreheimLab_metagenomics_SOP/analysis/FASTQ/20190730-RC9-AM-BOTTOM_2.fastq /home/yzhan231/scratch4-sprehei1/yuezhang/RockCreek/yzhan231_rock_creek_shotgun_p1_analysis/yzhan231_rock_creek_shotgun_p1/PreheimLab_metagenomics_SOP/analysis/Trimmed_FASTQ/assembled/SW_28/separated_trimmed_files/20190730-RC9-AM-BOTTOM_1.fastq /home/yzhan231/scratch4-sprehei1/yuezhang/RockCreek/yzhan231_rock_creek_shotgun_p1_analysis/yzhan231_rock_creek_shotgun_p1/PreheimLab_metagenomics_SOP/analysis/Trimmed_FASTQ/assembled/SW_28/separated_trimmed_files/20190730-RC9-AM-BOTTOM_s1.fastq /home/yzhan231/scratch4-sprehei1/yuezhang/RockCreek/yzhan231_rock_creek_shotgun_p1_analysis/yzhan231_rock_creek_shotgun_p1/PreheimLab_metagenomics_SOP/analysis/Trimmed_FASTQ/assembled/SW_28/separated_trimmed_files/20190730-RC9-AM-BOTTOM_2.fastq /home/yzhan231/scratch4-sprehei1/yuezhang/RockCreek/yzhan231_rock_creek_shotgun_p1_analysis/yzhan231_rock_creek_shotgun_p1/PreheimLab_metagenomics_SOP/analysis/Trimmed_FASTQ/assembled/SW_28/separated_trimmed_files/20190730-RC9-AM-BOTTOM_s2.fastq ILLUMINACLIP:/home/yzhan231/scratch4-sprehei1/yuezhang/RockCreek/yzhan231_rock_creek_shotgun_p1_analysis/yzhan231_rock_creek_shotgun_p1/PreheimLab_metagenomics_SOP/db/NexteraPE-PE.fa:2:30:10 LEADING:3 TRAILING:3 SLIDINGWINDOW:4:28 CROP:210 HEADCROP:20 MINLEN:50
Using PrefixPair: 'AGATGTGTATAAGAGACAG' and 'AGATGTGTATAAGAGACAG'
Using Long Clipping Sequence: 'GTCTCGTGGGCTCGGAGATGTGTATAAGAGACAG'
Using Long Clipping Sequence: 'TCGTCGGCAGCGTCAGATGTGTATAAGAGACAG'
Using Long Clipping Sequence: 'CTGTCTCTTATACACATCTCCGAGCCCACGAGAC'
Using Long Clipping Sequence: 'CTGTCTCTTATACACATCTGACGCTGCCGACGA'
ILLUMINACLIP: Using 1 prefix pairs, 4 forward/reverse sequences, 0 forward only sequences, 0 reverse only sequences
Input Read Pairs: 1652658 Both Surviving: 105246 (6.37%) Forward Only Surviving: 1082177 (65.48%) Reverse Only Surviving: 2524 (0.15%) Dropped: 462711 (28.00%)
TrimmomaticPE: Completed successfully
