Startin bowtie2-mapping
Fri Nov 11 15:14:58 EST 2022
1239353 reads; of these:
  86734 (7.00%) were paired; of these:
    35586 (41.03%) aligned concordantly 0 times
    50837 (58.61%) aligned concordantly exactly 1 time
    311 (0.36%) aligned concordantly >1 times
    ----
    35586 pairs aligned concordantly 0 times; of these:
      2516 (7.07%) aligned discordantly 1 time
    ----
    33070 pairs aligned 0 times concordantly or discordantly; of these:
      66140 mates make up the pairs; of these:
        59488 (89.94%) aligned 0 times
        6158 (9.31%) aligned exactly 1 time
        494 (0.75%) aligned >1 times
  1152619 (93.00%) were unpaired; of these:
    787995 (68.37%) aligned 0 times
    345728 (29.99%) aligned exactly 1 time
    18896 (1.64%) aligned >1 times
36.09% overall alignment rate
Completed bowtie2-build
Fri Nov 11 15:16:28 EST 2022
