Startin bowtie2-mapping
Fri Nov 11 15:14:59 EST 2022
1154786 reads; of these:
  71412 (6.18%) were paired; of these:
    26945 (37.73%) aligned concordantly 0 times
    44175 (61.86%) aligned concordantly exactly 1 time
    292 (0.41%) aligned concordantly >1 times
    ----
    26945 pairs aligned concordantly 0 times; of these:
      2267 (8.41%) aligned discordantly 1 time
    ----
    24678 pairs aligned 0 times concordantly or discordantly; of these:
      49356 mates make up the pairs; of these:
        43697 (88.53%) aligned 0 times
        5199 (10.53%) aligned exactly 1 time
        460 (0.93%) aligned >1 times
  1083374 (93.82%) were unpaired; of these:
    708538 (65.40%) aligned 0 times
    353391 (32.62%) aligned exactly 1 time
    21445 (1.98%) aligned >1 times
38.65% overall alignment rate
Completed bowtie2-build
Fri Nov 11 15:16:38 EST 2022
