Startin bowtie2-mapping
Fri Nov 11 15:14:58 EST 2022
1264727 reads; of these:
  100522 (7.95%) were paired; of these:
    33675 (33.50%) aligned concordantly 0 times
    66404 (66.06%) aligned concordantly exactly 1 time
    443 (0.44%) aligned concordantly >1 times
    ----
    33675 pairs aligned concordantly 0 times; of these:
      4089 (12.14%) aligned discordantly 1 time
    ----
    29586 pairs aligned 0 times concordantly or discordantly; of these:
      59172 mates make up the pairs; of these:
        51097 (86.35%) aligned 0 times
        7537 (12.74%) aligned exactly 1 time
        538 (0.91%) aligned >1 times
  1164205 (92.05%) were unpaired; of these:
    655067 (56.27%) aligned 0 times
    489661 (42.06%) aligned exactly 1 time
    19477 (1.67%) aligned >1 times
48.28% overall alignment rate
Completed bowtie2-build
Fri Nov 11 15:16:43 EST 2022
