Startin bowtie2-build
Tue Nov  8 14:46:45 EST 2022
Settings:
  Output files: "../analysis/BOWTIE/contigs_index.*.bt2l"
  Line rate: 7 (line is 128 bytes)
  Lines per side: 1 (side is 128 bytes)
  Offset rate: 4 (one in 16)
  FTable chars: 10
  Strings: unpacked
  Max bucket size: default
  Max bucket size, sqrt multiplier: default
  Max bucket size, len divisor: 4
  Difference-cover sample period: 1024
  Endianness: little
  Actual local endianness: little
  Sanity checking: disabled
  Assertions: disabled
  Random seed: 0
  Sizeofs: void*:8, int:4, long:8, size_t:8
Input files DNA, FASTA:
  ../analysis/ASSEMBLY/SW_28/contigs.fasta
Building a LARGE index
Reading reference sizes
  Time reading reference sizes: 00:00:03
Calculating joined length
Writing header
Reserving space for joined string
Joining reference sequences
  Time to join reference sequences: 00:00:02
bmax according to bmaxDivN setting: 97421897
Using parameters --bmax 73066423 --dcv 1024
  Doing ahead-of-time memory usage test
  Passed!  Constructing with these parameters: --bmax 73066423 --dcv 1024
Constructing suffix-array element generator
Building DifferenceCoverSample
  Building sPrime
  Building sPrimeOrder
  V-Sorting samples
  V-Sorting samples time: 00:00:06
  Allocating rank array
  Ranking v-sort output
  Ranking v-sort output time: 00:00:02
  Invoking Larsson-Sadakane on ranks
  Invoking Larsson-Sadakane on ranks time: 00:00:04
  Sanity-checking and returning
Building samples
Reserving space for 12 sample suffixes
Generating random suffixes
QSorting 12 sample offsets, eliminating duplicates
QSorting sample offsets, eliminating duplicates time: 00:00:00
Multikey QSorting 12 samples
  (Using difference cover)
  Multikey QSorting samples time: 00:00:00
Calculating bucket sizes
Splitting and merging
  Splitting and merging time: 00:00:00
Avg bucket size: 3.89688e+08 (target: 73066422)
Converting suffix-array elements to index image
Allocating ftab, absorbFtab
Entering Ebwt loop
Getting block 1 of 1
  No samples; assembling all-inclusive block
  Sorting block of length 389687591 for bucket 1
  (Using difference cover)
  Sorting block time: 00:01:38
Returning block of 389687592 for bucket 1
Exited Ebwt loop
fchr[A]: 0
fchr[C]: 101280461
fchr[G]: 193427412
fchr[T]: 285861720
fchr[$]: 389687591
Exiting Ebwt::buildToDisk()
Returning from initFromVector
Wrote 200908493 bytes to primary EBWT file: ../analysis/BOWTIE/contigs_index.1.bt2l
Wrote 194843804 bytes to secondary EBWT file: ../analysis/BOWTIE/contigs_index.2.bt2l
Re-opening _in1 and _in2 as input streams
Returning from Ebwt constructor
Headers:
    len: 389687591
    bwtLen: 389687592
    sz: 97421898
    bwtSz: 97421898
    lineRate: 7
    offRate: 4
    offMask: 0xfffffffffffffff0
    ftabChars: 10
    eftabLen: 20
    eftabSz: 160
    ftabLen: 1048577
    ftabSz: 8388616
    offsLen: 24355475
    offsSz: 194843800
    lineSz: 128
    sideSz: 128
    sideBwtSz: 96
    sideBwtLen: 384
    numSides: 1014812
    numLines: 1014812
    ebwtTotLen: 129895936
    ebwtTotSz: 129895936
    color: 0
    reverse: 0
Total time for call to driver() for forward index: 00:02:23
Reading reference sizes
  Time reading reference sizes: 00:00:02
Calculating joined length
Writing header
Reserving space for joined string
Joining reference sequences
  Time to join reference sequences: 00:00:02
  Time to reverse reference sequence: 00:00:01
bmax according to bmaxDivN setting: 97421897
Using parameters --bmax 73066423 --dcv 1024
  Doing ahead-of-time memory usage test
  Passed!  Constructing with these parameters: --bmax 73066423 --dcv 1024
Constructing suffix-array element generator
Building DifferenceCoverSample
  Building sPrime
  Building sPrimeOrder
  V-Sorting samples
  V-Sorting samples time: 00:00:06
  Allocating rank array
  Ranking v-sort output
  Ranking v-sort output time: 00:00:01
  Invoking Larsson-Sadakane on ranks
  Invoking Larsson-Sadakane on ranks time: 00:00:04
  Sanity-checking and returning
Building samples
Reserving space for 12 sample suffixes
Generating random suffixes
QSorting 12 sample offsets, eliminating duplicates
QSorting sample offsets, eliminating duplicates time: 00:00:00
Multikey QSorting 12 samples
  (Using difference cover)
  Multikey QSorting samples time: 00:00:00
Calculating bucket sizes
Splitting and merging
  Splitting and merging time: 00:00:00
Avg bucket size: 3.89688e+08 (target: 73066422)
Converting suffix-array elements to index image
Allocating ftab, absorbFtab
Entering Ebwt loop
Getting block 1 of 1
  No samples; assembling all-inclusive block
  Sorting block of length 389687591 for bucket 1
  (Using difference cover)
  Sorting block time: 00:01:38
Returning block of 389687592 for bucket 1
Exited Ebwt loop
fchr[A]: 0
fchr[C]: 101280461
fchr[G]: 193427412
fchr[T]: 285861720
fchr[$]: 389687591
Exiting Ebwt::buildToDisk()
Returning from initFromVector
Wrote 200908493 bytes to primary EBWT file: ../analysis/BOWTIE/contigs_index.rev.1.bt2l
Wrote 194843804 bytes to secondary EBWT file: ../analysis/BOWTIE/contigs_index.rev.2.bt2l
Re-opening _in1 and _in2 as input streams
Returning from Ebwt constructor
Headers:
    len: 389687591
    bwtLen: 389687592
    sz: 97421898
    bwtSz: 97421898
    lineRate: 7
    offRate: 4
    offMask: 0xfffffffffffffff0
    ftabChars: 10
    eftabLen: 20
    eftabSz: 160
    ftabLen: 1048577
    ftabSz: 8388616
    offsLen: 24355475
    offsSz: 194843800
    lineSz: 128
    sideSz: 128
    sideBwtSz: 96
    sideBwtLen: 384
    numSides: 1014812
    numLines: 1014812
    ebwtTotLen: 129895936
    ebwtTotSz: 129895936
    color: 0
    reverse: 1
Total time for backward call to driver() for mirror index: 00:02:23
Completed bowtie2-build
Tue Nov  8 14:51:32 EST 2022
