Startin bowtie2-mapping
Fri Nov 11 15:15:00 EST 2022
1655009 reads; of these:
  120615 (7.29%) were paired; of these:
    44467 (36.87%) aligned concordantly 0 times
    75560 (62.65%) aligned concordantly exactly 1 time
    588 (0.49%) aligned concordantly >1 times
    ----
    44467 pairs aligned concordantly 0 times; of these:
      4328 (9.73%) aligned discordantly 1 time
    ----
    40139 pairs aligned 0 times concordantly or discordantly; of these:
      80278 mates make up the pairs; of these:
        69939 (87.12%) aligned 0 times
        9449 (11.77%) aligned exactly 1 time
        890 (1.11%) aligned >1 times
  1534394 (92.71%) were unpaired; of these:
    928810 (60.53%) aligned 0 times
    575569 (37.51%) aligned exactly 1 time
    30015 (1.96%) aligned >1 times
43.75% overall alignment rate
Completed bowtie2-build
Fri Nov 11 15:17:29 EST 2022
