Startin bowtie2-mapping
Fri Nov 11 15:14:58 EST 2022
1670341 reads; of these:
  92542 (5.54%) were paired; of these:
    33737 (36.46%) aligned concordantly 0 times
    58351 (63.05%) aligned concordantly exactly 1 time
    454 (0.49%) aligned concordantly >1 times
    ----
    33737 pairs aligned concordantly 0 times; of these:
      2281 (6.76%) aligned discordantly 1 time
    ----
    31456 pairs aligned 0 times concordantly or discordantly; of these:
      62912 mates make up the pairs; of these:
        56108 (89.18%) aligned 0 times
        6097 (9.69%) aligned exactly 1 time
        707 (1.12%) aligned >1 times
  1577799 (94.46%) were unpaired; of these:
    1061179 (67.26%) aligned 0 times
    481945 (30.55%) aligned exactly 1 time
    34675 (2.20%) aligned >1 times
36.62% overall alignment rate
Completed bowtie2-build
Fri Nov 11 15:17:02 EST 2022
