Startin bowtie2-mapping
Fri Nov 11 15:14:58 EST 2022
510731 reads; of these:
  29373 (5.75%) were paired; of these:
    9926 (33.79%) aligned concordantly 0 times
    19294 (65.69%) aligned concordantly exactly 1 time
    153 (0.52%) aligned concordantly >1 times
    ----
    9926 pairs aligned concordantly 0 times; of these:
      1042 (10.50%) aligned discordantly 1 time
    ----
    8884 pairs aligned 0 times concordantly or discordantly; of these:
      17768 mates make up the pairs; of these:
        15609 (87.85%) aligned 0 times
        1984 (11.17%) aligned exactly 1 time
        175 (0.98%) aligned >1 times
  481358 (94.25%) were unpaired; of these:
    277285 (57.60%) aligned 0 times
    194149 (40.33%) aligned exactly 1 time
    9924 (2.06%) aligned >1 times
45.77% overall alignment rate
Completed bowtie2-build
Fri Nov 11 15:15:42 EST 2022
