/home-4/yzhan231@jhu.edu/.conda/envs/metawrap-env/bin/quast -t 48 -o /home-4/yzhan231@jhu.edu/work/yuezhang/RockCreek/yzhan231_rock_creek_shotgun_p1_analysis/yzhan231_rock_creek_shotgun_p1/PreheimLab_metagenomics_SOP/analysis/QUAST/MI_crop_0.81 -m 960 MI_crop_0.81/scaffolds.fasta

Version: 5.0.2

System information:
  OS: Linux-3.10.0-957.1.3.el7_lustre.x86_64-x86_64-with-centos-7.6.1810-Core (linux_64)
  Python version: 2.7.15
  CPUs number: 48

Started: 2021-06-17 18:51:55

Logging to /home-4/yzhan231@jhu.edu/work/yuezhang/RockCreek/yzhan231_rock_creek_shotgun_p1_analysis/yzhan231_rock_creek_shotgun_p1/PreheimLab_metagenomics_SOP/analysis/QUAST/MI_crop_0.81/quast.log

CWD: /scratch/groups/sprehei1/yuezhang/RockCreek/yzhan231_rock_creek_shotgun_p1_analysis/yzhan231_rock_creek_shotgun_p1/PreheimLab_metagenomics_SOP/analysis/ASSEMBLY
Main parameters: 
  MODE: default, threads: 48, minimum contig length: 960, minimum alignment length: 65, \
  ambiguity: one, threshold for extensive misassembly size: 1000

Contigs:
  Pre-processing...
  MI_crop_0.81/scaffolds.fasta ==> scaffolds

2021-06-17 18:52:23
Running Basic statistics processor...
  Contig files: 
    scaffolds
  Calculating N50 and L50...
    scaffolds, N50 = 7324, L50 = 1207, Total length = 89705573, GC % = 47.89, # N's per 100 kbp =  36.47
  Drawing Nx plot...
    saved to /home-4/yzhan231@jhu.edu/work/yuezhang/RockCreek/yzhan231_rock_creek_shotgun_p1_analysis/yzhan231_rock_creek_shotgun_p1/PreheimLab_metagenomics_SOP/analysis/QUAST/MI_crop_0.81/basic_stats/Nx_plot.pdf
  Drawing cumulative plot...
    saved to /home-4/yzhan231@jhu.edu/work/yuezhang/RockCreek/yzhan231_rock_creek_shotgun_p1_analysis/yzhan231_rock_creek_shotgun_p1/PreheimLab_metagenomics_SOP/analysis/QUAST/MI_crop_0.81/basic_stats/cumulative_plot.pdf
  Drawing GC content plot...
    saved to /home-4/yzhan231@jhu.edu/work/yuezhang/RockCreek/yzhan231_rock_creek_shotgun_p1_analysis/yzhan231_rock_creek_shotgun_p1/PreheimLab_metagenomics_SOP/analysis/QUAST/MI_crop_0.81/basic_stats/GC_content_plot.pdf
  Drawing scaffolds GC content plot...
    saved to /home-4/yzhan231@jhu.edu/work/yuezhang/RockCreek/yzhan231_rock_creek_shotgun_p1_analysis/yzhan231_rock_creek_shotgun_p1/PreheimLab_metagenomics_SOP/analysis/QUAST/MI_crop_0.81/basic_stats/scaffolds_GC_content_plot.pdf
  Drawing Coverage histogram (bin size: 1x)...
    saved to /home-4/yzhan231@jhu.edu/work/yuezhang/RockCreek/yzhan231_rock_creek_shotgun_p1_analysis/yzhan231_rock_creek_shotgun_p1/PreheimLab_metagenomics_SOP/analysis/QUAST/MI_crop_0.81/basic_stats/coverage_histogram.pdf
  Drawing scaffolds coverage histogram (bin size: 1x)...
    saved to /home-4/yzhan231@jhu.edu/work/yuezhang/RockCreek/yzhan231_rock_creek_shotgun_p1_analysis/yzhan231_rock_creek_shotgun_p1/PreheimLab_metagenomics_SOP/analysis/QUAST/MI_crop_0.81/basic_stats/scaffolds_coverage_histogram.pdf
Done.

NOTICE: Genes are not predicted by default. Use --gene-finding or --glimmer option to enable it.

2021-06-17 18:52:33
Creating large visual summaries...
This may take a while: press Ctrl-C to skip this step..
  1 of 2: Creating Icarus viewers...
  2 of 2: Creating PDF with all tables and plots...
Done

2021-06-17 18:52:35
RESULTS:
  Text versions of total report are saved to /home-4/yzhan231@jhu.edu/work/yuezhang/RockCreek/yzhan231_rock_creek_shotgun_p1_analysis/yzhan231_rock_creek_shotgun_p1/PreheimLab_metagenomics_SOP/analysis/QUAST/MI_crop_0.81/report.txt, report.tsv, and report.tex
  Text versions of transposed total report are saved to /home-4/yzhan231@jhu.edu/work/yuezhang/RockCreek/yzhan231_rock_creek_shotgun_p1_analysis/yzhan231_rock_creek_shotgun_p1/PreheimLab_metagenomics_SOP/analysis/QUAST/MI_crop_0.81/transposed_report.txt, transposed_report.tsv, and transposed_report.tex
  HTML version (interactive tables and plots) is saved to /home-4/yzhan231@jhu.edu/work/yuezhang/RockCreek/yzhan231_rock_creek_shotgun_p1_analysis/yzhan231_rock_creek_shotgun_p1/PreheimLab_metagenomics_SOP/analysis/QUAST/MI_crop_0.81/report.html
  PDF version (tables and plots) is saved to /home-4/yzhan231@jhu.edu/work/yuezhang/RockCreek/yzhan231_rock_creek_shotgun_p1_analysis/yzhan231_rock_creek_shotgun_p1/PreheimLab_metagenomics_SOP/analysis/QUAST/MI_crop_0.81/report.pdf
  Icarus (contig browser) is saved to /home-4/yzhan231@jhu.edu/work/yuezhang/RockCreek/yzhan231_rock_creek_shotgun_p1_analysis/yzhan231_rock_creek_shotgun_p1/PreheimLab_metagenomics_SOP/analysis/QUAST/MI_crop_0.81/icarus.html
  Log is saved to /home-4/yzhan231@jhu.edu/work/yuezhang/RockCreek/yzhan231_rock_creek_shotgun_p1_analysis/yzhan231_rock_creek_shotgun_p1/PreheimLab_metagenomics_SOP/analysis/QUAST/MI_crop_0.81/quast.log

Finished: 2021-06-17 18:52:36
Elapsed time: 0:00:41.054352
NOTICEs: 1; WARNINGs: 0; non-fatal ERRORs: 0

Thank you for using QUAST!
MI_crop_0.81 done
/home-4/yzhan231@jhu.edu/.conda/envs/metawrap-env/bin/quast -t 48 -o /home-4/yzhan231@jhu.edu/work/yuezhang/RockCreek/yzhan231_rock_creek_shotgun_p1_analysis/yzhan231_rock_creek_shotgun_p1/PreheimLab_metagenomics_SOP/analysis/QUAST/MI_crop_0.87 -m 960 MI_crop_0.87/scaffolds.fasta

Version: 5.0.2

System information:
  OS: Linux-3.10.0-957.1.3.el7_lustre.x86_64-x86_64-with-centos-7.6.1810-Core (linux_64)
  Python version: 2.7.15
  CPUs number: 48

Started: 2021-06-17 18:52:36

Logging to /home-4/yzhan231@jhu.edu/work/yuezhang/RockCreek/yzhan231_rock_creek_shotgun_p1_analysis/yzhan231_rock_creek_shotgun_p1/PreheimLab_metagenomics_SOP/analysis/QUAST/MI_crop_0.87/quast.log

CWD: /scratch/groups/sprehei1/yuezhang/RockCreek/yzhan231_rock_creek_shotgun_p1_analysis/yzhan231_rock_creek_shotgun_p1/PreheimLab_metagenomics_SOP/analysis/ASSEMBLY
Main parameters: 
  MODE: default, threads: 48, minimum contig length: 960, minimum alignment length: 65, \
  ambiguity: one, threshold for extensive misassembly size: 1000

Contigs:
  Pre-processing...
  MI_crop_0.87/scaffolds.fasta ==> scaffolds

2021-06-17 18:53:00
Running Basic statistics processor...
  Contig files: 
    scaffolds
  Calculating N50 and L50...
    scaffolds, N50 = 7838, L50 = 1107, Total length = 87224228, GC % = 47.84, # N's per 100 kbp =  35.84
  Drawing Nx plot...
    saved to /home-4/yzhan231@jhu.edu/work/yuezhang/RockCreek/yzhan231_rock_creek_shotgun_p1_analysis/yzhan231_rock_creek_shotgun_p1/PreheimLab_metagenomics_SOP/analysis/QUAST/MI_crop_0.87/basic_stats/Nx_plot.pdf
  Drawing cumulative plot...
    saved to /home-4/yzhan231@jhu.edu/work/yuezhang/RockCreek/yzhan231_rock_creek_shotgun_p1_analysis/yzhan231_rock_creek_shotgun_p1/PreheimLab_metagenomics_SOP/analysis/QUAST/MI_crop_0.87/basic_stats/cumulative_plot.pdf
  Drawing GC content plot...
    saved to /home-4/yzhan231@jhu.edu/work/yuezhang/RockCreek/yzhan231_rock_creek_shotgun_p1_analysis/yzhan231_rock_creek_shotgun_p1/PreheimLab_metagenomics_SOP/analysis/QUAST/MI_crop_0.87/basic_stats/GC_content_plot.pdf
  Drawing scaffolds GC content plot...
    saved to /home-4/yzhan231@jhu.edu/work/yuezhang/RockCreek/yzhan231_rock_creek_shotgun_p1_analysis/yzhan231_rock_creek_shotgun_p1/PreheimLab_metagenomics_SOP/analysis/QUAST/MI_crop_0.87/basic_stats/scaffolds_GC_content_plot.pdf
  Drawing Coverage histogram (bin size: 1x)...
    saved to /home-4/yzhan231@jhu.edu/work/yuezhang/RockCreek/yzhan231_rock_creek_shotgun_p1_analysis/yzhan231_rock_creek_shotgun_p1/PreheimLab_metagenomics_SOP/analysis/QUAST/MI_crop_0.87/basic_stats/coverage_histogram.pdf
  Drawing scaffolds coverage histogram (bin size: 1x)...
    saved to /home-4/yzhan231@jhu.edu/work/yuezhang/RockCreek/yzhan231_rock_creek_shotgun_p1_analysis/yzhan231_rock_creek_shotgun_p1/PreheimLab_metagenomics_SOP/analysis/QUAST/MI_crop_0.87/basic_stats/scaffolds_coverage_histogram.pdf
Done.

NOTICE: Genes are not predicted by default. Use --gene-finding or --glimmer option to enable it.

2021-06-17 18:53:11
Creating large visual summaries...
This may take a while: press Ctrl-C to skip this step..
  1 of 2: Creating Icarus viewers...
  2 of 2: Creating PDF with all tables and plots...
Done

2021-06-17 18:53:13
RESULTS:
  Text versions of total report are saved to /home-4/yzhan231@jhu.edu/work/yuezhang/RockCreek/yzhan231_rock_creek_shotgun_p1_analysis/yzhan231_rock_creek_shotgun_p1/PreheimLab_metagenomics_SOP/analysis/QUAST/MI_crop_0.87/report.txt, report.tsv, and report.tex
  Text versions of transposed total report are saved to /home-4/yzhan231@jhu.edu/work/yuezhang/RockCreek/yzhan231_rock_creek_shotgun_p1_analysis/yzhan231_rock_creek_shotgun_p1/PreheimLab_metagenomics_SOP/analysis/QUAST/MI_crop_0.87/transposed_report.txt, transposed_report.tsv, and transposed_report.tex
  HTML version (interactive tables and plots) is saved to /home-4/yzhan231@jhu.edu/work/yuezhang/RockCreek/yzhan231_rock_creek_shotgun_p1_analysis/yzhan231_rock_creek_shotgun_p1/PreheimLab_metagenomics_SOP/analysis/QUAST/MI_crop_0.87/report.html
  PDF version (tables and plots) is saved to /home-4/yzhan231@jhu.edu/work/yuezhang/RockCreek/yzhan231_rock_creek_shotgun_p1_analysis/yzhan231_rock_creek_shotgun_p1/PreheimLab_metagenomics_SOP/analysis/QUAST/MI_crop_0.87/report.pdf
  Icarus (contig browser) is saved to /home-4/yzhan231@jhu.edu/work/yuezhang/RockCreek/yzhan231_rock_creek_shotgun_p1_analysis/yzhan231_rock_creek_shotgun_p1/PreheimLab_metagenomics_SOP/analysis/QUAST/MI_crop_0.87/icarus.html
  Log is saved to /home-4/yzhan231@jhu.edu/work/yuezhang/RockCreek/yzhan231_rock_creek_shotgun_p1_analysis/yzhan231_rock_creek_shotgun_p1/PreheimLab_metagenomics_SOP/analysis/QUAST/MI_crop_0.87/quast.log

Finished: 2021-06-17 18:53:13
Elapsed time: 0:00:36.950723
NOTICEs: 1; WARNINGs: 0; non-fatal ERRORs: 0

Thank you for using QUAST!
MI_crop_0.87 done
/home-4/yzhan231@jhu.edu/.conda/envs/metawrap-env/bin/quast -t 48 -o /home-4/yzhan231@jhu.edu/work/yuezhang/RockCreek/yzhan231_rock_creek_shotgun_p1_analysis/yzhan231_rock_creek_shotgun_p1/PreheimLab_metagenomics_SOP/analysis/QUAST/MI_crop_0.95 -m 960 MI_crop_0.95/scaffolds.fasta

Version: 5.0.2

System information:
  OS: Linux-3.10.0-957.1.3.el7_lustre.x86_64-x86_64-with-centos-7.6.1810-Core (linux_64)
  Python version: 2.7.15
  CPUs number: 48

Started: 2021-06-17 18:53:13

Logging to /home-4/yzhan231@jhu.edu/work/yuezhang/RockCreek/yzhan231_rock_creek_shotgun_p1_analysis/yzhan231_rock_creek_shotgun_p1/PreheimLab_metagenomics_SOP/analysis/QUAST/MI_crop_0.95/quast.log

CWD: /scratch/groups/sprehei1/yuezhang/RockCreek/yzhan231_rock_creek_shotgun_p1_analysis/yzhan231_rock_creek_shotgun_p1/PreheimLab_metagenomics_SOP/analysis/ASSEMBLY
Main parameters: 
  MODE: default, threads: 48, minimum contig length: 960, minimum alignment length: 65, \
  ambiguity: one, threshold for extensive misassembly size: 1000

Contigs:
  Pre-processing...
  MI_crop_0.95/scaffolds.fasta ==> scaffolds

2021-06-17 18:53:36
Running Basic statistics processor...
  Contig files: 
    scaffolds
  Calculating N50 and L50...
    scaffolds, N50 = 9907, L50 = 873, Total length = 81306192, GC % = 47.71, # N's per 100 kbp =  31.85
  Drawing Nx plot...
    saved to /home-4/yzhan231@jhu.edu/work/yuezhang/RockCreek/yzhan231_rock_creek_shotgun_p1_analysis/yzhan231_rock_creek_shotgun_p1/PreheimLab_metagenomics_SOP/analysis/QUAST/MI_crop_0.95/basic_stats/Nx_plot.pdf
  Drawing cumulative plot...
    saved to /home-4/yzhan231@jhu.edu/work/yuezhang/RockCreek/yzhan231_rock_creek_shotgun_p1_analysis/yzhan231_rock_creek_shotgun_p1/PreheimLab_metagenomics_SOP/analysis/QUAST/MI_crop_0.95/basic_stats/cumulative_plot.pdf
  Drawing GC content plot...
    saved to /home-4/yzhan231@jhu.edu/work/yuezhang/RockCreek/yzhan231_rock_creek_shotgun_p1_analysis/yzhan231_rock_creek_shotgun_p1/PreheimLab_metagenomics_SOP/analysis/QUAST/MI_crop_0.95/basic_stats/GC_content_plot.pdf
  Drawing scaffolds GC content plot...
    saved to /home-4/yzhan231@jhu.edu/work/yuezhang/RockCreek/yzhan231_rock_creek_shotgun_p1_analysis/yzhan231_rock_creek_shotgun_p1/PreheimLab_metagenomics_SOP/analysis/QUAST/MI_crop_0.95/basic_stats/scaffolds_GC_content_plot.pdf
  Drawing Coverage histogram (bin size: 1x)...
    saved to /home-4/yzhan231@jhu.edu/work/yuezhang/RockCreek/yzhan231_rock_creek_shotgun_p1_analysis/yzhan231_rock_creek_shotgun_p1/PreheimLab_metagenomics_SOP/analysis/QUAST/MI_crop_0.95/basic_stats/coverage_histogram.pdf
  Drawing scaffolds coverage histogram (bin size: 1x)...
    saved to /home-4/yzhan231@jhu.edu/work/yuezhang/RockCreek/yzhan231_rock_creek_shotgun_p1_analysis/yzhan231_rock_creek_shotgun_p1/PreheimLab_metagenomics_SOP/analysis/QUAST/MI_crop_0.95/basic_stats/scaffolds_coverage_histogram.pdf
Done.

NOTICE: Genes are not predicted by default. Use --gene-finding or --glimmer option to enable it.

2021-06-17 18:53:44
Creating large visual summaries...
This may take a while: press Ctrl-C to skip this step..
  1 of 2: Creating Icarus viewers...
  2 of 2: Creating PDF with all tables and plots...
Done

2021-06-17 18:53:46
RESULTS:
  Text versions of total report are saved to /home-4/yzhan231@jhu.edu/work/yuezhang/RockCreek/yzhan231_rock_creek_shotgun_p1_analysis/yzhan231_rock_creek_shotgun_p1/PreheimLab_metagenomics_SOP/analysis/QUAST/MI_crop_0.95/report.txt, report.tsv, and report.tex
  Text versions of transposed total report are saved to /home-4/yzhan231@jhu.edu/work/yuezhang/RockCreek/yzhan231_rock_creek_shotgun_p1_analysis/yzhan231_rock_creek_shotgun_p1/PreheimLab_metagenomics_SOP/analysis/QUAST/MI_crop_0.95/transposed_report.txt, transposed_report.tsv, and transposed_report.tex
  HTML version (interactive tables and plots) is saved to /home-4/yzhan231@jhu.edu/work/yuezhang/RockCreek/yzhan231_rock_creek_shotgun_p1_analysis/yzhan231_rock_creek_shotgun_p1/PreheimLab_metagenomics_SOP/analysis/QUAST/MI_crop_0.95/report.html
  PDF version (tables and plots) is saved to /home-4/yzhan231@jhu.edu/work/yuezhang/RockCreek/yzhan231_rock_creek_shotgun_p1_analysis/yzhan231_rock_creek_shotgun_p1/PreheimLab_metagenomics_SOP/analysis/QUAST/MI_crop_0.95/report.pdf
  Icarus (contig browser) is saved to /home-4/yzhan231@jhu.edu/work/yuezhang/RockCreek/yzhan231_rock_creek_shotgun_p1_analysis/yzhan231_rock_creek_shotgun_p1/PreheimLab_metagenomics_SOP/analysis/QUAST/MI_crop_0.95/icarus.html
  Log is saved to /home-4/yzhan231@jhu.edu/work/yuezhang/RockCreek/yzhan231_rock_creek_shotgun_p1_analysis/yzhan231_rock_creek_shotgun_p1/PreheimLab_metagenomics_SOP/analysis/QUAST/MI_crop_0.95/quast.log

Finished: 2021-06-17 18:53:46
Elapsed time: 0:00:33.259710
NOTICEs: 1; WARNINGs: 0; non-fatal ERRORs: 0

Thank you for using QUAST!
MI_crop_0.95 done
/home-4/yzhan231@jhu.edu/.conda/envs/metawrap-env/bin/quast -t 48 -o /home-4/yzhan231@jhu.edu/work/yuezhang/RockCreek/yzhan231_rock_creek_shotgun_p1_analysis/yzhan231_rock_creek_shotgun_p1/PreheimLab_metagenomics_SOP/analysis/QUAST/SW_24 -m 960 SW_24/scaffolds.fasta

Version: 5.0.2

System information:
  OS: Linux-3.10.0-957.1.3.el7_lustre.x86_64-x86_64-with-centos-7.6.1810-Core (linux_64)
  Python version: 2.7.15
  CPUs number: 48

Started: 2021-06-17 18:53:47

Logging to /home-4/yzhan231@jhu.edu/work/yuezhang/RockCreek/yzhan231_rock_creek_shotgun_p1_analysis/yzhan231_rock_creek_shotgun_p1/PreheimLab_metagenomics_SOP/analysis/QUAST/SW_24/quast.log

CWD: /scratch/groups/sprehei1/yuezhang/RockCreek/yzhan231_rock_creek_shotgun_p1_analysis/yzhan231_rock_creek_shotgun_p1/PreheimLab_metagenomics_SOP/analysis/ASSEMBLY
Main parameters: 
  MODE: default, threads: 48, minimum contig length: 960, minimum alignment length: 65, \
  ambiguity: one, threshold for extensive misassembly size: 1000

Contigs:
  Pre-processing...
  SW_24/scaffolds.fasta ==> scaffolds

2021-06-17 18:54:14
Running Basic statistics processor...
  Contig files: 
    scaffolds
  Calculating N50 and L50...
    scaffolds, N50 = 6638, L50 = 1367, Total length = 92355737, GC % = 48.03, # N's per 100 kbp =  38.30
  Drawing Nx plot...
    saved to /home-4/yzhan231@jhu.edu/work/yuezhang/RockCreek/yzhan231_rock_creek_shotgun_p1_analysis/yzhan231_rock_creek_shotgun_p1/PreheimLab_metagenomics_SOP/analysis/QUAST/SW_24/basic_stats/Nx_plot.pdf
  Drawing cumulative plot...
    saved to /home-4/yzhan231@jhu.edu/work/yuezhang/RockCreek/yzhan231_rock_creek_shotgun_p1_analysis/yzhan231_rock_creek_shotgun_p1/PreheimLab_metagenomics_SOP/analysis/QUAST/SW_24/basic_stats/cumulative_plot.pdf
  Drawing GC content plot...
    saved to /home-4/yzhan231@jhu.edu/work/yuezhang/RockCreek/yzhan231_rock_creek_shotgun_p1_analysis/yzhan231_rock_creek_shotgun_p1/PreheimLab_metagenomics_SOP/analysis/QUAST/SW_24/basic_stats/GC_content_plot.pdf
  Drawing scaffolds GC content plot...
    saved to /home-4/yzhan231@jhu.edu/work/yuezhang/RockCreek/yzhan231_rock_creek_shotgun_p1_analysis/yzhan231_rock_creek_shotgun_p1/PreheimLab_metagenomics_SOP/analysis/QUAST/SW_24/basic_stats/scaffolds_GC_content_plot.pdf
  Drawing Coverage histogram (bin size: 1x)...
    saved to /home-4/yzhan231@jhu.edu/work/yuezhang/RockCreek/yzhan231_rock_creek_shotgun_p1_analysis/yzhan231_rock_creek_shotgun_p1/PreheimLab_metagenomics_SOP/analysis/QUAST/SW_24/basic_stats/coverage_histogram.pdf
  Drawing scaffolds coverage histogram (bin size: 1x)...
    saved to /home-4/yzhan231@jhu.edu/work/yuezhang/RockCreek/yzhan231_rock_creek_shotgun_p1_analysis/yzhan231_rock_creek_shotgun_p1/PreheimLab_metagenomics_SOP/analysis/QUAST/SW_24/basic_stats/scaffolds_coverage_histogram.pdf
Done.

NOTICE: Genes are not predicted by default. Use --gene-finding or --glimmer option to enable it.

2021-06-17 18:54:24
Creating large visual summaries...
This may take a while: press Ctrl-C to skip this step..
  1 of 2: Creating Icarus viewers...
  2 of 2: Creating PDF with all tables and plots...
Done

2021-06-17 18:54:26
RESULTS:
  Text versions of total report are saved to /home-4/yzhan231@jhu.edu/work/yuezhang/RockCreek/yzhan231_rock_creek_shotgun_p1_analysis/yzhan231_rock_creek_shotgun_p1/PreheimLab_metagenomics_SOP/analysis/QUAST/SW_24/report.txt, report.tsv, and report.tex
  Text versions of transposed total report are saved to /home-4/yzhan231@jhu.edu/work/yuezhang/RockCreek/yzhan231_rock_creek_shotgun_p1_analysis/yzhan231_rock_creek_shotgun_p1/PreheimLab_metagenomics_SOP/analysis/QUAST/SW_24/transposed_report.txt, transposed_report.tsv, and transposed_report.tex
  HTML version (interactive tables and plots) is saved to /home-4/yzhan231@jhu.edu/work/yuezhang/RockCreek/yzhan231_rock_creek_shotgun_p1_analysis/yzhan231_rock_creek_shotgun_p1/PreheimLab_metagenomics_SOP/analysis/QUAST/SW_24/report.html
  PDF version (tables and plots) is saved to /home-4/yzhan231@jhu.edu/work/yuezhang/RockCreek/yzhan231_rock_creek_shotgun_p1_analysis/yzhan231_rock_creek_shotgun_p1/PreheimLab_metagenomics_SOP/analysis/QUAST/SW_24/report.pdf
  Icarus (contig browser) is saved to /home-4/yzhan231@jhu.edu/work/yuezhang/RockCreek/yzhan231_rock_creek_shotgun_p1_analysis/yzhan231_rock_creek_shotgun_p1/PreheimLab_metagenomics_SOP/analysis/QUAST/SW_24/icarus.html
  Log is saved to /home-4/yzhan231@jhu.edu/work/yuezhang/RockCreek/yzhan231_rock_creek_shotgun_p1_analysis/yzhan231_rock_creek_shotgun_p1/PreheimLab_metagenomics_SOP/analysis/QUAST/SW_24/quast.log

Finished: 2021-06-17 18:54:26
Elapsed time: 0:00:38.750209
NOTICEs: 1; WARNINGs: 0; non-fatal ERRORs: 0

Thank you for using QUAST!
SW_24 done
/home-4/yzhan231@jhu.edu/.conda/envs/metawrap-env/bin/quast -t 48 -o /home-4/yzhan231@jhu.edu/work/yuezhang/RockCreek/yzhan231_rock_creek_shotgun_p1_analysis/yzhan231_rock_creek_shotgun_p1/PreheimLab_metagenomics_SOP/analysis/QUAST/SW_28 -m 960 SW_28/scaffolds.fasta

Version: 5.0.2

System information:
  OS: Linux-3.10.0-957.1.3.el7_lustre.x86_64-x86_64-with-centos-7.6.1810-Core (linux_64)
  Python version: 2.7.15
  CPUs number: 48

Started: 2021-06-17 18:54:26

Logging to /home-4/yzhan231@jhu.edu/work/yuezhang/RockCreek/yzhan231_rock_creek_shotgun_p1_analysis/yzhan231_rock_creek_shotgun_p1/PreheimLab_metagenomics_SOP/analysis/QUAST/SW_28/quast.log

CWD: /scratch/groups/sprehei1/yuezhang/RockCreek/yzhan231_rock_creek_shotgun_p1_analysis/yzhan231_rock_creek_shotgun_p1/PreheimLab_metagenomics_SOP/analysis/ASSEMBLY
Main parameters: 
  MODE: default, threads: 48, minimum contig length: 960, minimum alignment length: 65, \
  ambiguity: one, threshold for extensive misassembly size: 1000

Contigs:
  Pre-processing...
  SW_28/scaffolds.fasta ==> scaffolds

2021-06-17 18:54:51
Running Basic statistics processor...
  Contig files: 
    scaffolds
  Calculating N50 and L50...
    scaffolds, N50 = 7809, L50 = 1131, Total length = 86966311, GC % = 47.91, # N's per 100 kbp =  34.98
  Drawing Nx plot...
    saved to /home-4/yzhan231@jhu.edu/work/yuezhang/RockCreek/yzhan231_rock_creek_shotgun_p1_analysis/yzhan231_rock_creek_shotgun_p1/PreheimLab_metagenomics_SOP/analysis/QUAST/SW_28/basic_stats/Nx_plot.pdf
  Drawing cumulative plot...
    saved to /home-4/yzhan231@jhu.edu/work/yuezhang/RockCreek/yzhan231_rock_creek_shotgun_p1_analysis/yzhan231_rock_creek_shotgun_p1/PreheimLab_metagenomics_SOP/analysis/QUAST/SW_28/basic_stats/cumulative_plot.pdf
  Drawing GC content plot...
    saved to /home-4/yzhan231@jhu.edu/work/yuezhang/RockCreek/yzhan231_rock_creek_shotgun_p1_analysis/yzhan231_rock_creek_shotgun_p1/PreheimLab_metagenomics_SOP/analysis/QUAST/SW_28/basic_stats/GC_content_plot.pdf
  Drawing scaffolds GC content plot...
    saved to /home-4/yzhan231@jhu.edu/work/yuezhang/RockCreek/yzhan231_rock_creek_shotgun_p1_analysis/yzhan231_rock_creek_shotgun_p1/PreheimLab_metagenomics_SOP/analysis/QUAST/SW_28/basic_stats/scaffolds_GC_content_plot.pdf
  Drawing Coverage histogram (bin size: 1x)...
    saved to /home-4/yzhan231@jhu.edu/work/yuezhang/RockCreek/yzhan231_rock_creek_shotgun_p1_analysis/yzhan231_rock_creek_shotgun_p1/PreheimLab_metagenomics_SOP/analysis/QUAST/SW_28/basic_stats/coverage_histogram.pdf
  Drawing scaffolds coverage histogram (bin size: 1x)...
    saved to /home-4/yzhan231@jhu.edu/work/yuezhang/RockCreek/yzhan231_rock_creek_shotgun_p1_analysis/yzhan231_rock_creek_shotgun_p1/PreheimLab_metagenomics_SOP/analysis/QUAST/SW_28/basic_stats/scaffolds_coverage_histogram.pdf
Done.

NOTICE: Genes are not predicted by default. Use --gene-finding or --glimmer option to enable it.

2021-06-17 18:55:01
Creating large visual summaries...
This may take a while: press Ctrl-C to skip this step..
  1 of 2: Creating Icarus viewers...
  2 of 2: Creating PDF with all tables and plots...
Done

2021-06-17 18:55:03
RESULTS:
  Text versions of total report are saved to /home-4/yzhan231@jhu.edu/work/yuezhang/RockCreek/yzhan231_rock_creek_shotgun_p1_analysis/yzhan231_rock_creek_shotgun_p1/PreheimLab_metagenomics_SOP/analysis/QUAST/SW_28/report.txt, report.tsv, and report.tex
  Text versions of transposed total report are saved to /home-4/yzhan231@jhu.edu/work/yuezhang/RockCreek/yzhan231_rock_creek_shotgun_p1_analysis/yzhan231_rock_creek_shotgun_p1/PreheimLab_metagenomics_SOP/analysis/QUAST/SW_28/transposed_report.txt, transposed_report.tsv, and transposed_report.tex
  HTML version (interactive tables and plots) is saved to /home-4/yzhan231@jhu.edu/work/yuezhang/RockCreek/yzhan231_rock_creek_shotgun_p1_analysis/yzhan231_rock_creek_shotgun_p1/PreheimLab_metagenomics_SOP/analysis/QUAST/SW_28/report.html
  PDF version (tables and plots) is saved to /home-4/yzhan231@jhu.edu/work/yuezhang/RockCreek/yzhan231_rock_creek_shotgun_p1_analysis/yzhan231_rock_creek_shotgun_p1/PreheimLab_metagenomics_SOP/analysis/QUAST/SW_28/report.pdf
  Icarus (contig browser) is saved to /home-4/yzhan231@jhu.edu/work/yuezhang/RockCreek/yzhan231_rock_creek_shotgun_p1_analysis/yzhan231_rock_creek_shotgun_p1/PreheimLab_metagenomics_SOP/analysis/QUAST/SW_28/icarus.html
  Log is saved to /home-4/yzhan231@jhu.edu/work/yuezhang/RockCreek/yzhan231_rock_creek_shotgun_p1_analysis/yzhan231_rock_creek_shotgun_p1/PreheimLab_metagenomics_SOP/analysis/QUAST/SW_28/quast.log

Finished: 2021-06-17 18:55:03
Elapsed time: 0:00:36.729010
NOTICEs: 1; WARNINGs: 0; non-fatal ERRORs: 0

Thank you for using QUAST!
SW_28 done
/home-4/yzhan231@jhu.edu/.conda/envs/metawrap-env/bin/quast -t 48 -o /home-4/yzhan231@jhu.edu/work/yuezhang/RockCreek/yzhan231_rock_creek_shotgun_p1_analysis/yzhan231_rock_creek_shotgun_p1/PreheimLab_metagenomics_SOP/analysis/QUAST/SW_32 -m 960 SW_32/scaffolds.fasta

Version: 5.0.2

System information:
  OS: Linux-3.10.0-957.1.3.el7_lustre.x86_64-x86_64-with-centos-7.6.1810-Core (linux_64)
  Python version: 2.7.15
  CPUs number: 48

Started: 2021-06-17 18:55:03

Logging to /home-4/yzhan231@jhu.edu/work/yuezhang/RockCreek/yzhan231_rock_creek_shotgun_p1_analysis/yzhan231_rock_creek_shotgun_p1/PreheimLab_metagenomics_SOP/analysis/QUAST/SW_32/quast.log

CWD: /scratch/groups/sprehei1/yuezhang/RockCreek/yzhan231_rock_creek_shotgun_p1_analysis/yzhan231_rock_creek_shotgun_p1/PreheimLab_metagenomics_SOP/analysis/ASSEMBLY
Main parameters: 
  MODE: default, threads: 48, minimum contig length: 960, minimum alignment length: 65, \
  ambiguity: one, threshold for extensive misassembly size: 1000

Contigs:
  Pre-processing...
  SW_32/scaffolds.fasta ==> scaffolds

2021-06-17 18:55:24
Running Basic statistics processor...
  Contig files: 
    scaffolds
  Calculating N50 and L50...
    scaffolds, N50 = 10635, L50 = 847, Total length = 78778467, GC % = 47.77, # N's per 100 kbp =  34.15
  Drawing Nx plot...
    saved to /home-4/yzhan231@jhu.edu/work/yuezhang/RockCreek/yzhan231_rock_creek_shotgun_p1_analysis/yzhan231_rock_creek_shotgun_p1/PreheimLab_metagenomics_SOP/analysis/QUAST/SW_32/basic_stats/Nx_plot.pdf
  Drawing cumulative plot...
    saved to /home-4/yzhan231@jhu.edu/work/yuezhang/RockCreek/yzhan231_rock_creek_shotgun_p1_analysis/yzhan231_rock_creek_shotgun_p1/PreheimLab_metagenomics_SOP/analysis/QUAST/SW_32/basic_stats/cumulative_plot.pdf
  Drawing GC content plot...
    saved to /home-4/yzhan231@jhu.edu/work/yuezhang/RockCreek/yzhan231_rock_creek_shotgun_p1_analysis/yzhan231_rock_creek_shotgun_p1/PreheimLab_metagenomics_SOP/analysis/QUAST/SW_32/basic_stats/GC_content_plot.pdf
  Drawing scaffolds GC content plot...
    saved to /home-4/yzhan231@jhu.edu/work/yuezhang/RockCreek/yzhan231_rock_creek_shotgun_p1_analysis/yzhan231_rock_creek_shotgun_p1/PreheimLab_metagenomics_SOP/analysis/QUAST/SW_32/basic_stats/scaffolds_GC_content_plot.pdf
  Drawing Coverage histogram (bin size: 1x)...
    saved to /home-4/yzhan231@jhu.edu/work/yuezhang/RockCreek/yzhan231_rock_creek_shotgun_p1_analysis/yzhan231_rock_creek_shotgun_p1/PreheimLab_metagenomics_SOP/analysis/QUAST/SW_32/basic_stats/coverage_histogram.pdf
  Drawing scaffolds coverage histogram (bin size: 1x)...
    saved to /home-4/yzhan231@jhu.edu/work/yuezhang/RockCreek/yzhan231_rock_creek_shotgun_p1_analysis/yzhan231_rock_creek_shotgun_p1/PreheimLab_metagenomics_SOP/analysis/QUAST/SW_32/basic_stats/scaffolds_coverage_histogram.pdf
Done.

NOTICE: Genes are not predicted by default. Use --gene-finding or --glimmer option to enable it.

2021-06-17 18:55:34
Creating large visual summaries...
This may take a while: press Ctrl-C to skip this step..
  1 of 2: Creating Icarus viewers...
  2 of 2: Creating PDF with all tables and plots...
Done

2021-06-17 18:55:36
RESULTS:
  Text versions of total report are saved to /home-4/yzhan231@jhu.edu/work/yuezhang/RockCreek/yzhan231_rock_creek_shotgun_p1_analysis/yzhan231_rock_creek_shotgun_p1/PreheimLab_metagenomics_SOP/analysis/QUAST/SW_32/report.txt, report.tsv, and report.tex
  Text versions of transposed total report are saved to /home-4/yzhan231@jhu.edu/work/yuezhang/RockCreek/yzhan231_rock_creek_shotgun_p1_analysis/yzhan231_rock_creek_shotgun_p1/PreheimLab_metagenomics_SOP/analysis/QUAST/SW_32/transposed_report.txt, transposed_report.tsv, and transposed_report.tex
  HTML version (interactive tables and plots) is saved to /home-4/yzhan231@jhu.edu/work/yuezhang/RockCreek/yzhan231_rock_creek_shotgun_p1_analysis/yzhan231_rock_creek_shotgun_p1/PreheimLab_metagenomics_SOP/analysis/QUAST/SW_32/report.html
  PDF version (tables and plots) is saved to /home-4/yzhan231@jhu.edu/work/yuezhang/RockCreek/yzhan231_rock_creek_shotgun_p1_analysis/yzhan231_rock_creek_shotgun_p1/PreheimLab_metagenomics_SOP/analysis/QUAST/SW_32/report.pdf
  Icarus (contig browser) is saved to /home-4/yzhan231@jhu.edu/work/yuezhang/RockCreek/yzhan231_rock_creek_shotgun_p1_analysis/yzhan231_rock_creek_shotgun_p1/PreheimLab_metagenomics_SOP/analysis/QUAST/SW_32/icarus.html
  Log is saved to /home-4/yzhan231@jhu.edu/work/yuezhang/RockCreek/yzhan231_rock_creek_shotgun_p1_analysis/yzhan231_rock_creek_shotgun_p1/PreheimLab_metagenomics_SOP/analysis/QUAST/SW_32/quast.log

Finished: 2021-06-17 18:55:36
Elapsed time: 0:00:32.282733
NOTICEs: 1; WARNINGs: 0; non-fatal ERRORs: 0

Thank you for using QUAST!
SW_32 done
