Startin bowtie2-mapping
Fri Nov 11 15:14:58 EST 2022
1706814 reads; of these:
  130175 (7.63%) were paired; of these:
    44046 (33.84%) aligned concordantly 0 times
    85419 (65.62%) aligned concordantly exactly 1 time
    710 (0.55%) aligned concordantly >1 times
    ----
    44046 pairs aligned concordantly 0 times; of these:
      5430 (12.33%) aligned discordantly 1 time
    ----
    38616 pairs aligned 0 times concordantly or discordantly; of these:
      77232 mates make up the pairs; of these:
        65373 (84.64%) aligned 0 times
        10859 (14.06%) aligned exactly 1 time
        1000 (1.29%) aligned >1 times
  1576639 (92.37%) were unpaired; of these:
    877273 (55.64%) aligned 0 times
    664896 (42.17%) aligned exactly 1 time
    34470 (2.19%) aligned >1 times
48.69% overall alignment rate
Completed bowtie2-build
Fri Nov 11 15:17:20 EST 2022
