Startin bowtie2-mapping
Fri Nov 11 15:14:58 EST 2022
849579 reads; of these:
  64023 (7.54%) were paired; of these:
    21571 (33.69%) aligned concordantly 0 times
    42172 (65.87%) aligned concordantly exactly 1 time
    280 (0.44%) aligned concordantly >1 times
    ----
    21571 pairs aligned concordantly 0 times; of these:
      2405 (11.15%) aligned discordantly 1 time
    ----
    19166 pairs aligned 0 times concordantly or discordantly; of these:
      38332 mates make up the pairs; of these:
        33290 (86.85%) aligned 0 times
        4671 (12.19%) aligned exactly 1 time
        371 (0.97%) aligned >1 times
  785556 (92.46%) were unpaired; of these:
    478591 (60.92%) aligned 0 times
    293849 (37.41%) aligned exactly 1 time
    13116 (1.67%) aligned >1 times
43.97% overall alignment rate
Completed bowtie2-build
Fri Nov 11 15:16:15 EST 2022
