Wed Nov 16 13:35:06 EST 2022
processing /home/yzhan231/scratch4-sprehei1/yuezhang/RockCreek/yzhan231_rock_creek_shotgun_p1_analysis/yzhan231_rock_creek_shotgun_p1/PreheimLab_metagenomics_SOP/analysis/BOWTIE/alignment/20190709-RC1-AM-BOTTOM.bowtie2.sorted.bed
/home/yzhan231/scratch4-sprehei1/yuezhang/RockCreek/yzhan231_rock_creek_shotgun_p1_analysis/yzhan231_rock_creek_shotgun_p1/PreheimLab_metagenomics_SOP/analysis/BOWTIE/alignment/20190709-RC1-AM-BOTTOM.bowtie2.sorted.bed is processed
processing /home/yzhan231/scratch4-sprehei1/yuezhang/RockCreek/yzhan231_rock_creek_shotgun_p1_analysis/yzhan231_rock_creek_shotgun_p1/PreheimLab_metagenomics_SOP/analysis/BOWTIE/alignment/20190709-RC7-AM-BOTTOM.bowtie2.sorted.bed
/home/yzhan231/scratch4-sprehei1/yuezhang/RockCreek/yzhan231_rock_creek_shotgun_p1_analysis/yzhan231_rock_creek_shotgun_p1/PreheimLab_metagenomics_SOP/analysis/BOWTIE/alignment/20190709-RC7-AM-BOTTOM.bowtie2.sorted.bed is processed
processing /home/yzhan231/scratch4-sprehei1/yuezhang/RockCreek/yzhan231_rock_creek_shotgun_p1_analysis/yzhan231_rock_creek_shotgun_p1/PreheimLab_metagenomics_SOP/analysis/BOWTIE/alignment/20190716-RC1-AM-BOTTOM.bowtie2.sorted.bed
/home/yzhan231/scratch4-sprehei1/yuezhang/RockCreek/yzhan231_rock_creek_shotgun_p1_analysis/yzhan231_rock_creek_shotgun_p1/PreheimLab_metagenomics_SOP/analysis/BOWTIE/alignment/20190716-RC1-AM-BOTTOM.bowtie2.sorted.bed is processed
processing /home/yzhan231/scratch4-sprehei1/yuezhang/RockCreek/yzhan231_rock_creek_shotgun_p1_analysis/yzhan231_rock_creek_shotgun_p1/PreheimLab_metagenomics_SOP/analysis/BOWTIE/alignment/20190716-RC1-AM-TOP.bowtie2.sorted.bed
/home/yzhan231/scratch4-sprehei1/yuezhang/RockCreek/yzhan231_rock_creek_shotgun_p1_analysis/yzhan231_rock_creek_shotgun_p1/PreheimLab_metagenomics_SOP/analysis/BOWTIE/alignment/20190716-RC1-AM-TOP.bowtie2.sorted.bed is processed
processing /home/yzhan231/scratch4-sprehei1/yuezhang/RockCreek/yzhan231_rock_creek_shotgun_p1_analysis/yzhan231_rock_creek_shotgun_p1/PreheimLab_metagenomics_SOP/analysis/BOWTIE/alignment/20190716-RC2-AM-BOTTOM.bowtie2.sorted.bed
/home/yzhan231/scratch4-sprehei1/yuezhang/RockCreek/yzhan231_rock_creek_shotgun_p1_analysis/yzhan231_rock_creek_shotgun_p1/PreheimLab_metagenomics_SOP/analysis/BOWTIE/alignment/20190716-RC2-AM-BOTTOM.bowtie2.sorted.bed is processed
processing /home/yzhan231/scratch4-sprehei1/yuezhang/RockCreek/yzhan231_rock_creek_shotgun_p1_analysis/yzhan231_rock_creek_shotgun_p1/PreheimLab_metagenomics_SOP/analysis/BOWTIE/alignment/20190716-RC7-AM-BOTTOM.bowtie2.sorted.bed
/home/yzhan231/scratch4-sprehei1/yuezhang/RockCreek/yzhan231_rock_creek_shotgun_p1_analysis/yzhan231_rock_creek_shotgun_p1/PreheimLab_metagenomics_SOP/analysis/BOWTIE/alignment/20190716-RC7-AM-BOTTOM.bowtie2.sorted.bed is processed
processing /home/yzhan231/scratch4-sprehei1/yuezhang/RockCreek/yzhan231_rock_creek_shotgun_p1_analysis/yzhan231_rock_creek_shotgun_p1/PreheimLab_metagenomics_SOP/analysis/BOWTIE/alignment/20190716-RC9-AM-BOTTOM.bowtie2.sorted.bed
/home/yzhan231/scratch4-sprehei1/yuezhang/RockCreek/yzhan231_rock_creek_shotgun_p1_analysis/yzhan231_rock_creek_shotgun_p1/PreheimLab_metagenomics_SOP/analysis/BOWTIE/alignment/20190716-RC9-AM-BOTTOM.bowtie2.sorted.bed is processed
processing /home/yzhan231/scratch4-sprehei1/yuezhang/RockCreek/yzhan231_rock_creek_shotgun_p1_analysis/yzhan231_rock_creek_shotgun_p1/PreheimLab_metagenomics_SOP/analysis/BOWTIE/alignment/20190723-RC1-AM-BOTTOM.bowtie2.sorted.bed
/home/yzhan231/scratch4-sprehei1/yuezhang/RockCreek/yzhan231_rock_creek_shotgun_p1_analysis/yzhan231_rock_creek_shotgun_p1/PreheimLab_metagenomics_SOP/analysis/BOWTIE/alignment/20190723-RC1-AM-BOTTOM.bowtie2.sorted.bed is processed
processing /home/yzhan231/scratch4-sprehei1/yuezhang/RockCreek/yzhan231_rock_creek_shotgun_p1_analysis/yzhan231_rock_creek_shotgun_p1/PreheimLab_metagenomics_SOP/analysis/BOWTIE/alignment/20190723-RC2-AM-BOTTOM.bowtie2.sorted.bed
/home/yzhan231/scratch4-sprehei1/yuezhang/RockCreek/yzhan231_rock_creek_shotgun_p1_analysis/yzhan231_rock_creek_shotgun_p1/PreheimLab_metagenomics_SOP/analysis/BOWTIE/alignment/20190723-RC2-AM-BOTTOM.bowtie2.sorted.bed is processed
processing /home/yzhan231/scratch4-sprehei1/yuezhang/RockCreek/yzhan231_rock_creek_shotgun_p1_analysis/yzhan231_rock_creek_shotgun_p1/PreheimLab_metagenomics_SOP/analysis/BOWTIE/alignment/20190723-RC7-AM-BOTTOM.bowtie2.sorted.bed
/home/yzhan231/scratch4-sprehei1/yuezhang/RockCreek/yzhan231_rock_creek_shotgun_p1_analysis/yzhan231_rock_creek_shotgun_p1/PreheimLab_metagenomics_SOP/analysis/BOWTIE/alignment/20190723-RC7-AM-BOTTOM.bowtie2.sorted.bed is processed
processing /home/yzhan231/scratch4-sprehei1/yuezhang/RockCreek/yzhan231_rock_creek_shotgun_p1_analysis/yzhan231_rock_creek_shotgun_p1/PreheimLab_metagenomics_SOP/analysis/BOWTIE/alignment/20190723-RC9-AM-BOTTOM.bowtie2.sorted.bed
/home/yzhan231/scratch4-sprehei1/yuezhang/RockCreek/yzhan231_rock_creek_shotgun_p1_analysis/yzhan231_rock_creek_shotgun_p1/PreheimLab_metagenomics_SOP/analysis/BOWTIE/alignment/20190723-RC9-AM-BOTTOM.bowtie2.sorted.bed is processed
processing /home/yzhan231/scratch4-sprehei1/yuezhang/RockCreek/yzhan231_rock_creek_shotgun_p1_analysis/yzhan231_rock_creek_shotgun_p1/PreheimLab_metagenomics_SOP/analysis/BOWTIE/alignment/20190730-RC1-AM-BOTTOM.bowtie2.sorted.bed
/home/yzhan231/scratch4-sprehei1/yuezhang/RockCreek/yzhan231_rock_creek_shotgun_p1_analysis/yzhan231_rock_creek_shotgun_p1/PreheimLab_metagenomics_SOP/analysis/BOWTIE/alignment/20190730-RC1-AM-BOTTOM.bowtie2.sorted.bed is processed
processing /home/yzhan231/scratch4-sprehei1/yuezhang/RockCreek/yzhan231_rock_creek_shotgun_p1_analysis/yzhan231_rock_creek_shotgun_p1/PreheimLab_metagenomics_SOP/analysis/BOWTIE/alignment/20190730-RC2-AM-BOTTOM-BUOY.bowtie2.sorted.bed
/home/yzhan231/scratch4-sprehei1/yuezhang/RockCreek/yzhan231_rock_creek_shotgun_p1_analysis/yzhan231_rock_creek_shotgun_p1/PreheimLab_metagenomics_SOP/analysis/BOWTIE/alignment/20190730-RC2-AM-BOTTOM-BUOY.bowtie2.sorted.bed is processed
processing /home/yzhan231/scratch4-sprehei1/yuezhang/RockCreek/yzhan231_rock_creek_shotgun_p1_analysis/yzhan231_rock_creek_shotgun_p1/PreheimLab_metagenomics_SOP/analysis/BOWTIE/alignment/20190730-RC7-AM-BOTTOM.bowtie2.sorted.bed
/home/yzhan231/scratch4-sprehei1/yuezhang/RockCreek/yzhan231_rock_creek_shotgun_p1_analysis/yzhan231_rock_creek_shotgun_p1/PreheimLab_metagenomics_SOP/analysis/BOWTIE/alignment/20190730-RC7-AM-BOTTOM.bowtie2.sorted.bed is processed
processing /home/yzhan231/scratch4-sprehei1/yuezhang/RockCreek/yzhan231_rock_creek_shotgun_p1_analysis/yzhan231_rock_creek_shotgun_p1/PreheimLab_metagenomics_SOP/analysis/BOWTIE/alignment/20190730-RC9-AM-BOTTOM.bowtie2.sorted.bed
/home/yzhan231/scratch4-sprehei1/yuezhang/RockCreek/yzhan231_rock_creek_shotgun_p1_analysis/yzhan231_rock_creek_shotgun_p1/PreheimLab_metagenomics_SOP/analysis/BOWTIE/alignment/20190730-RC9-AM-BOTTOM.bowtie2.sorted.bed is processed
Wed Nov 16 13:35:23 EST 2022
