Version Server Response: Not Found
The file [/home-4/yzhan231@jhu.edu/work/yuezhang/RockCreek/yzhan231_rock_creek_shotgun_p1_analysis/yzhan231_rock_creek_shotgun_p1/PreheimLab_metagenomics_SOP/metawrap_06222021/BIN_REFINEMENT/metawrap_70_5_bins/all_bins_concatenated.fa] provided for the transcriptome does not appear to exist./var/spool/slurm//job50968170/slurm_script: line 26: error: command not found
Version Server Response: Not Found
### salmon (selective-alignment-based) v1.5.1
### [ program ] => salmon 
### [ command ] => quant 
### [ index ] => { /home-4/yzhan231@jhu.edu/work/yuezhang/RockCreek/yzhan231_rock_creek_shotgun_p1_analysis/yzhan231_rock_creek_shotgun_p1/PreheimLab_metagenomics_SOP/metawrap_06222021/QUANT_BINS_salmon1.5.1/assembly_index }
### [ libType ] => { A }
### [ mates1 ] => { /home-4/yzhan231@jhu.edu/work/yuezhang/RockCreek/yzhan231_rock_creek_shotgun_p1_analysis/yzhan231_rock_creek_shotgun_p1/PreheimLab_metagenomics_SOP/metawrap_06222021/CLEAN_READS/20190709-RC1-AM-BOTTOM_1.fastq }
### [ mates2 ] => { /home-4/yzhan231@jhu.edu/work/yuezhang/RockCreek/yzhan231_rock_creek_shotgun_p1_analysis/yzhan231_rock_creek_shotgun_p1/PreheimLab_metagenomics_SOP/metawrap_06222021/CLEAN_READS/20190709-RC1-AM-BOTTOM_2.fastq }
### [ threads ] => { 48 }
### [ validateMappings ] => { }
### [ output ] => { /home-4/yzhan231@jhu.edu/work/yuezhang/RockCreek/yzhan231_rock_creek_shotgun_p1_analysis/yzhan231_rock_creek_shotgun_p1/PreheimLab_metagenomics_SOP/metawrap_06222021/QUANT_BINS_salmon1.5.1/quants/20190709-RC1-AM-BOTTOM }
Logs will be written to /home-4/yzhan231@jhu.edu/work/yuezhang/RockCreek/yzhan231_rock_creek_shotgun_p1_analysis/yzhan231_rock_creek_shotgun_p1/PreheimLab_metagenomics_SOP/metawrap_06222021/QUANT_BINS_salmon1.5.1/quants/20190709-RC1-AM-BOTTOM/logs
[2021-06-28 22:15:08.276] [jointLog] [info] setting maxHashResizeThreads to 48
[2021-06-28 22:15:08.276] [jointLog] [info] Fragment incompatibility prior below threshold.  Incompatible fragments will be ignored.
[2021-06-28 22:15:08.276] [jointLog] [info] Usage of --validateMappings implies use of minScoreFraction. Since not explicitly specified, it is being set to 0.65
[2021-06-28 22:15:08.276] [jointLog] [info] Setting consensusSlack to selective-alignment default of 0.35.
[2021-06-28 22:15:08.276] [jointLog] [info] parsing read library format
[2021-06-28 22:15:08.276] [jointLog] [info] There is 1 library.
Exception : [Error: The index version file /home-4/yzhan231@jhu.edu/work/yuezhang/RockCreek/yzhan231_rock_creek_shotgun_p1_analysis/yzhan231_rock_creek_shotgun_p1/PreheimLab_metagenomics_SOP/metawrap_06222021/QUANT_BINS_salmon1.5.1/assembly_index/versionInfo.json doesn't seem to exist.  Please try re-building the salmon index.]
salmon quant was invoked improperly.
For usage information, try salmon quant --help
Exiting.
20190709-RC1-AM-BOTTOM processed
Version Server Response: Not Found
### salmon (selective-alignment-based) v1.5.1
### [ program ] => salmon 
### [ command ] => quant 
### [ index ] => { /home-4/yzhan231@jhu.edu/work/yuezhang/RockCreek/yzhan231_rock_creek_shotgun_p1_analysis/yzhan231_rock_creek_shotgun_p1/PreheimLab_metagenomics_SOP/metawrap_06222021/QUANT_BINS_salmon1.5.1/assembly_index }
### [ libType ] => { A }
### [ mates1 ] => { /home-4/yzhan231@jhu.edu/work/yuezhang/RockCreek/yzhan231_rock_creek_shotgun_p1_analysis/yzhan231_rock_creek_shotgun_p1/PreheimLab_metagenomics_SOP/metawrap_06222021/CLEAN_READS/20190709-RC7-AM-BOTTOM_1.fastq }
### [ mates2 ] => { /home-4/yzhan231@jhu.edu/work/yuezhang/RockCreek/yzhan231_rock_creek_shotgun_p1_analysis/yzhan231_rock_creek_shotgun_p1/PreheimLab_metagenomics_SOP/metawrap_06222021/CLEAN_READS/20190709-RC7-AM-BOTTOM_2.fastq }
### [ threads ] => { 48 }
### [ validateMappings ] => { }
### [ output ] => { /home-4/yzhan231@jhu.edu/work/yuezhang/RockCreek/yzhan231_rock_creek_shotgun_p1_analysis/yzhan231_rock_creek_shotgun_p1/PreheimLab_metagenomics_SOP/metawrap_06222021/QUANT_BINS_salmon1.5.1/quants/20190709-RC7-AM-BOTTOM }
Logs will be written to /home-4/yzhan231@jhu.edu/work/yuezhang/RockCreek/yzhan231_rock_creek_shotgun_p1_analysis/yzhan231_rock_creek_shotgun_p1/PreheimLab_metagenomics_SOP/metawrap_06222021/QUANT_BINS_salmon1.5.1/quants/20190709-RC7-AM-BOTTOM/logs
[2021-06-28 22:15:08.336] [jointLog] [info] setting maxHashResizeThreads to 48
Exception : [Error: The index version file /home-4/yzhan231@jhu.edu/work/yuezhang/RockCreek/yzhan231_rock_creek_shotgun_p1_analysis/yzhan231_rock_creek_shotgun_p1/PreheimLab_metagenomics_SOP/metawrap_06222021/QUANT_BINS_salmon1.5.1/assembly_index/versionInfo.json doesn't seem to exist.  Please try re-building the salmon index.]
salmon quant was invoked improperly.
For usage information, try salmon quant --help
Exiting.
[2021-06-28 22:15:08.336] [jointLog] [info] Fragment incompatibility prior below threshold.  Incompatible fragments will be ignored.
[2021-06-28 22:15:08.336] [jointLog] [info] Usage of --validateMappings implies use of minScoreFraction. Since not explicitly specified, it is being set to 0.65
[2021-06-28 22:15:08.336] [jointLog] [info] Setting consensusSlack to selective-alignment default of 0.35.
[2021-06-28 22:15:08.336] [jointLog] [info] parsing read library format
[2021-06-28 22:15:08.336] [jointLog] [info] There is 1 library.
20190709-RC7-AM-BOTTOM processed
Version Server Response: Not Found
### salmon (selective-alignment-based) v1.5.1
### [ program ] => salmon 
### [ command ] => quant 
### [ index ] => { /home-4/yzhan231@jhu.edu/work/yuezhang/RockCreek/yzhan231_rock_creek_shotgun_p1_analysis/yzhan231_rock_creek_shotgun_p1/PreheimLab_metagenomics_SOP/metawrap_06222021/QUANT_BINS_salmon1.5.1/assembly_index }
### [ libType ] => { A }
### [ mates1 ] => { /home-4/yzhan231@jhu.edu/work/yuezhang/RockCreek/yzhan231_rock_creek_shotgun_p1_analysis/yzhan231_rock_creek_shotgun_p1/PreheimLab_metagenomics_SOP/metawrap_06222021/CLEAN_READS/20190716-RC1-AM-BOTTOM_1.fastq }
### [ mates2 ] => { /home-4/yzhan231@jhu.edu/work/yuezhang/RockCreek/yzhan231_rock_creek_shotgun_p1_analysis/yzhan231_rock_creek_shotgun_p1/PreheimLab_metagenomics_SOP/metawrap_06222021/CLEAN_READS/20190716-RC1-AM-BOTTOM_2.fastq }
### [ threads ] => { 48 }
### [ validateMappings ] => { }
### [ output ] => { /home-4/yzhan231@jhu.edu/work/yuezhang/RockCreek/yzhan231_rock_creek_shotgun_p1_analysis/yzhan231_rock_creek_shotgun_p1/PreheimLab_metagenomics_SOP/metawrap_06222021/QUANT_BINS_salmon1.5.1/quants/20190716-RC1-AM-BOTTOM }
Logs will be written to /home-4/yzhan231@jhu.edu/work/yuezhang/RockCreek/yzhan231_rock_creek_shotgun_p1_analysis/yzhan231_rock_creek_shotgun_p1/PreheimLab_metagenomics_SOP/metawrap_06222021/QUANT_BINS_salmon1.5.1/quants/20190716-RC1-AM-BOTTOM/logs
[2021-06-28 22:15:08.395] [jointLog] [info] setting maxHashResizeThreads to 48
Exception : [Error: The index version file /home-4/yzhan231@jhu.edu/work/yuezhang/RockCreek/yzhan231_rock_creek_shotgun_p1_analysis/yzhan231_rock_creek_shotgun_p1/PreheimLab_metagenomics_SOP/metawrap_06222021/QUANT_BINS_salmon1.5.1/assembly_index/versionInfo.json doesn't seem to exist.  Please try re-building the salmon index.]
salmon quant was invoked improperly.
For usage information, try salmon quant --help
Exiting.
[2021-06-28 22:15:08.395] [jointLog] [info] Fragment incompatibility prior below threshold.  Incompatible fragments will be ignored.
[2021-06-28 22:15:08.395] [jointLog] [info] Usage of --validateMappings implies use of minScoreFraction. Since not explicitly specified, it is being set to 0.65
[2021-06-28 22:15:08.395] [jointLog] [info] Setting consensusSlack to selective-alignment default of 0.35.
[2021-06-28 22:15:08.395] [jointLog] [info] parsing read library format
[2021-06-28 22:15:08.395] [jointLog] [info] There is 1 library.
20190716-RC1-AM-BOTTOM processed
Version Server Response: Not Found
### salmon (selective-alignment-based) v1.5.1
### [ program ] => salmon 
### [ command ] => quant 
### [ index ] => { /home-4/yzhan231@jhu.edu/work/yuezhang/RockCreek/yzhan231_rock_creek_shotgun_p1_analysis/yzhan231_rock_creek_shotgun_p1/PreheimLab_metagenomics_SOP/metawrap_06222021/QUANT_BINS_salmon1.5.1/assembly_index }
### [ libType ] => { A }
### [ mates1 ] => { /home-4/yzhan231@jhu.edu/work/yuezhang/RockCreek/yzhan231_rock_creek_shotgun_p1_analysis/yzhan231_rock_creek_shotgun_p1/PreheimLab_metagenomics_SOP/metawrap_06222021/CLEAN_READS/20190716-RC1-AM-TOP_1.fastq }
### [ mates2 ] => { /home-4/yzhan231@jhu.edu/work/yuezhang/RockCreek/yzhan231_rock_creek_shotgun_p1_analysis/yzhan231_rock_creek_shotgun_p1/PreheimLab_metagenomics_SOP/metawrap_06222021/CLEAN_READS/20190716-RC1-AM-TOP_2.fastq }
### [ threads ] => { 48 }
### [ validateMappings ] => { }
### [ output ] => { /home-4/yzhan231@jhu.edu/work/yuezhang/RockCreek/yzhan231_rock_creek_shotgun_p1_analysis/yzhan231_rock_creek_shotgun_p1/PreheimLab_metagenomics_SOP/metawrap_06222021/QUANT_BINS_salmon1.5.1/quants/20190716-RC1-AM-TOP }
Logs will be written to /home-4/yzhan231@jhu.edu/work/yuezhang/RockCreek/yzhan231_rock_creek_shotgun_p1_analysis/yzhan231_rock_creek_shotgun_p1/PreheimLab_metagenomics_SOP/metawrap_06222021/QUANT_BINS_salmon1.5.1/quants/20190716-RC1-AM-TOP/logs
[2021-06-28 22:15:08.453] [jointLog] [info] setting maxHashResizeThreads to 48
Exception : [[2021-06-28 22:15:08.453] [jointLog] [info] Fragment incompatibility prior below threshold.  Incompatible fragments will be ignored.
Error: The index version file /home-4/yzhan231@jhu.edu/work/yuezhang/RockCreek/yzhan231_rock_creek_shotgun_p1_analysis/yzhan231_rock_creek_shotgun_p1/PreheimLab_metagenomics_SOP/metawrap_06222021/QUANT_BINS_salmon1.5.1/assembly_index/versionInfo.json doesn't seem to exist.  Please try re-building the salmon index.]
salmon quant was invoked improperly.
For usage information, try salmon quant --help
Exiting.
[2021-06-28 22:15:08.453] [jointLog] [info] Usage of --validateMappings implies use of minScoreFraction. Since not explicitly specified, it is being set to 0.65
[2021-06-28 22:15:08.453] [jointLog] [info] Setting consensusSlack to selective-alignment default of 0.35.
[2021-06-28 22:15:08.453] [jointLog] [info] parsing read library format
[2021-06-28 22:15:08.453] [jointLog] [info] There is 1 library.
20190716-RC1-AM-TOP processed
Version Server Response: Not Found
### salmon (selective-alignment-based) v1.5.1
### [ program ] => salmon 
### [ command ] => quant 
### [ index ] => { /home-4/yzhan231@jhu.edu/work/yuezhang/RockCreek/yzhan231_rock_creek_shotgun_p1_analysis/yzhan231_rock_creek_shotgun_p1/PreheimLab_metagenomics_SOP/metawrap_06222021/QUANT_BINS_salmon1.5.1/assembly_index }
### [ libType ] => { A }
### [ mates1 ] => { /home-4/yzhan231@jhu.edu/work/yuezhang/RockCreek/yzhan231_rock_creek_shotgun_p1_analysis/yzhan231_rock_creek_shotgun_p1/PreheimLab_metagenomics_SOP/metawrap_06222021/CLEAN_READS/20190716-RC2-AM-BOTTOM_1.fastq }
### [ mates2 ] => { /home-4/yzhan231@jhu.edu/work/yuezhang/RockCreek/yzhan231_rock_creek_shotgun_p1_analysis/yzhan231_rock_creek_shotgun_p1/PreheimLab_metagenomics_SOP/metawrap_06222021/CLEAN_READS/20190716-RC2-AM-BOTTOM_2.fastq }
### [ threads ] => { 48 }
### [ validateMappings ] => { }
### [ output ] => { /home-4/yzhan231@jhu.edu/work/yuezhang/RockCreek/yzhan231_rock_creek_shotgun_p1_analysis/yzhan231_rock_creek_shotgun_p1/PreheimLab_metagenomics_SOP/metawrap_06222021/QUANT_BINS_salmon1.5.1/quants/20190716-RC2-AM-BOTTOM }
Logs will be written to /home-4/yzhan231@jhu.edu/work/yuezhang/RockCreek/yzhan231_rock_creek_shotgun_p1_analysis/yzhan231_rock_creek_shotgun_p1/PreheimLab_metagenomics_SOP/metawrap_06222021/QUANT_BINS_salmon1.5.1/quants/20190716-RC2-AM-BOTTOM/logs
[2021-06-28 22:15:08.515] [jointLog] [info] setting maxHashResizeThreads to 48
Exception : [Error: The index version file /home-4/yzhan231@jhu.edu/work/yuezhang/RockCreek/yzhan231_rock_creek_shotgun_p1_analysis/yzhan231_rock_creek_shotgun_p1/PreheimLab_metagenomics_SOP/metawrap_06222021/QUANT_BINS_salmon1.5.1/assembly_index/versionInfo.json doesn't seem to exist.  Please try re-building the salmon index.]
salmon quant was invoked improperly.
For usage information, try salmon quant --help
Exiting.
[2021-06-28 22:15:08.515] [jointLog] [info] Fragment incompatibility prior below threshold.  Incompatible fragments will be ignored.
[2021-06-28 22:15:08.516] [jointLog] [info] Usage of --validateMappings implies use of minScoreFraction. Since not explicitly specified, it is being set to 0.65
[2021-06-28 22:15:08.516] [jointLog] [info] Setting consensusSlack to selective-alignment default of 0.35.
[2021-06-28 22:15:08.516] [jointLog] [info] parsing read library format
[2021-06-28 22:15:08.516] [jointLog] [info] There is 1 library.
20190716-RC2-AM-BOTTOM processed
Version Server Response: Not Found
### salmon (selective-alignment-based) v1.5.1
### [ program ] => salmon 
### [ command ] => quant 
### [ index ] => { /home-4/yzhan231@jhu.edu/work/yuezhang/RockCreek/yzhan231_rock_creek_shotgun_p1_analysis/yzhan231_rock_creek_shotgun_p1/PreheimLab_metagenomics_SOP/metawrap_06222021/QUANT_BINS_salmon1.5.1/assembly_index }
### [ libType ] => { A }
### [ mates1 ] => { /home-4/yzhan231@jhu.edu/work/yuezhang/RockCreek/yzhan231_rock_creek_shotgun_p1_analysis/yzhan231_rock_creek_shotgun_p1/PreheimLab_metagenomics_SOP/metawrap_06222021/CLEAN_READS/20190716-RC7-AM-BOTTOM_1.fastq }
### [ mates2 ] => { /home-4/yzhan231@jhu.edu/work/yuezhang/RockCreek/yzhan231_rock_creek_shotgun_p1_analysis/yzhan231_rock_creek_shotgun_p1/PreheimLab_metagenomics_SOP/metawrap_06222021/CLEAN_READS/20190716-RC7-AM-BOTTOM_2.fastq }
### [ threads ] => { 48 }
### [ validateMappings ] => { }
### [ output ] => { /home-4/yzhan231@jhu.edu/work/yuezhang/RockCreek/yzhan231_rock_creek_shotgun_p1_analysis/yzhan231_rock_creek_shotgun_p1/PreheimLab_metagenomics_SOP/metawrap_06222021/QUANT_BINS_salmon1.5.1/quants/20190716-RC7-AM-BOTTOM }
Logs will be written to /home-4/yzhan231@jhu.edu/work/yuezhang/RockCreek/yzhan231_rock_creek_shotgun_p1_analysis/yzhan231_rock_creek_shotgun_p1/PreheimLab_metagenomics_SOP/metawrap_06222021/QUANT_BINS_salmon1.5.1/quants/20190716-RC7-AM-BOTTOM/logs
[2021-06-28 22:15:08.574] [jointLog] [info] setting maxHashResizeThreads to 48
Exception : [Error: The index version file /home-4/yzhan231@jhu.edu/work/yuezhang/RockCreek/yzhan231_rock_creek_shotgun_p1_analysis/yzhan231_rock_creek_shotgun_p1/PreheimLab_metagenomics_SOP/metawrap_06222021/QUANT_BINS_salmon1.5.1/assembly_index/versionInfo.json doesn't seem to exist.  Please try re-building the salmon index.]
salmon quant was invoked improperly.
For usage information, try salmon quant --help
Exiting.
[2021-06-28 22:15:08.574] [jointLog] [info] Fragment incompatibility prior below threshold.  Incompatible fragments will be ignored.
[2021-06-28 22:15:08.574] [jointLog] [info] Usage of --validateMappings implies use of minScoreFraction. Since not explicitly specified, it is being set to 0.65
[2021-06-28 22:15:08.574] [jointLog] [info] Setting consensusSlack to selective-alignment default of 0.35.
[2021-06-28 22:15:08.574] [jointLog] [info] parsing read library format
[2021-06-28 22:15:08.574] [jointLog] [info] There is 1 library.
20190716-RC7-AM-BOTTOM processed
Version Server Response: Not Found
### salmon (selective-alignment-based) v1.5.1
### [ program ] => salmon 
### [ command ] => quant 
### [ index ] => { /home-4/yzhan231@jhu.edu/work/yuezhang/RockCreek/yzhan231_rock_creek_shotgun_p1_analysis/yzhan231_rock_creek_shotgun_p1/PreheimLab_metagenomics_SOP/metawrap_06222021/QUANT_BINS_salmon1.5.1/assembly_index }
### [ libType ] => { A }
### [ mates1 ] => { /home-4/yzhan231@jhu.edu/work/yuezhang/RockCreek/yzhan231_rock_creek_shotgun_p1_analysis/yzhan231_rock_creek_shotgun_p1/PreheimLab_metagenomics_SOP/metawrap_06222021/CLEAN_READS/20190716-RC9-AM-BOTTOM_1.fastq }
### [ mates2 ] => { /home-4/yzhan231@jhu.edu/work/yuezhang/RockCreek/yzhan231_rock_creek_shotgun_p1_analysis/yzhan231_rock_creek_shotgun_p1/PreheimLab_metagenomics_SOP/metawrap_06222021/CLEAN_READS/20190716-RC9-AM-BOTTOM_2.fastq }
### [ threads ] => { 48 }
### [ validateMappings ] => { }
### [ output ] => { /home-4/yzhan231@jhu.edu/work/yuezhang/RockCreek/yzhan231_rock_creek_shotgun_p1_analysis/yzhan231_rock_creek_shotgun_p1/PreheimLab_metagenomics_SOP/metawrap_06222021/QUANT_BINS_salmon1.5.1/quants/20190716-RC9-AM-BOTTOM }
Logs will be written to /home-4/yzhan231@jhu.edu/work/yuezhang/RockCreek/yzhan231_rock_creek_shotgun_p1_analysis/yzhan231_rock_creek_shotgun_p1/PreheimLab_metagenomics_SOP/metawrap_06222021/QUANT_BINS_salmon1.5.1/quants/20190716-RC9-AM-BOTTOM/logs
[2021-06-28 22:15:08.637] [jointLog] [info] setting maxHashResizeThreads to 48
Exception : [Error: The index version file /home-4/yzhan231@jhu.edu/work/yuezhang/RockCreek/yzhan231_rock_creek_shotgun_p1_analysis/yzhan231_rock_creek_shotgun_p1/PreheimLab_metagenomics_SOP/metawrap_06222021/QUANT_BINS_salmon1.5.1/assembly_index/versionInfo.json doesn't seem to exist.  Please try re-building the salmon index.]
salmon quant was invoked improperly.
For usage information, try salmon quant --help
Exiting.
[2021-06-28 22:15:08.637] [jointLog] [info] Fragment incompatibility prior below threshold.  Incompatible fragments will be ignored.
[2021-06-28 22:15:08.637] [jointLog] [info] Usage of --validateMappings implies use of minScoreFraction. Since not explicitly specified, it is being set to 0.65
[2021-06-28 22:15:08.637] [jointLog] [info] Setting consensusSlack to selective-alignment default of 0.35.
[2021-06-28 22:15:08.637] [jointLog] [info] parsing read library format
[2021-06-28 22:15:08.637] [jointLog] [info] There is 1 library.
20190716-RC9-AM-BOTTOM processed
Version Server Response: Not Found
### salmon (selective-alignment-based) v1.5.1
### [ program ] => salmon 
### [ command ] => quant 
### [ index ] => { /home-4/yzhan231@jhu.edu/work/yuezhang/RockCreek/yzhan231_rock_creek_shotgun_p1_analysis/yzhan231_rock_creek_shotgun_p1/PreheimLab_metagenomics_SOP/metawrap_06222021/QUANT_BINS_salmon1.5.1/assembly_index }
### [ libType ] => { A }
### [ mates1 ] => { /home-4/yzhan231@jhu.edu/work/yuezhang/RockCreek/yzhan231_rock_creek_shotgun_p1_analysis/yzhan231_rock_creek_shotgun_p1/PreheimLab_metagenomics_SOP/metawrap_06222021/CLEAN_READS/20190723-RC1-AM-BOTTOM_1.fastq }
### [ mates2 ] => { /home-4/yzhan231@jhu.edu/work/yuezhang/RockCreek/yzhan231_rock_creek_shotgun_p1_analysis/yzhan231_rock_creek_shotgun_p1/PreheimLab_metagenomics_SOP/metawrap_06222021/CLEAN_READS/20190723-RC1-AM-BOTTOM_2.fastq }
### [ threads ] => { 48 }
### [ validateMappings ] => { }
### [ output ] => { /home-4/yzhan231@jhu.edu/work/yuezhang/RockCreek/yzhan231_rock_creek_shotgun_p1_analysis/yzhan231_rock_creek_shotgun_p1/PreheimLab_metagenomics_SOP/metawrap_06222021/QUANT_BINS_salmon1.5.1/quants/20190723-RC1-AM-BOTTOM }
Logs will be written to /home-4/yzhan231@jhu.edu/work/yuezhang/RockCreek/yzhan231_rock_creek_shotgun_p1_analysis/yzhan231_rock_creek_shotgun_p1/PreheimLab_metagenomics_SOP/metawrap_06222021/QUANT_BINS_salmon1.5.1/quants/20190723-RC1-AM-BOTTOM/logs
[2021-06-28 22:15:08.695] [jointLog] [info] setting maxHashResizeThreads to 48
Exception : [Error: The index version file /home-4/yzhan231@jhu.edu/work/yuezhang/RockCreek/yzhan231_rock_creek_shotgun_p1_analysis/yzhan231_rock_creek_shotgun_p1/PreheimLab_metagenomics_SOP/metawrap_06222021/QUANT_BINS_salmon1.5.1/assembly_index/versionInfo.json doesn't seem to exist.  Please try re-building the salmon index.]
salmon quant was invoked improperly.
For usage information, try salmon quant --help
Exiting.
[2021-06-28 22:15:08.695] [jointLog] [info] Fragment incompatibility prior below threshold.  Incompatible fragments will be ignored.
[2021-06-28 22:15:08.695] [jointLog] [info] Usage of --validateMappings implies use of minScoreFraction. Since not explicitly specified, it is being set to 0.65
[2021-06-28 22:15:08.695] [jointLog] [info] Setting consensusSlack to selective-alignment default of 0.35.
[2021-06-28 22:15:08.695] [jointLog] [info] parsing read library format
[2021-06-28 22:15:08.696] [jointLog] [info] There is 1 library.
20190723-RC1-AM-BOTTOM processed
Version Server Response: Not Found
### salmon (selective-alignment-based) v1.5.1
### [ program ] => salmon 
### [ command ] => quant 
### [ index ] => { /home-4/yzhan231@jhu.edu/work/yuezhang/RockCreek/yzhan231_rock_creek_shotgun_p1_analysis/yzhan231_rock_creek_shotgun_p1/PreheimLab_metagenomics_SOP/metawrap_06222021/QUANT_BINS_salmon1.5.1/assembly_index }
### [ libType ] => { A }
### [ mates1 ] => { /home-4/yzhan231@jhu.edu/work/yuezhang/RockCreek/yzhan231_rock_creek_shotgun_p1_analysis/yzhan231_rock_creek_shotgun_p1/PreheimLab_metagenomics_SOP/metawrap_06222021/CLEAN_READS/20190723-RC2-AM-BOTTOM_1.fastq }
### [ mates2 ] => { /home-4/yzhan231@jhu.edu/work/yuezhang/RockCreek/yzhan231_rock_creek_shotgun_p1_analysis/yzhan231_rock_creek_shotgun_p1/PreheimLab_metagenomics_SOP/metawrap_06222021/CLEAN_READS/20190723-RC2-AM-BOTTOM_2.fastq }
### [ threads ] => { 48 }
### [ validateMappings ] => { }
### [ output ] => { /home-4/yzhan231@jhu.edu/work/yuezhang/RockCreek/yzhan231_rock_creek_shotgun_p1_analysis/yzhan231_rock_creek_shotgun_p1/PreheimLab_metagenomics_SOP/metawrap_06222021/QUANT_BINS_salmon1.5.1/quants/20190723-RC2-AM-BOTTOM }
Logs will be written to /home-4/yzhan231@jhu.edu/work/yuezhang/RockCreek/yzhan231_rock_creek_shotgun_p1_analysis/yzhan231_rock_creek_shotgun_p1/PreheimLab_metagenomics_SOP/metawrap_06222021/QUANT_BINS_salmon1.5.1/quants/20190723-RC2-AM-BOTTOM/logs
[2021-06-28 22:15:08.754] [jointLog] [info] setting maxHashResizeThreads to 48
Exception : [Error: The index version file /home-4/yzhan231@jhu.edu/work/yuezhang/RockCreek/yzhan231_rock_creek_shotgun_p1_analysis/yzhan231_rock_creek_shotgun_p1/PreheimLab_metagenomics_SOP/metawrap_06222021/QUANT_BINS_salmon1.5.1/assembly_index/versionInfo.json doesn't seem to exist.  Please try re-building the salmon index.]
salmon quant was invoked improperly.
For usage information, try salmon quant --help
Exiting.
[2021-06-28 22:15:08.754] [jointLog] [info] Fragment incompatibility prior below threshold.  Incompatible fragments will be ignored.
[2021-06-28 22:15:08.754] [jointLog] [info] Usage of --validateMappings implies use of minScoreFraction. Since not explicitly specified, it is being set to 0.65
[2021-06-28 22:15:08.754] [jointLog] [info] Setting consensusSlack to selective-alignment default of 0.35.
[2021-06-28 22:15:08.754] [jointLog] [info] parsing read library format
[2021-06-28 22:15:08.754] [jointLog] [info] There is 1 library.
20190723-RC2-AM-BOTTOM processed
Version Server Response: Not Found
### salmon (selective-alignment-based) v1.5.1
### [ program ] => salmon 
### [ command ] => quant 
### [ index ] => { /home-4/yzhan231@jhu.edu/work/yuezhang/RockCreek/yzhan231_rock_creek_shotgun_p1_analysis/yzhan231_rock_creek_shotgun_p1/PreheimLab_metagenomics_SOP/metawrap_06222021/QUANT_BINS_salmon1.5.1/assembly_index }
### [ libType ] => { A }
### [ mates1 ] => { /home-4/yzhan231@jhu.edu/work/yuezhang/RockCreek/yzhan231_rock_creek_shotgun_p1_analysis/yzhan231_rock_creek_shotgun_p1/PreheimLab_metagenomics_SOP/metawrap_06222021/CLEAN_READS/20190723-RC7-AM-BOTTOM_1.fastq }
### [ mates2 ] => { /home-4/yzhan231@jhu.edu/work/yuezhang/RockCreek/yzhan231_rock_creek_shotgun_p1_analysis/yzhan231_rock_creek_shotgun_p1/PreheimLab_metagenomics_SOP/metawrap_06222021/CLEAN_READS/20190723-RC7-AM-BOTTOM_2.fastq }
### [ threads ] => { 48 }
### [ validateMappings ] => { }
### [ output ] => { /home-4/yzhan231@jhu.edu/work/yuezhang/RockCreek/yzhan231_rock_creek_shotgun_p1_analysis/yzhan231_rock_creek_shotgun_p1/PreheimLab_metagenomics_SOP/metawrap_06222021/QUANT_BINS_salmon1.5.1/quants/20190723-RC7-AM-BOTTOM }
Logs will be written to /home-4/yzhan231@jhu.edu/work/yuezhang/RockCreek/yzhan231_rock_creek_shotgun_p1_analysis/yzhan231_rock_creek_shotgun_p1/PreheimLab_metagenomics_SOP/metawrap_06222021/QUANT_BINS_salmon1.5.1/quants/20190723-RC7-AM-BOTTOM/logs
[2021-06-28 22:15:08.813] [jointLog] [info] setting maxHashResizeThreads to 48
Exception : [Error: The index version file /home-4/yzhan231@jhu.edu/work/yuezhang/RockCreek/yzhan231_rock_creek_shotgun_p1_analysis/yzhan231_rock_creek_shotgun_p1/PreheimLab_metagenomics_SOP/metawrap_06222021/QUANT_BINS_salmon1.5.1/assembly_index/versionInfo.json doesn't seem to exist.  Please try re-building the salmon index.]
salmon quant was invoked improperly.
For usage information, try salmon quant --help
Exiting.
[2021-06-28 22:15:08.813] [jointLog] [info] Fragment incompatibility prior below threshold.  Incompatible fragments will be ignored.
[2021-06-28 22:15:08.813] [jointLog] [info] Usage of --validateMappings implies use of minScoreFraction. Since not explicitly specified, it is being set to 0.65
[2021-06-28 22:15:08.813] [jointLog] [info] Setting consensusSlack to selective-alignment default of 0.35.
[2021-06-28 22:15:08.813] [jointLog] [info] parsing read library format
[2021-06-28 22:15:08.813] [jointLog] [info] There is 1 library.
20190723-RC7-AM-BOTTOM processed
Version Server Response: Not Found
### salmon (selective-alignment-based) v1.5.1
### [ program ] => salmon 
### [ command ] => quant 
### [ index ] => { /home-4/yzhan231@jhu.edu/work/yuezhang/RockCreek/yzhan231_rock_creek_shotgun_p1_analysis/yzhan231_rock_creek_shotgun_p1/PreheimLab_metagenomics_SOP/metawrap_06222021/QUANT_BINS_salmon1.5.1/assembly_index }
### [ libType ] => { A }
### [ mates1 ] => { /home-4/yzhan231@jhu.edu/work/yuezhang/RockCreek/yzhan231_rock_creek_shotgun_p1_analysis/yzhan231_rock_creek_shotgun_p1/PreheimLab_metagenomics_SOP/metawrap_06222021/CLEAN_READS/20190723-RC9-AM-BOTTOM_1.fastq }
### [ mates2 ] => { /home-4/yzhan231@jhu.edu/work/yuezhang/RockCreek/yzhan231_rock_creek_shotgun_p1_analysis/yzhan231_rock_creek_shotgun_p1/PreheimLab_metagenomics_SOP/metawrap_06222021/CLEAN_READS/20190723-RC9-AM-BOTTOM_2.fastq }
### [ threads ] => { 48 }
### [ validateMappings ] => { }
### [ output ] => { /home-4/yzhan231@jhu.edu/work/yuezhang/RockCreek/yzhan231_rock_creek_shotgun_p1_analysis/yzhan231_rock_creek_shotgun_p1/PreheimLab_metagenomics_SOP/metawrap_06222021/QUANT_BINS_salmon1.5.1/quants/20190723-RC9-AM-BOTTOM }
Logs will be written to /home-4/yzhan231@jhu.edu/work/yuezhang/RockCreek/yzhan231_rock_creek_shotgun_p1_analysis/yzhan231_rock_creek_shotgun_p1/PreheimLab_metagenomics_SOP/metawrap_06222021/QUANT_BINS_salmon1.5.1/quants/20190723-RC9-AM-BOTTOM/logs
[2021-06-28 22:15:08.871] [jointLog] [info] setting maxHashResizeThreads to 48
Exception : [[2021-06-28 22:15:08.872] [jointLog] [info] Fragment incompatibility prior below threshold.  Incompatible fragments will be ignored.
Error: The index version file /home-4/yzhan231@jhu.edu/work/yuezhang/RockCreek/yzhan231_rock_creek_shotgun_p1_analysis/yzhan231_rock_creek_shotgun_p1/PreheimLab_metagenomics_SOP/metawrap_06222021/QUANT_BINS_salmon1.5.1/assembly_index/versionInfo.json doesn't seem to exist.  Please try re-building the salmon index.]
salmon quant was invoked improperly.
For usage information, try salmon quant --help
Exiting.
[2021-06-28 22:15:08.872] [jointLog] [info] Usage of --validateMappings implies use of minScoreFraction. Since not explicitly specified, it is being set to 0.65
[2021-06-28 22:15:08.872] [jointLog] [info] Setting consensusSlack to selective-alignment default of 0.35.
[2021-06-28 22:15:08.872] [jointLog] [info] parsing read library format
[2021-06-28 22:15:08.872] [jointLog] [info] There is 1 library.
20190723-RC9-AM-BOTTOM processed
Version Server Response: Not Found
### salmon (selective-alignment-based) v1.5.1
### [ program ] => salmon 
### [ command ] => quant 
### [ index ] => { /home-4/yzhan231@jhu.edu/work/yuezhang/RockCreek/yzhan231_rock_creek_shotgun_p1_analysis/yzhan231_rock_creek_shotgun_p1/PreheimLab_metagenomics_SOP/metawrap_06222021/QUANT_BINS_salmon1.5.1/assembly_index }
### [ libType ] => { A }
### [ mates1 ] => { /home-4/yzhan231@jhu.edu/work/yuezhang/RockCreek/yzhan231_rock_creek_shotgun_p1_analysis/yzhan231_rock_creek_shotgun_p1/PreheimLab_metagenomics_SOP/metawrap_06222021/CLEAN_READS/20190730-RC1-AM-BOTTOM_1.fastq }
### [ mates2 ] => { /home-4/yzhan231@jhu.edu/work/yuezhang/RockCreek/yzhan231_rock_creek_shotgun_p1_analysis/yzhan231_rock_creek_shotgun_p1/PreheimLab_metagenomics_SOP/metawrap_06222021/CLEAN_READS/20190730-RC1-AM-BOTTOM_2.fastq }
### [ threads ] => { 48 }
### [ validateMappings ] => { }
### [ output ] => { /home-4/yzhan231@jhu.edu/work/yuezhang/RockCreek/yzhan231_rock_creek_shotgun_p1_analysis/yzhan231_rock_creek_shotgun_p1/PreheimLab_metagenomics_SOP/metawrap_06222021/QUANT_BINS_salmon1.5.1/quants/20190730-RC1-AM-BOTTOM }
Logs will be written to /home-4/yzhan231@jhu.edu/work/yuezhang/RockCreek/yzhan231_rock_creek_shotgun_p1_analysis/yzhan231_rock_creek_shotgun_p1/PreheimLab_metagenomics_SOP/metawrap_06222021/QUANT_BINS_salmon1.5.1/quants/20190730-RC1-AM-BOTTOM/logs
[2021-06-28 22:15:08.933] [jointLog] [info] setting maxHashResizeThreads to 48
Exception : [[2021-06-28 22:15:08.933] [jointLog] [info] Fragment incompatibility prior below threshold.  Incompatible fragments will be ignored.
Error: The index version file /home-4/yzhan231@jhu.edu/work/yuezhang/RockCreek/yzhan231_rock_creek_shotgun_p1_analysis/yzhan231_rock_creek_shotgun_p1/PreheimLab_metagenomics_SOP/metawrap_06222021/QUANT_BINS_salmon1.5.1/assembly_index/versionInfo.json doesn't seem to exist.  Please try re-building the salmon index.]
salmon quant was invoked improperly.
For usage information, try salmon quant --help
Exiting.
[2021-06-28 22:15:08.933] [jointLog] [info] Usage of --validateMappings implies use of minScoreFraction. Since not explicitly specified, it is being set to 0.65
[2021-06-28 22:15:08.933] [jointLog] [info] Setting consensusSlack to selective-alignment default of 0.35.
[2021-06-28 22:15:08.933] [jointLog] [info] parsing read library format
[2021-06-28 22:15:08.933] [jointLog] [info] There is 1 library.
20190730-RC1-AM-BOTTOM processed
Version Server Response: Not Found
### salmon (selective-alignment-based) v1.5.1
### [ program ] => salmon 
### [ command ] => quant 
### [ index ] => { /home-4/yzhan231@jhu.edu/work/yuezhang/RockCreek/yzhan231_rock_creek_shotgun_p1_analysis/yzhan231_rock_creek_shotgun_p1/PreheimLab_metagenomics_SOP/metawrap_06222021/QUANT_BINS_salmon1.5.1/assembly_index }
### [ libType ] => { A }
### [ mates1 ] => { /home-4/yzhan231@jhu.edu/work/yuezhang/RockCreek/yzhan231_rock_creek_shotgun_p1_analysis/yzhan231_rock_creek_shotgun_p1/PreheimLab_metagenomics_SOP/metawrap_06222021/CLEAN_READS/20190730-RC2-AM-BOTTOM-BUOY_1.fastq }
### [ mates2 ] => { /home-4/yzhan231@jhu.edu/work/yuezhang/RockCreek/yzhan231_rock_creek_shotgun_p1_analysis/yzhan231_rock_creek_shotgun_p1/PreheimLab_metagenomics_SOP/metawrap_06222021/CLEAN_READS/20190730-RC2-AM-BOTTOM-BUOY_2.fastq }
### [ threads ] => { 48 }
### [ validateMappings ] => { }
### [ output ] => { /home-4/yzhan231@jhu.edu/work/yuezhang/RockCreek/yzhan231_rock_creek_shotgun_p1_analysis/yzhan231_rock_creek_shotgun_p1/PreheimLab_metagenomics_SOP/metawrap_06222021/QUANT_BINS_salmon1.5.1/quants/20190730-RC2-AM-BOTTOM-BUOY }
Logs will be written to /home-4/yzhan231@jhu.edu/work/yuezhang/RockCreek/yzhan231_rock_creek_shotgun_p1_analysis/yzhan231_rock_creek_shotgun_p1/PreheimLab_metagenomics_SOP/metawrap_06222021/QUANT_BINS_salmon1.5.1/quants/20190730-RC2-AM-BOTTOM-BUOY/logs
[2021-06-28 22:15:08.996] [jointLog] [info] setting maxHashResizeThreads to 48
Exception : [Error: The index version file /home-4/yzhan231@jhu.edu/work/yuezhang/RockCreek/yzhan231_rock_creek_shotgun_p1_analysis/yzhan231_rock_creek_shotgun_p1/PreheimLab_metagenomics_SOP/metawrap_06222021/QUANT_BINS_salmon1.5.1/assembly_index/versionInfo.json doesn't seem to exist.  Please try re-building the salmon index.]
salmon quant was invoked improperly.
For usage information, try salmon quant --help
Exiting.
[2021-06-28 22:15:08.996] [jointLog] [info] Fragment incompatibility prior below threshold.  Incompatible fragments will be ignored.
[2021-06-28 22:15:08.996] [jointLog] [info] Usage of --validateMappings implies use of minScoreFraction. Since not explicitly specified, it is being set to 0.65
[2021-06-28 22:15:08.996] [jointLog] [info] Setting consensusSlack to selective-alignment default of 0.35.
[2021-06-28 22:15:08.996] [jointLog] [info] parsing read library format
[2021-06-28 22:15:08.996] [jointLog] [info] There is 1 library.
20190730-RC2-AM-BOTTOM-BUOY processed
Version Server Response: Not Found
### salmon (selective-alignment-based) v1.5.1
### [ program ] => salmon 
### [ command ] => quant 
### [ index ] => { /home-4/yzhan231@jhu.edu/work/yuezhang/RockCreek/yzhan231_rock_creek_shotgun_p1_analysis/yzhan231_rock_creek_shotgun_p1/PreheimLab_metagenomics_SOP/metawrap_06222021/QUANT_BINS_salmon1.5.1/assembly_index }
### [ libType ] => { A }
### [ mates1 ] => { /home-4/yzhan231@jhu.edu/work/yuezhang/RockCreek/yzhan231_rock_creek_shotgun_p1_analysis/yzhan231_rock_creek_shotgun_p1/PreheimLab_metagenomics_SOP/metawrap_06222021/CLEAN_READS/20190730-RC7-AM-BOTTOM_1.fastq }
### [ mates2 ] => { /home-4/yzhan231@jhu.edu/work/yuezhang/RockCreek/yzhan231_rock_creek_shotgun_p1_analysis/yzhan231_rock_creek_shotgun_p1/PreheimLab_metagenomics_SOP/metawrap_06222021/CLEAN_READS/20190730-RC7-AM-BOTTOM_2.fastq }
### [ threads ] => { 48 }
### [ validateMappings ] => { }
### [ output ] => { /home-4/yzhan231@jhu.edu/work/yuezhang/RockCreek/yzhan231_rock_creek_shotgun_p1_analysis/yzhan231_rock_creek_shotgun_p1/PreheimLab_metagenomics_SOP/metawrap_06222021/QUANT_BINS_salmon1.5.1/quants/20190730-RC7-AM-BOTTOM }
Logs will be written to /home-4/yzhan231@jhu.edu/work/yuezhang/RockCreek/yzhan231_rock_creek_shotgun_p1_analysis/yzhan231_rock_creek_shotgun_p1/PreheimLab_metagenomics_SOP/metawrap_06222021/QUANT_BINS_salmon1.5.1/quants/20190730-RC7-AM-BOTTOM/logs
[2021-06-28 22:15:09.064] [jointLog] [info] setting maxHashResizeThreads to 48
Exception : [Error: The index version file /home-4/yzhan231@jhu.edu/work/yuezhang/RockCreek/yzhan231_rock_creek_shotgun_p1_analysis/yzhan231_rock_creek_shotgun_p1/PreheimLab_metagenomics_SOP/metawrap_06222021/QUANT_BINS_salmon1.5.1/assembly_index/versionInfo.json doesn't seem to exist.  Please try re-building the salmon index.]
salmon quant was invoked improperly.
For usage information, try salmon quant --help
Exiting.
[2021-06-28 22:15:09.064] [jointLog] [info] Fragment incompatibility prior below threshold.  Incompatible fragments will be ignored.
[2021-06-28 22:15:09.064] [jointLog] [info] Usage of --validateMappings implies use of minScoreFraction. Since not explicitly specified, it is being set to 0.65
[2021-06-28 22:15:09.064] [jointLog] [info] Setting consensusSlack to selective-alignment default of 0.35.
[2021-06-28 22:15:09.064] [jointLog] [info] parsing read library format
[2021-06-28 22:15:09.064] [jointLog] [info] There is 1 library.
20190730-RC7-AM-BOTTOM processed
Version Server Response: Not Found
### salmon (selective-alignment-based) v1.5.1
### [ program ] => salmon 
### [ command ] => quant 
### [ index ] => { /home-4/yzhan231@jhu.edu/work/yuezhang/RockCreek/yzhan231_rock_creek_shotgun_p1_analysis/yzhan231_rock_creek_shotgun_p1/PreheimLab_metagenomics_SOP/metawrap_06222021/QUANT_BINS_salmon1.5.1/assembly_index }
### [ libType ] => { A }
### [ mates1 ] => { /home-4/yzhan231@jhu.edu/work/yuezhang/RockCreek/yzhan231_rock_creek_shotgun_p1_analysis/yzhan231_rock_creek_shotgun_p1/PreheimLab_metagenomics_SOP/metawrap_06222021/CLEAN_READS/20190730-RC9-AM-BOTTOM_1.fastq }
### [ mates2 ] => { /home-4/yzhan231@jhu.edu/work/yuezhang/RockCreek/yzhan231_rock_creek_shotgun_p1_analysis/yzhan231_rock_creek_shotgun_p1/PreheimLab_metagenomics_SOP/metawrap_06222021/CLEAN_READS/20190730-RC9-AM-BOTTOM_2.fastq }
### [ threads ] => { 48 }
### [ validateMappings ] => { }
### [ output ] => { /home-4/yzhan231@jhu.edu/work/yuezhang/RockCreek/yzhan231_rock_creek_shotgun_p1_analysis/yzhan231_rock_creek_shotgun_p1/PreheimLab_metagenomics_SOP/metawrap_06222021/QUANT_BINS_salmon1.5.1/quants/20190730-RC9-AM-BOTTOM }
Logs will be written to /home-4/yzhan231@jhu.edu/work/yuezhang/RockCreek/yzhan231_rock_creek_shotgun_p1_analysis/yzhan231_rock_creek_shotgun_p1/PreheimLab_metagenomics_SOP/metawrap_06222021/QUANT_BINS_salmon1.5.1/quants/20190730-RC9-AM-BOTTOM/logs
[2021-06-28 22:15:09.126] [jointLog] [info] setting maxHashResizeThreads to 48
Exception : [Error: The index version file /home-4/yzhan231@jhu.edu/work/yuezhang/RockCreek/yzhan231_rock_creek_shotgun_p1_analysis/yzhan231_rock_creek_shotgun_p1/PreheimLab_metagenomics_SOP/metawrap_06222021/QUANT_BINS_salmon1.5.1/assembly_index/versionInfo.json doesn't seem to exist.  Please try re-building the salmon index.]
salmon quant was invoked improperly.
For usage information, try salmon quant --help
Exiting.
[2021-06-28 22:15:09.126] [jointLog] [info] Fragment incompatibility prior below threshold.  Incompatible fragments will be ignored.
[2021-06-28 22:15:09.126] [jointLog] [info] Usage of --validateMappings implies use of minScoreFraction. Since not explicitly specified, it is being set to 0.65
[2021-06-28 22:15:09.126] [jointLog] [info] Setting consensusSlack to selective-alignment default of 0.35.
[2021-06-28 22:15:09.126] [jointLog] [info] parsing read library format
[2021-06-28 22:15:09.126] [jointLog] [info] There is 1 library.
20190730-RC9-AM-BOTTOM processed
Version Server Response: Not Found
### salmon (selective-alignment-based) v1.5.1
### [ program ] => salmon 
### [ command ] => quant 
### [ index ] => { /home-4/yzhan231@jhu.edu/work/yuezhang/RockCreek/yzhan231_rock_creek_shotgun_p1_analysis/yzhan231_rock_creek_shotgun_p1/PreheimLab_metagenomics_SOP/metawrap_06222021/QUANT_BINS_salmon1.5.1/assembly_index }
### [ libType ] => { A }
### [ mates1 ] => { /home-4/yzhan231@jhu.edu/work/yuezhang/RockCreek/yzhan231_rock_creek_shotgun_p1_analysis/yzhan231_rock_creek_shotgun_p1/PreheimLab_metagenomics_SOP/metawrap_06222021/CLEAN_READS/zymo-cellular_1.fastq }
### [ mates2 ] => { /home-4/yzhan231@jhu.edu/work/yuezhang/RockCreek/yzhan231_rock_creek_shotgun_p1_analysis/yzhan231_rock_creek_shotgun_p1/PreheimLab_metagenomics_SOP/metawrap_06222021/CLEAN_READS/zymo-cellular_2.fastq }
### [ threads ] => { 48 }
### [ validateMappings ] => { }
### [ output ] => { /home-4/yzhan231@jhu.edu/work/yuezhang/RockCreek/yzhan231_rock_creek_shotgun_p1_analysis/yzhan231_rock_creek_shotgun_p1/PreheimLab_metagenomics_SOP/metawrap_06222021/QUANT_BINS_salmon1.5.1/quants/zymo-cellular }
Logs will be written to /home-4/yzhan231@jhu.edu/work/yuezhang/RockCreek/yzhan231_rock_creek_shotgun_p1_analysis/yzhan231_rock_creek_shotgun_p1/PreheimLab_metagenomics_SOP/metawrap_06222021/QUANT_BINS_salmon1.5.1/quants/zymo-cellular/logs
[2021-06-28 22:15:09.190] [jointLog] [info] setting maxHashResizeThreads to 48
[2021-06-28 22:15:09.190] [jointLog] [info] Fragment incompatibility prior below threshold.  Incompatible fragments will be ignored.
[2021-06-28 22:15:09.190] [jointLog] [info] Usage of --validateMappings implies use of minScoreFraction. Since not explicitly specified, it is being set to 0.65
[2021-06-28 22:15:09.190] [jointLog] [info] Setting consensusSlack to selective-alignment default of 0.35.
[2021-06-28 22:15:09.190] [jointLog] [info] parsing read library format
[2021-06-28 22:15:09.190] [jointLog] [info] There is 1 library.
Exception : [Error: The index version file /home-4/yzhan231@jhu.edu/work/yuezhang/RockCreek/yzhan231_rock_creek_shotgun_p1_analysis/yzhan231_rock_creek_shotgun_p1/PreheimLab_metagenomics_SOP/metawrap_06222021/QUANT_BINS_salmon1.5.1/assembly_index/versionInfo.json doesn't seem to exist.  Please try re-building the salmon index.]
salmon quant was invoked improperly.
For usage information, try salmon quant --help
Exiting.
zymo-cellular processed
Version Server Response: Not Found
### salmon (selective-alignment-based) v1.5.1
### [ program ] => salmon 
### [ command ] => quant 
### [ index ] => { /home-4/yzhan231@jhu.edu/work/yuezhang/RockCreek/yzhan231_rock_creek_shotgun_p1_analysis/yzhan231_rock_creek_shotgun_p1/PreheimLab_metagenomics_SOP/metawrap_06222021/QUANT_BINS_salmon1.5.1/assembly_index }
### [ libType ] => { A }
### [ mates1 ] => { /home-4/yzhan231@jhu.edu/work/yuezhang/RockCreek/yzhan231_rock_creek_shotgun_p1_analysis/yzhan231_rock_creek_shotgun_p1/PreheimLab_metagenomics_SOP/metawrap_06222021/CLEAN_READS/zymo-dna_1.fastq }
### [ mates2 ] => { /home-4/yzhan231@jhu.edu/work/yuezhang/RockCreek/yzhan231_rock_creek_shotgun_p1_analysis/yzhan231_rock_creek_shotgun_p1/PreheimLab_metagenomics_SOP/metawrap_06222021/CLEAN_READS/zymo-dna_2.fastq }
### [ threads ] => { 48 }
### [ validateMappings ] => { }
### [ output ] => { /home-4/yzhan231@jhu.edu/work/yuezhang/RockCreek/yzhan231_rock_creek_shotgun_p1_analysis/yzhan231_rock_creek_shotgun_p1/PreheimLab_metagenomics_SOP/metawrap_06222021/QUANT_BINS_salmon1.5.1/quants/zymo-dna }
Logs will be written to /home-4/yzhan231@jhu.edu/work/yuezhang/RockCreek/yzhan231_rock_creek_shotgun_p1_analysis/yzhan231_rock_creek_shotgun_p1/PreheimLab_metagenomics_SOP/metawrap_06222021/QUANT_BINS_salmon1.5.1/quants/zymo-dna/logs
[2021-06-28 22:15:09.252] [jointLog] [info] setting maxHashResizeThreads to 48
Exception : [[2021-06-28 22:15:09.252] [jointLog] [info] Fragment incompatibility prior below threshold.  Incompatible fragments will be ignored.
Error: The index version file /home-4/yzhan231@jhu.edu/work/yuezhang/RockCreek/yzhan231_rock_creek_shotgun_p1_analysis/yzhan231_rock_creek_shotgun_p1/PreheimLab_metagenomics_SOP/metawrap_06222021/QUANT_BINS_salmon1.5.1/assembly_index/versionInfo.json doesn't seem to exist.  Please try re-building the salmon index.]
salmon quant was invoked improperly.
For usage information, try salmon quant --help
Exiting.
[2021-06-28 22:15:09.252] [jointLog] [info] Usage of --validateMappings implies use of minScoreFraction. Since not explicitly specified, it is being set to 0.65
[2021-06-28 22:15:09.252] [jointLog] [info] Setting consensusSlack to selective-alignment default of 0.35.
[2021-06-28 22:15:09.252] [jointLog] [info] parsing read library format
[2021-06-28 22:15:09.252] [jointLog] [info] There is 1 library.
zymo-dna processed
