/var/spool/slurm//job51033615/slurm_script: conda: command not found
metawrap reassemble_bins -o ../../metawrap_06222021/REASSEMBLY -1 ../../metawrap_06222021/CLEAN_READS/all_1.fastq -2 ../../metawrap_06222021/CLEAN_READS/all_2.fastq -t 48 -m 1000 -c 70 -x 5 -b ../../metawrap_06222021/BIN_REFINEMENT/metawrap_70_5_bins

########################################################################################################################
#####                                                BEGIN PIPELINE!                                               #####
########################################################################################################################


------------------------------------------------------------------------------------------------------------------------
-----                               setting up output folder and copying over bins...                              -----
------------------------------------------------------------------------------------------------------------------------


************************************************************************************************************************
*****                          Warning: ../../metawrap_06222021/REASSEMBLY already exists!                         *****
************************************************************************************************************************


########################################################################################################################
#####                                    RECRUITING READS TO BINS FOR REASSEMBLY                                   #####
########################################################################################################################


------------------------------------------------------------------------------------------------------------------------
-----               WARNING: Looks like the assembly was already indexed. Skipping indexing, and also              -----
-----           skipping splitting the reads, because it is assumed you already got to this stage. Will            -----
-----                       proceed directly to assembly. This is because your output folder                       -----
-----          ../../metawrap_06222021/REASSEMBLY already has outputs from previous runs. If this is not           -----
-----                   what you intended, re-run the module with a new output folder, or clear                    -----
-----                                     ../../metawrap_06222021/REASSEMBLY.                                      -----
------------------------------------------------------------------------------------------------------------------------


########################################################################################################################
#####                                         REASSEMBLING BINS WITH SPADES                                        #####
########################################################################################################################

mkdir: cannot create directory ‘../../metawrap_06222021/REASSEMBLY/reassemblies’: File exists

------------------------------------------------------------------------------------------------------------------------
-----               Looks like all_bins_concatenated.permissive was already re-assembled. Skipping...              -----
------------------------------------------------------------------------------------------------------------------------


------------------------------------------------------------------------------------------------------------------------
-----                 Looks like all_bins_concatenated.strict was already re-assembled. Skipping...                -----
------------------------------------------------------------------------------------------------------------------------


------------------------------------------------------------------------------------------------------------------------
-----                      Looks like bin.11.permissive was already re-assembled. Skipping...                      -----
------------------------------------------------------------------------------------------------------------------------


------------------------------------------------------------------------------------------------------------------------
-----                        Looks like bin.11.strict was already re-assembled. Skipping...                        -----
------------------------------------------------------------------------------------------------------------------------


------------------------------------------------------------------------------------------------------------------------
-----                      Looks like bin.19.permissive was already re-assembled. Skipping...                      -----
------------------------------------------------------------------------------------------------------------------------


------------------------------------------------------------------------------------------------------------------------
-----                        Looks like bin.19.strict was already re-assembled. Skipping...                        -----
------------------------------------------------------------------------------------------------------------------------


------------------------------------------------------------------------------------------------------------------------
-----                       Looks like bin.3.permissive was already re-assembled. Skipping...                      -----
------------------------------------------------------------------------------------------------------------------------


------------------------------------------------------------------------------------------------------------------------
-----                         Looks like bin.3.strict was already re-assembled. Skipping...                        -----
------------------------------------------------------------------------------------------------------------------------


------------------------------------------------------------------------------------------------------------------------
-----                       Looks like bin.6.permissive was already re-assembled. Skipping...                      -----
------------------------------------------------------------------------------------------------------------------------


------------------------------------------------------------------------------------------------------------------------
-----                         Looks like bin.6.strict was already re-assembled. Skipping...                        -----
------------------------------------------------------------------------------------------------------------------------


------------------------------------------------------------------------------------------------------------------------
-----                       Looks like bin.9.permissive was already re-assembled. Skipping...                      -----
------------------------------------------------------------------------------------------------------------------------


------------------------------------------------------------------------------------------------------------------------
-----                         Looks like bin.9.strict was already re-assembled. Skipping...                        -----
------------------------------------------------------------------------------------------------------------------------


------------------------------------------------------------------------------------------------------------------------
-----                                            all assemblies complete                                           -----
------------------------------------------------------------------------------------------------------------------------


------------------------------------------------------------------------------------------------------------------------
-----                                            Finalizing reassemblies                                           -----
------------------------------------------------------------------------------------------------------------------------

mkdir: cannot create directory ‘../../metawrap_06222021/REASSEMBLY/reassembled_bins’: File exists
all_bins_concatenated.permissive was reassembled! Processing...
all_bins_concatenated.strict was reassembled! Processing...
bin.11.permissive was reassembled! Processing...
bin.11.strict was reassembled! Processing...
bin.19.permissive was reassembled! Processing...
bin.19.strict was reassembled! Processing...
bin.3.permissive was reassembled! Processing...
bin.3.strict was reassembled! Processing...
bin.6.permissive was reassembled! Processing...
bin.6.strict was reassembled! Processing...
bin.9.permissive was reassembled! Processing...
bin.9.strict was reassembled! Processing...

------------------------------------------------------------------------------------------------------------------------
-----               Looks like the reassemblies went well. Now to see if they made the bins better or              -----
-----                                                   worse...                                                   -----
------------------------------------------------------------------------------------------------------------------------


########################################################################################################################
#####                                        RUN CHECKM ON REASSEMBLED BINS                                        #####
########################################################################################################################


------------------------------------------------------------------------------------------------------------------------
-----           There is 1000 RAM and 48 threads available, and each pplacer thread uses ~40GB, so I will          -----
-----                                          use 25 threads for pplacer                                          -----
------------------------------------------------------------------------------------------------------------------------


------------------------------------------------------------------------------------------------------------------------
-----                            Running CheckM on best bins (reassembled and original)                            -----
------------------------------------------------------------------------------------------------------------------------

mkdir: cannot create directory ‘../../metawrap_06222021/REASSEMBLY/tmp’: File exists

*******************************************************************************
 [CheckM - tree] Placing bins in reference genome tree.
*******************************************************************************

  Identifying marker genes in 38 bins with 48 threads:
    Finished processing 0 of 38 (0.00%) bins.slurmstepd: error: *** JOB 51033615 ON compute0782 CANCELLED AT 2021-06-30T16:06:26 ***
