metawrap annotate_bins -o ../../metawrap_06222021/BIN_ANNOTATION -t 48 -b ../../metawrap_06222021/REASSEMBLY/reassembled_bins

########################################################################################################################
#####                                          BEGIN ANNNOTAION PIPELINE!                                          #####
########################################################################################################################


------------------------------------------------------------------------------------------------------------------------
-----                              setting up output folder and copything over bins...                             -----
------------------------------------------------------------------------------------------------------------------------

/home-4/yzhan231@jhu.edu/work/yuezhang/lib/metaWRAP/bin/metawrap-scripts/shorten_contig_names.py ../../metawrap_06222021/REASSEMBLY/reassembled_bins/bin.10.orig.fa > ../../metawrap_06222021/BIN_ANNOTATION/tmp_bin.fa

------------------------------------------------------------------------------------------------------------------------
-----                                          NOW ANNOTATING bin.10.orig                                          -----
------------------------------------------------------------------------------------------------------------------------

prokka --quiet --cpus 48 --outdir ../../metawrap_06222021/BIN_ANNOTATION/prokka_out/bin.10.orig --prefix bin.10.orig ../../metawrap_06222021/BIN_ANNOTATION/tmp_bin.fa
perl: symbol lookup error: /software/centos7/usr/lib64/perl5/vendor_perl/auto/Cwd/Cwd.so: undefined symbol: Perl_xs_apiversion_bootcheck

************************************************************************************************************************
*****                 Something possibly went wrong with annotating bin.10.orig. Proceeding anyways                *****
************************************************************************************************************************


************************************************************************************************************************
*****                         Something went wrong with annotating bin.10.orig. Exiting...                         *****
************************************************************************************************************************


real	0m0.755s
user	0m0.077s
sys	0m0.252s
